CRITICAL - 2021-01-17 00:06:40 --> Class 'App\Controllers\Peminjaman_model' not found
#0 E:\perpus\vendor\codeigniter4\framework\system\CodeIgniter.php(918): App\Controllers\Pengembalian->add_new()
#1 E:\perpus\vendor\codeigniter4\framework\system\CodeIgniter.php(404): CodeIgniter\CodeIgniter->runController(Object(App\Controllers\Pengembalian))
#2 E:\perpus\vendor\codeigniter4\framework\system\CodeIgniter.php(312): CodeIgniter\CodeIgniter->handleRequest(NULL, Object(Config\Cache), false)
#3 E:\perpus\public\index.php(45): CodeIgniter\CodeIgniter->run()
#4 E:\perpus\vendor\codeigniter4\framework\system\Commands\Server\rewrite.php(34): require_once('E:\\perpus\\publi...')
#5 {main}
CRITICAL - 2021-01-17 12:29:08 --> syntax error, unexpected '}', expecting ';'
#0 E:\perpus\vendor\codeigniter4\framework\system\Autoloader\Autoloader.php(296): CodeIgniter\Autoloader\Autoloader->requireFile('E:\\perpus\\app\\/...')
#1 E:\perpus\vendor\codeigniter4\framework\system\Autoloader\Autoloader.php(258): CodeIgniter\Autoloader\Autoloader->loadInNamespace('App\\Models\\Pemi...')
#2 [internal function]: CodeIgniter\Autoloader\Autoloader->loadClass('App\\Models\\Pemi...')
#3 E:\perpus\app\Controllers\Peminjaman.php(12): spl_autoload_call('App\\Models\\Pemi...')
#4 E:\perpus\vendor\codeigniter4\framework\system\CodeIgniter.php(918): App\Controllers\Peminjaman->index()
#5 E:\perpus\vendor\codeigniter4\framework\system\CodeIgniter.php(404): CodeIgniter\CodeIgniter->runController(Object(App\Controllers\Peminjaman))
#6 E:\perpus\vendor\codeigniter4\framework\system\CodeIgniter.php(312): CodeIgniter\CodeIgniter->handleRequest(NULL, Object(Config\Cache), false)
#7 E:\perpus\public\index.php(45): CodeIgniter\CodeIgniter->run()
#8 E:\perpus\vendor\codeigniter4\framework\system\Commands\Server\rewrite.php(34): require_once('E:\\perpus\\publi...')
#9 {main}
CRITICAL - 2021-01-17 12:33:55 --> Cannot use object of type stdClass as array
#0 E:\perpus\vendor\codeigniter4\framework\system\View\View.php(246): include()
#1 E:\perpus\vendor\codeigniter4\framework\system\Common.php(1119): CodeIgniter\View\View->render('peminjaman/v_da...', Array, true)
#2 E:\perpus\app\Views\layout\v_content.php(3): view('peminjaman/v_da...')
#3 E:\perpus\vendor\codeigniter4\framework\system\View\View.php(246): include('E:\\perpus\\app\\V...')
#4 E:\perpus\vendor\codeigniter4\framework\system\Common.php(1119): CodeIgniter\View\View->render('layout/v_conten...', Array, true)
#5 E:\perpus\app\Views\layout\v_wrapper.php(5): view('layout/v_conten...')
#6 E:\perpus\vendor\codeigniter4\framework\system\View\View.php(246): include('E:\\perpus\\app\\V...')
#7 E:\perpus\vendor\codeigniter4\framework\system\Common.php(1119): CodeIgniter\View\View->render('layout/v_wrappe...', Array, true)
#8 E:\perpus\app\Controllers\Peminjaman.php(19): view('layout/v_wrappe...', Array)
#9 E:\perpus\vendor\codeigniter4\framework\system\CodeIgniter.php(918): App\Controllers\Peminjaman->index()
#10 E:\perpus\vendor\codeigniter4\framework\system\CodeIgniter.php(404): CodeIgniter\CodeIgniter->runController(Object(App\Controllers\Peminjaman))
#11 E:\perpus\vendor\codeigniter4\framework\system\CodeIgniter.php(312): CodeIgniter\CodeIgniter->handleRequest(NULL, Object(Config\Cache), false)
#12 E:\perpus\public\index.php(45): CodeIgniter\CodeIgniter->run()
#13 E:\perpus\vendor\codeigniter4\framework\system\Commands\Server\rewrite.php(34): require_once('E:\\perpus\\publi...')
#14 {main}
CRITICAL - 2021-01-17 12:35:55 --> Cannot use object of type stdClass as array
#0 E:\perpus\vendor\codeigniter4\framework\system\View\View.php(246): include()
#1 E:\perpus\vendor\codeigniter4\framework\system\Common.php(1119): CodeIgniter\View\View->render('peminjaman/v_da...', Array, true)
#2 E:\perpus\app\Views\layout\v_content.php(3): view('peminjaman/v_da...')
#3 E:\perpus\vendor\codeigniter4\framework\system\View\View.php(246): include('E:\\perpus\\app\\V...')
#4 E:\perpus\vendor\codeigniter4\framework\system\Common.php(1119): CodeIgniter\View\View->render('layout/v_conten...', Array, true)
#5 E:\perpus\app\Views\layout\v_wrapper.php(5): view('layout/v_conten...')
#6 E:\perpus\vendor\codeigniter4\framework\system\View\View.php(246): include('E:\\perpus\\app\\V...')
#7 E:\perpus\vendor\codeigniter4\framework\system\Common.php(1119): CodeIgniter\View\View->render('layout/v_wrappe...', Array, true)
#8 E:\perpus\app\Controllers\Peminjaman.php(19): view('layout/v_wrappe...', Array)
#9 E:\perpus\vendor\codeigniter4\framework\system\CodeIgniter.php(918): App\Controllers\Peminjaman->index()
#10 E:\perpus\vendor\codeigniter4\framework\system\CodeIgniter.php(404): CodeIgniter\CodeIgniter->runController(Object(App\Controllers\Peminjaman))
#11 E:\perpus\vendor\codeigniter4\framework\system\CodeIgniter.php(312): CodeIgniter\CodeIgniter->handleRequest(NULL, Object(Config\Cache), false)
#12 E:\perpus\public\index.php(45): CodeIgniter\CodeIgniter->run()
#13 E:\perpus\vendor\codeigniter4\framework\system\Commands\Server\rewrite.php(34): require_once('E:\\perpus\\publi...')
#14 {main}
CRITICAL - 2021-01-17 12:36:31 --> Trying to get property 'kd_buku' of non-object
#0 E:\perpus\app\Views\peminjaman\v_edit.php(99): CodeIgniter\Debug\Exceptions->errorHandler(8, 'Trying to get p...', 'E:\\perpus\\app\\V...', 99, Array)
#1 E:\perpus\vendor\codeigniter4\framework\system\View\View.php(246): include('E:\\perpus\\app\\V...')
#2 E:\perpus\vendor\codeigniter4\framework\system\Common.php(1119): CodeIgniter\View\View->render('peminjaman/v_ed...', Array, true)
#3 E:\perpus\app\Controllers\Peminjaman.php(62): view('peminjaman/v_ed...', Array)
#4 E:\perpus\vendor\codeigniter4\framework\system\CodeIgniter.php(918): App\Controllers\Peminjaman->edit('1')
#5 E:\perpus\vendor\codeigniter4\framework\system\CodeIgniter.php(404): CodeIgniter\CodeIgniter->runController(Object(App\Controllers\Peminjaman))
#6 E:\perpus\vendor\codeigniter4\framework\system\CodeIgniter.php(312): CodeIgniter\CodeIgniter->handleRequest(NULL, Object(Config\Cache), false)
#7 E:\perpus\public\index.php(45): CodeIgniter\CodeIgniter->run()
#8 E:\perpus\vendor\codeigniter4\framework\system\Commands\Server\rewrite.php(34): require_once('E:\\perpus\\publi...')
#9 {main}
CRITICAL - 2021-01-17 12:38:39 --> Call to undefined method App\Models\Peminjaman_model::updatePeminjaman
#0 E:\perpus\app\Controllers\Peminjaman.php(77): CodeIgniter\Model->__call('updatePeminjama...', Array)
#1 E:\perpus\vendor\codeigniter4\framework\system\CodeIgniter.php(918): App\Controllers\Peminjaman->update()
#2 E:\perpus\vendor\codeigniter4\framework\system\CodeIgniter.php(404): CodeIgniter\CodeIgniter->runController(Object(App\Controllers\Peminjaman))
#3 E:\perpus\vendor\codeigniter4\framework\system\CodeIgniter.php(312): CodeIgniter\CodeIgniter->handleRequest(NULL, Object(Config\Cache), false)
#4 E:\perpus\public\index.php(45): CodeIgniter\CodeIgniter->run()
#5 E:\perpus\vendor\codeigniter4\framework\system\Commands\Server\rewrite.php(34): require_once('E:\\perpus\\publi...')
#6 {main}
CRITICAL - 2021-01-17 12:44:53 --> Undefined index: id_pinjam
#0 E:\perpus\app\Controllers\Peminjaman.php(69): CodeIgniter\Debug\Exceptions->errorHandler(8, 'Undefined index...', 'E:\\perpus\\app\\C...', 69, Array)
#1 E:\perpus\vendor\codeigniter4\framework\system\CodeIgniter.php(918): App\Controllers\Peminjaman->update()
#2 E:\perpus\vendor\codeigniter4\framework\system\CodeIgniter.php(404): CodeIgniter\CodeIgniter->runController(Object(App\Controllers\Peminjaman))
#3 E:\perpus\vendor\codeigniter4\framework\system\CodeIgniter.php(312): CodeIgniter\CodeIgniter->handleRequest(NULL, Object(Config\Cache), false)
#4 E:\perpus\public\index.php(45): CodeIgniter\CodeIgniter->run()
#5 E:\perpus\vendor\codeigniter4\framework\system\Commands\Server\rewrite.php(34): require_once('E:\\perpus\\publi...')
#6 {main}
CRITICAL - 2021-01-17 12:55:48 --> syntax error, unexpected 'class' (T_CLASS), expecting ';' or ','
#0 E:\perpus\vendor\codeigniter4\framework\system\Common.php(1119): CodeIgniter\View\View->render('user/profile_us...', Array, true)
#1 E:\perpus\app\Views\layout\v_content.php(3): view('user/profile_us...')
#2 E:\perpus\vendor\codeigniter4\framework\system\View\View.php(246): include('E:\\perpus\\app\\V...')
#3 E:\perpus\vendor\codeigniter4\framework\system\Common.php(1119): CodeIgniter\View\View->render('layout/v_conten...', Array, true)
#4 E:\perpus\app\Views\layout\v_wrapper.php(5): view('layout/v_conten...')
#5 E:\perpus\vendor\codeigniter4\framework\system\View\View.php(246): include('E:\\perpus\\app\\V...')
#6 E:\perpus\vendor\codeigniter4\framework\system\Common.php(1119): CodeIgniter\View\View->render('layout/v_wrappe...', Array, true)
#7 E:\perpus\app\Controllers\User.php(93): view('layout/v_wrappe...', Array)
#8 E:\perpus\vendor\codeigniter4\framework\system\CodeIgniter.php(918): App\Controllers\User->profil()
#9 E:\perpus\vendor\codeigniter4\framework\system\CodeIgniter.php(404): CodeIgniter\CodeIgniter->runController(Object(App\Controllers\User))
#10 E:\perpus\vendor\codeigniter4\framework\system\CodeIgniter.php(312): CodeIgniter\CodeIgniter->handleRequest(NULL, Object(Config\Cache), false)
#11 E:\perpus\public\index.php(45): CodeIgniter\CodeIgniter->run()
#12 E:\perpus\vendor\codeigniter4\framework\system\Commands\Server\rewrite.php(34): require_once('E:\\perpus\\publi...')
#13 {main}
CRITICAL - 2021-01-17 12:56:12 --> Undefined variable: user
#0 E:\perpus\app\Views\user\profile_user_view.php(49): CodeIgniter\Debug\Exceptions->errorHandler(8, 'Undefined varia...', 'E:\\perpus\\app\\V...', 49, Array)
#1 E:\perpus\vendor\codeigniter4\framework\system\View\View.php(246): include('E:\\perpus\\app\\V...')
#2 E:\perpus\vendor\codeigniter4\framework\system\Common.php(1119): CodeIgniter\View\View->render('user/profile_us...', Array, true)
#3 E:\perpus\app\Views\layout\v_content.php(3): view('user/profile_us...')
#4 E:\perpus\vendor\codeigniter4\framework\system\View\View.php(246): include('E:\\perpus\\app\\V...')
#5 E:\perpus\vendor\codeigniter4\framework\system\Common.php(1119): CodeIgniter\View\View->render('layout/v_conten...', Array, true)
#6 E:\perpus\app\Views\layout\v_wrapper.php(5): view('layout/v_conten...')
#7 E:\perpus\vendor\codeigniter4\framework\system\View\View.php(246): include('E:\\perpus\\app\\V...')
#8 E:\perpus\vendor\codeigniter4\framework\system\Common.php(1119): CodeIgniter\View\View->render('layout/v_wrappe...', Array, true)
#9 E:\perpus\app\Controllers\User.php(93): view('layout/v_wrappe...', Array)
#10 E:\perpus\vendor\codeigniter4\framework\system\CodeIgniter.php(918): App\Controllers\User->profil()
#11 E:\perpus\vendor\codeigniter4\framework\system\CodeIgniter.php(404): CodeIgniter\CodeIgniter->runController(Object(App\Controllers\User))
#12 E:\perpus\vendor\codeigniter4\framework\system\CodeIgniter.php(312): CodeIgniter\CodeIgniter->handleRequest(NULL, Object(Config\Cache), false)
#13 E:\perpus\public\index.php(45): CodeIgniter\CodeIgniter->run()
#14 E:\perpus\vendor\codeigniter4\framework\system\Commands\Server\rewrite.php(34): require_once('E:\\perpus\\publi...')
#15 {main}
CRITICAL - 2021-01-17 13:00:45 --> Undefined variable: peminjaman
#0 E:\perpus\app\Views\pengembalian\v_data.php(26): CodeIgniter\Debug\Exceptions->errorHandler(8, 'Undefined varia...', 'E:\\perpus\\app\\V...', 26, Array)
#1 E:\perpus\vendor\codeigniter4\framework\system\View\View.php(246): include('E:\\perpus\\app\\V...')
#2 E:\perpus\vendor\codeigniter4\framework\system\Common.php(1119): CodeIgniter\View\View->render('pengembalian/v_...', Array, true)
#3 E:\perpus\app\Views\layout\v_content.php(3): view('pengembalian/v_...')
#4 E:\perpus\vendor\codeigniter4\framework\system\View\View.php(246): include('E:\\perpus\\app\\V...')
#5 E:\perpus\vendor\codeigniter4\framework\system\Common.php(1119): CodeIgniter\View\View->render('layout/v_conten...', Array, true)
#6 E:\perpus\app\Views\layout\v_wrapper.php(5): view('layout/v_conten...')
#7 E:\perpus\vendor\codeigniter4\framework\system\View\View.php(246): include('E:\\perpus\\app\\V...')
#8 E:\perpus\vendor\codeigniter4\framework\system\Common.php(1119): CodeIgniter\View\View->render('layout/v_wrappe...', Array, true)
#9 E:\perpus\app\Controllers\Pengembalian.php(19): view('layout/v_wrappe...', Array)
#10 E:\perpus\vendor\codeigniter4\framework\system\CodeIgniter.php(918): App\Controllers\Pengembalian->index()
#11 E:\perpus\vendor\codeigniter4\framework\system\CodeIgniter.php(404): CodeIgniter\CodeIgniter->runController(Object(App\Controllers\Pengembalian))
#12 E:\perpus\vendor\codeigniter4\framework\system\CodeIgniter.php(312): CodeIgniter\CodeIgniter->handleRequest(NULL, Object(Config\Cache), false)
#13 E:\perpus\public\index.php(45): CodeIgniter\CodeIgniter->run()
#14 E:\perpus\vendor\codeigniter4\framework\system\Commands\Server\rewrite.php(34): require_once('E:\\perpus\\publi...')
#15 {main}
CRITICAL - 2021-01-17 13:03:09 --> Undefined variable: peminjaman
#0 E:\perpus\app\Views\pengembalian\v_data.php(26): CodeIgniter\Debug\Exceptions->errorHandler(8, 'Undefined varia...', 'E:\\perpus\\app\\V...', 26, Array)
#1 E:\perpus\vendor\codeigniter4\framework\system\View\View.php(246): include('E:\\perpus\\app\\V...')
#2 E:\perpus\vendor\codeigniter4\framework\system\Common.php(1119): CodeIgniter\View\View->render('pengembalian/v_...', Array, true)
#3 E:\perpus\app\Views\layout\v_content.php(3): view('pengembalian/v_...')
#4 E:\perpus\vendor\codeigniter4\framework\system\View\View.php(246): include('E:\\perpus\\app\\V...')
#5 E:\perpus\vendor\codeigniter4\framework\system\Common.php(1119): CodeIgniter\View\View->render('layout/v_conten...', Array, true)
#6 E:\perpus\app\Views\layout\v_wrapper.php(5): view('layout/v_conten...')
#7 E:\perpus\vendor\codeigniter4\framework\system\View\View.php(246): include('E:\\perpus\\app\\V...')
#8 E:\perpus\vendor\codeigniter4\framework\system\Common.php(1119): CodeIgniter\View\View->render('layout/v_wrappe...', Array, true)
#9 E:\perpus\app\Controllers\Pengembalian.php(19): view('layout/v_wrappe...', Array)
#10 E:\perpus\vendor\codeigniter4\framework\system\CodeIgniter.php(918): App\Controllers\Pengembalian->index()
#11 E:\perpus\vendor\codeigniter4\framework\system\CodeIgniter.php(404): CodeIgniter\CodeIgniter->runController(Object(App\Controllers\Pengembalian))
#12 E:\perpus\vendor\codeigniter4\framework\system\CodeIgniter.php(312): CodeIgniter\CodeIgniter->handleRequest(NULL, Object(Config\Cache), false)
#13 E:\perpus\public\index.php(45): CodeIgniter\CodeIgniter->run()
#14 E:\perpus\vendor\codeigniter4\framework\system\Commands\Server\rewrite.php(34): require_once('E:\\perpus\\publi...')
#15 {main}
CRITICAL - 2021-01-17 13:03:31 --> Undefined variable: peminjaman
#0 E:\perpus\app\Views\pengembalian\v_data.php(26): CodeIgniter\Debug\Exceptions->errorHandler(8, 'Undefined varia...', 'E:\\perpus\\app\\V...', 26, Array)
#1 E:\perpus\vendor\codeigniter4\framework\system\View\View.php(246): include('E:\\perpus\\app\\V...')
#2 E:\perpus\vendor\codeigniter4\framework\system\Common.php(1119): CodeIgniter\View\View->render('pengembalian/v_...', Array, true)
#3 E:\perpus\app\Views\layout\v_content.php(3): view('pengembalian/v_...')
#4 E:\perpus\vendor\codeigniter4\framework\system\View\View.php(246): include('E:\\perpus\\app\\V...')
#5 E:\perpus\vendor\codeigniter4\framework\system\Common.php(1119): CodeIgniter\View\View->render('layout/v_conten...', Array, true)
#6 E:\perpus\app\Views\layout\v_wrapper.php(5): view('layout/v_conten...')
#7 E:\perpus\vendor\codeigniter4\framework\system\View\View.php(246): include('E:\\perpus\\app\\V...')
#8 E:\perpus\vendor\codeigniter4\framework\system\Common.php(1119): CodeIgniter\View\View->render('layout/v_wrappe...', Array, true)
#9 E:\perpus\app\Controllers\Pengembalian.php(19): view('layout/v_wrappe...', Array)
#10 E:\perpus\vendor\codeigniter4\framework\system\CodeIgniter.php(918): App\Controllers\Pengembalian->index()
#11 E:\perpus\vendor\codeigniter4\framework\system\CodeIgniter.php(404): CodeIgniter\CodeIgniter->runController(Object(App\Controllers\Pengembalian))
#12 E:\perpus\vendor\codeigniter4\framework\system\CodeIgniter.php(312): CodeIgniter\CodeIgniter->handleRequest(NULL, Object(Config\Cache), false)
#13 E:\perpus\public\index.php(45): CodeIgniter\CodeIgniter->run()
#14 E:\perpus\vendor\codeigniter4\framework\system\Commands\Server\rewrite.php(34): require_once('E:\\perpus\\publi...')
#15 {main}
CRITICAL - 2021-01-17 13:17:49 --> syntax error, unexpected '$model' (T_VARIABLE), expecting ')'
#0 E:\perpus\vendor\codeigniter4\framework\system\Router\Router.php(195): CodeIgniter\Router\Router->autoRoute('peminjaman/add_...')
#1 E:\perpus\vendor\codeigniter4\framework\system\CodeIgniter.php(793): CodeIgniter\Router\Router->handle('peminjaman/add_...')
#2 E:\perpus\vendor\codeigniter4\framework\system\CodeIgniter.php(364): CodeIgniter\CodeIgniter->tryToRouteIt(Object(CodeIgniter\Router\RouteCollection))
#3 E:\perpus\vendor\codeigniter4\framework\system\CodeIgniter.php(312): CodeIgniter\CodeIgniter->handleRequest(NULL, Object(Config\Cache), false)
#4 E:\perpus\public\index.php(45): CodeIgniter\CodeIgniter->run()
#5 E:\perpus\vendor\codeigniter4\framework\system\Commands\Server\rewrite.php(34): require_once('E:\\perpus\\publi...')
#6 {main}
CRITICAL - 2021-01-17 13:19:31 --> syntax error, unexpected '$model' (T_VARIABLE)
#0 E:\perpus\vendor\codeigniter4\framework\system\Router\Router.php(195): CodeIgniter\Router\Router->autoRoute('peminjaman/add_...')
#1 E:\perpus\vendor\codeigniter4\framework\system\CodeIgniter.php(793): CodeIgniter\Router\Router->handle('peminjaman/add_...')
#2 E:\perpus\vendor\codeigniter4\framework\system\CodeIgniter.php(364): CodeIgniter\CodeIgniter->tryToRouteIt(Object(CodeIgniter\Router\RouteCollection))
#3 E:\perpus\vendor\codeigniter4\framework\system\CodeIgniter.php(312): CodeIgniter\CodeIgniter->handleRequest(NULL, Object(Config\Cache), false)
#4 E:\perpus\public\index.php(45): CodeIgniter\CodeIgniter->run()
#5 E:\perpus\vendor\codeigniter4\framework\system\Commands\Server\rewrite.php(34): require_once('E:\\perpus\\publi...')
#6 {main}
CRITICAL - 2021-01-17 13:37:37 --> Invalid file: pengembalian/v_kembali.php
#0 E:\perpus\vendor\codeigniter4\framework\system\View\View.php(228): CodeIgniter\Exceptions\FrameworkException::forInvalidFile('pengembalian/v_...')
#1 E:\perpus\vendor\codeigniter4\framework\system\Common.php(1119): CodeIgniter\View\View->render('pengembalian/v_...', Array, true)
#2 E:\perpus\app\Controllers\Pengembalian.php(33): view('pengembalian/v_...', Array)
#3 E:\perpus\vendor\codeigniter4\framework\system\CodeIgniter.php(918): App\Controllers\Pengembalian->add_new()
#4 E:\perpus\vendor\codeigniter4\framework\system\CodeIgniter.php(404): CodeIgniter\CodeIgniter->runController(Object(App\Controllers\Pengembalian))
#5 E:\perpus\vendor\codeigniter4\framework\system\CodeIgniter.php(312): CodeIgniter\CodeIgniter->handleRequest(NULL, Object(Config\Cache), false)
#6 E:\perpus\public\index.php(45): CodeIgniter\CodeIgniter->run()
#7 E:\perpus\vendor\codeigniter4\framework\system\Commands\Server\rewrite.php(34): require_once('E:\\perpus\\publi...')
#8 {main}
CRITICAL - 2021-01-17 14:12:09 --> Undefined property: stdClass::$nama_anggota
#0 E:\perpus\app\Views\peminjaman\v_data.php(29): CodeIgniter\Debug\Exceptions->errorHandler(8, 'Undefined prope...', 'E:\\perpus\\app\\V...', 29, Array)
#1 E:\perpus\vendor\codeigniter4\framework\system\View\View.php(246): include('E:\\perpus\\app\\V...')
#2 E:\perpus\vendor\codeigniter4\framework\system\Common.php(1119): CodeIgniter\View\View->render('peminjaman/v_da...', Array, true)
#3 E:\perpus\app\Views\layout\v_content.php(3): view('peminjaman/v_da...')
#4 E:\perpus\vendor\codeigniter4\framework\system\View\View.php(246): include('E:\\perpus\\app\\V...')
#5 E:\perpus\vendor\codeigniter4\framework\system\Common.php(1119): CodeIgniter\View\View->render('layout/v_conten...', Array, true)
#6 E:\perpus\app\Views\layout\v_wrapper.php(5): view('layout/v_conten...')
#7 E:\perpus\vendor\codeigniter4\framework\system\View\View.php(246): include('E:\\perpus\\app\\V...')
#8 E:\perpus\vendor\codeigniter4\framework\system\Common.php(1119): CodeIgniter\View\View->render('layout/v_wrappe...', Array, true)
#9 E:\perpus\app\Controllers\Peminjaman.php(19): view('layout/v_wrappe...', Array)
#10 E:\perpus\vendor\codeigniter4\framework\system\CodeIgniter.php(918): App\Controllers\Peminjaman->index()
#11 E:\perpus\vendor\codeigniter4\framework\system\CodeIgniter.php(404): CodeIgniter\CodeIgniter->runController(Object(App\Controllers\Peminjaman))
#12 E:\perpus\vendor\codeigniter4\framework\system\CodeIgniter.php(312): CodeIgniter\CodeIgniter->handleRequest(NULL, Object(Config\Cache), false)
#13 E:\perpus\public\index.php(45): CodeIgniter\CodeIgniter->run()
#14 E:\perpus\vendor\codeigniter4\framework\system\Commands\Server\rewrite.php(34): require_once('E:\\perpus\\publi...')
#15 {main}
CRITICAL - 2021-01-17 14:18:00 --> Cannot redeclare App\Models\Pengembalian_model::getPengembalian()
#0 [internal function]: CodeIgniter\Debug\Exceptions->shutdownHandler()
#1 {main}
CRITICAL - 2021-01-17 14:20:44 --> Cannot redeclare App\Models\Pengembalian_model::getPengembalian()
#0 [internal function]: CodeIgniter\Debug\Exceptions->shutdownHandler()
#1 {main}
CRITICAL - 2021-01-17 14:28:02 --> Cannot redeclare App\Models\Pengembalian_model::getPengembalian()
#0 [internal function]: CodeIgniter\Debug\Exceptions->shutdownHandler()
#1 {main}
CRITICAL - 2021-01-17 14:33:00 --> Cannot use object of type stdClass as array
#0 E:\perpus\vendor\codeigniter4\framework\system\View\View.php(246): include()
#1 E:\perpus\vendor\codeigniter4\framework\system\Common.php(1119): CodeIgniter\View\View->render('pengembalian/v_...', Array, true)
#2 E:\perpus\app\Controllers\Pengembalian.php(27): view('pengembalian/v_...', Array)
#3 E:\perpus\vendor\codeigniter4\framework\system\CodeIgniter.php(918): App\Controllers\Pengembalian->add_new()
#4 E:\perpus\vendor\codeigniter4\framework\system\CodeIgniter.php(404): CodeIgniter\CodeIgniter->runController(Object(App\Controllers\Pengembalian))
#5 E:\perpus\vendor\codeigniter4\framework\system\CodeIgniter.php(312): CodeIgniter\CodeIgniter->handleRequest(NULL, Object(Config\Cache), false)
#6 E:\perpus\public\index.php(45): CodeIgniter\CodeIgniter->run()
#7 E:\perpus\vendor\codeigniter4\framework\system\Commands\Server\rewrite.php(34): require_once('E:\\perpus\\publi...')
#8 {main}
CRITICAL - 2021-01-17 14:33:50 --> Undefined variable: anggota
#0 E:\perpus\app\Views\pengembalian\v_kembali.php(112): CodeIgniter\Debug\Exceptions->errorHandler(8, 'Undefined varia...', 'E:\\perpus\\app\\V...', 112, Array)
#1 E:\perpus\vendor\codeigniter4\framework\system\View\View.php(246): include('E:\\perpus\\app\\V...')
#2 E:\perpus\vendor\codeigniter4\framework\system\Common.php(1119): CodeIgniter\View\View->render('pengembalian/v_...', Array, true)
#3 E:\perpus\app\Controllers\Pengembalian.php(27): view('pengembalian/v_...', Array)
#4 E:\perpus\vendor\codeigniter4\framework\system\CodeIgniter.php(918): App\Controllers\Pengembalian->add_new()
#5 E:\perpus\vendor\codeigniter4\framework\system\CodeIgniter.php(404): CodeIgniter\CodeIgniter->runController(Object(App\Controllers\Pengembalian))
#6 E:\perpus\vendor\codeigniter4\framework\system\CodeIgniter.php(312): CodeIgniter\CodeIgniter->handleRequest(NULL, Object(Config\Cache), false)
#7 E:\perpus\public\index.php(45): CodeIgniter\CodeIgniter->run()
#8 E:\perpus\vendor\codeigniter4\framework\system\Commands\Server\rewrite.php(34): require_once('E:\\perpus\\publi...')
#9 {main}
CRITICAL - 2021-01-17 14:47:57 --> syntax error, unexpected 'if' (T_IF), expecting ';'
#0 E:\perpus\vendor\codeigniter4\framework\system\Autoloader\Autoloader.php(296): CodeIgniter\Autoloader\Autoloader->requireFile('E:\\perpus\\app\\/...')
#1 E:\perpus\vendor\codeigniter4\framework\system\Autoloader\Autoloader.php(258): CodeIgniter\Autoloader\Autoloader->loadInNamespace('App\\Models\\Peng...')
#2 [internal function]: CodeIgniter\Autoloader\Autoloader->loadClass('App\\Models\\Peng...')
#3 E:\perpus\app\Controllers\Pengembalian.php(21): spl_autoload_call('App\\Models\\Peng...')
#4 E:\perpus\vendor\codeigniter4\framework\system\CodeIgniter.php(918): App\Controllers\Pengembalian->add_new()
#5 E:\perpus\vendor\codeigniter4\framework\system\CodeIgniter.php(404): CodeIgniter\CodeIgniter->runController(Object(App\Controllers\Pengembalian))
#6 E:\perpus\vendor\codeigniter4\framework\system\CodeIgniter.php(312): CodeIgniter\CodeIgniter->handleRequest(NULL, Object(Config\Cache), false)
#7 E:\perpus\public\index.php(45): CodeIgniter\CodeIgniter->run()
#8 E:\perpus\vendor\codeigniter4\framework\system\Commands\Server\rewrite.php(34): require_once('E:\\perpus\\publi...')
#9 {main}
CRITICAL - 2021-01-17 14:49:41 --> syntax error, unexpected '}'
#0 E:\perpus\vendor\codeigniter4\framework\system\Autoloader\Autoloader.php(296): CodeIgniter\Autoloader\Autoloader->requireFile('E:\\perpus\\app\\/...')
#1 E:\perpus\vendor\codeigniter4\framework\system\Autoloader\Autoloader.php(258): CodeIgniter\Autoloader\Autoloader->loadInNamespace('App\\Models\\Peng...')
#2 [internal function]: CodeIgniter\Autoloader\Autoloader->loadClass('App\\Models\\Peng...')
#3 E:\perpus\app\Controllers\Pengembalian.php(21): spl_autoload_call('App\\Models\\Peng...')
#4 E:\perpus\vendor\codeigniter4\framework\system\CodeIgniter.php(918): App\Controllers\Pengembalian->add_new()
#5 E:\perpus\vendor\codeigniter4\framework\system\CodeIgniter.php(404): CodeIgniter\CodeIgniter->runController(Object(App\Controllers\Pengembalian))
#6 E:\perpus\vendor\codeigniter4\framework\system\CodeIgniter.php(312): CodeIgniter\CodeIgniter->handleRequest(NULL, Object(Config\Cache), false)
#7 E:\perpus\public\index.php(45): CodeIgniter\CodeIgniter->run()
#8 E:\perpus\vendor\codeigniter4\framework\system\Commands\Server\rewrite.php(34): require_once('E:\\perpus\\publi...')
#9 {main}
CRITICAL - 2021-01-17 14:53:22 --> Undefined variable: model
#0 E:\perpus\app\Controllers\Pengembalian.php(25): CodeIgniter\Debug\Exceptions->errorHandler(8, 'Undefined varia...', 'E:\\perpus\\app\\C...', 25, Array)
#1 E:\perpus\vendor\codeigniter4\framework\system\CodeIgniter.php(918): App\Controllers\Pengembalian->add_new()
#2 E:\perpus\vendor\codeigniter4\framework\system\CodeIgniter.php(404): CodeIgniter\CodeIgniter->runController(Object(App\Controllers\Pengembalian))
#3 E:\perpus\vendor\codeigniter4\framework\system\CodeIgniter.php(312): CodeIgniter\CodeIgniter->handleRequest(NULL, Object(Config\Cache), false)
#4 E:\perpus\public\index.php(45): CodeIgniter\CodeIgniter->run()
#5 E:\perpus\vendor\codeigniter4\framework\system\Commands\Server\rewrite.php(34): require_once('E:\\perpus\\publi...')
#6 {main}
CRITICAL - 2021-01-17 14:53:56 --> Call to undefined method CodeIgniter\Database\MySQLi\Connection::where()
#0 E:\perpus\app\Controllers\Pengembalian.php(25): App\Models\Pengembalian_model->getDataPinjam()
#1 E:\perpus\vendor\codeigniter4\framework\system\CodeIgniter.php(918): App\Controllers\Pengembalian->add_new()
#2 E:\perpus\vendor\codeigniter4\framework\system\CodeIgniter.php(404): CodeIgniter\CodeIgniter->runController(Object(App\Controllers\Pengembalian))
#3 E:\perpus\vendor\codeigniter4\framework\system\CodeIgniter.php(312): CodeIgniter\CodeIgniter->handleRequest(NULL, Object(Config\Cache), false)
#4 E:\perpus\public\index.php(45): CodeIgniter\CodeIgniter->run()
#5 E:\perpus\vendor\codeigniter4\framework\system\Commands\Server\rewrite.php(34): require_once('E:\\perpus\\publi...')
#6 {main}
CRITICAL - 2021-01-17 14:54:24 --> Call to undefined method CodeIgniter\Database\MySQLi\Connection::get()
#0 E:\perpus\app\Controllers\Pengembalian.php(25): App\Models\Pengembalian_model->getDataPinjam()
#1 E:\perpus\vendor\codeigniter4\framework\system\CodeIgniter.php(918): App\Controllers\Pengembalian->add_new()
#2 E:\perpus\vendor\codeigniter4\framework\system\CodeIgniter.php(404): CodeIgniter\CodeIgniter->runController(Object(App\Controllers\Pengembalian))
#3 E:\perpus\vendor\codeigniter4\framework\system\CodeIgniter.php(312): CodeIgniter\CodeIgniter->handleRequest(NULL, Object(Config\Cache), false)
#4 E:\perpus\public\index.php(45): CodeIgniter\CodeIgniter->run()
#5 E:\perpus\vendor\codeigniter4\framework\system\Commands\Server\rewrite.php(34): require_once('E:\\perpus\\publi...')
#6 {main}
CRITICAL - 2021-01-17 14:54:36 --> Unknown column 'tb_pinjam.stts_buku' in 'where clause'
#0 E:\perpus\vendor\codeigniter4\framework\system\Database\MySQLi\Connection.php(331): mysqli->query('SELECT *\nFROM `...')
#1 E:\perpus\vendor\codeigniter4\framework\system\Database\BaseConnection.php(741): CodeIgniter\Database\MySQLi\Connection->execute('SELECT *\nFROM `...')
#2 E:\perpus\vendor\codeigniter4\framework\system\Database\BaseConnection.php(669): CodeIgniter\Database\BaseConnection->simpleQuery('SELECT *\nFROM `...')
#3 E:\perpus\vendor\codeigniter4\framework\system\Database\BaseBuilder.php(1860): CodeIgniter\Database\BaseConnection->query('SELECT *\nFROM `...', Array, false)
#4 E:\perpus\vendor\codeigniter4\framework\system\Model.php(1818): CodeIgniter\Database\BaseBuilder->get()
#5 E:\perpus\app\Models\Pengembalian_model.php(35): CodeIgniter\Model->__call('get', Array)
#6 E:\perpus\app\Controllers\Pengembalian.php(25): App\Models\Pengembalian_model->getDataPinjam()
#7 E:\perpus\vendor\codeigniter4\framework\system\CodeIgniter.php(918): App\Controllers\Pengembalian->add_new()
#8 E:\perpus\vendor\codeigniter4\framework\system\CodeIgniter.php(404): CodeIgniter\CodeIgniter->runController(Object(App\Controllers\Pengembalian))
#9 E:\perpus\vendor\codeigniter4\framework\system\CodeIgniter.php(312): CodeIgniter\CodeIgniter->handleRequest(NULL, Object(Config\Cache), false)
#10 E:\perpus\public\index.php(45): CodeIgniter\CodeIgniter->run()
#11 E:\perpus\vendor\codeigniter4\framework\system\Commands\Server\rewrite.php(34): require_once('E:\\perpus\\publi...')
#12 {main}
CRITICAL - 2021-01-17 14:54:48 --> Undefined variable: peminjaman
#0 E:\perpus\app\Views\pengembalian\v_kembali.php(102): CodeIgniter\Debug\Exceptions->errorHandler(8, 'Undefined varia...', 'E:\\perpus\\app\\V...', 102, Array)
#1 E:\perpus\vendor\codeigniter4\framework\system\View\View.php(246): include('E:\\perpus\\app\\V...')
#2 E:\perpus\vendor\codeigniter4\framework\system\Common.php(1119): CodeIgniter\View\View->render('pengembalian/v_...', Array, true)
#3 E:\perpus\app\Controllers\Pengembalian.php(27): view('pengembalian/v_...', Array)
#4 E:\perpus\vendor\codeigniter4\framework\system\CodeIgniter.php(918): App\Controllers\Pengembalian->add_new()
#5 E:\perpus\vendor\codeigniter4\framework\system\CodeIgniter.php(404): CodeIgniter\CodeIgniter->runController(Object(App\Controllers\Pengembalian))
#6 E:\perpus\vendor\codeigniter4\framework\system\CodeIgniter.php(312): CodeIgniter\CodeIgniter->handleRequest(NULL, Object(Config\Cache), false)
#7 E:\perpus\public\index.php(45): CodeIgniter\CodeIgniter->run()
#8 E:\perpus\vendor\codeigniter4\framework\system\Commands\Server\rewrite.php(34): require_once('E:\\perpus\\publi...')
#9 {main}
CRITICAL - 2021-01-17 14:57:54 --> Call to a member function getResult() on array
#0 E:\perpus\vendor\codeigniter4\framework\system\CodeIgniter.php(918): App\Controllers\Pengembalian->add_new()
#1 E:\perpus\vendor\codeigniter4\framework\system\CodeIgniter.php(404): CodeIgniter\CodeIgniter->runController(Object(App\Controllers\Pengembalian))
#2 E:\perpus\vendor\codeigniter4\framework\system\CodeIgniter.php(312): CodeIgniter\CodeIgniter->handleRequest(NULL, Object(Config\Cache), false)
#3 E:\perpus\public\index.php(45): CodeIgniter\CodeIgniter->run()
#4 E:\perpus\vendor\codeigniter4\framework\system\Commands\Server\rewrite.php(34): require_once('E:\\perpus\\publi...')
#5 {main}
CRITICAL - 2021-01-17 15:08:44 --> Call to undefined method CodeIgniter\Database\MySQLi\Result::get()
#0 E:\perpus\app\Controllers\Pengembalian.php(25): App\Models\Pengembalian_model->getDataPinjam()
#1 E:\perpus\vendor\codeigniter4\framework\system\CodeIgniter.php(918): App\Controllers\Pengembalian->add_new()
#2 E:\perpus\vendor\codeigniter4\framework\system\CodeIgniter.php(404): CodeIgniter\CodeIgniter->runController(Object(App\Controllers\Pengembalian))
#3 E:\perpus\vendor\codeigniter4\framework\system\CodeIgniter.php(312): CodeIgniter\CodeIgniter->handleRequest(NULL, Object(Config\Cache), false)
#4 E:\perpus\public\index.php(45): CodeIgniter\CodeIgniter->run()
#5 E:\perpus\vendor\codeigniter4\framework\system\Commands\Server\rewrite.php(34): require_once('E:\\perpus\\publi...')
#6 {main}
CRITICAL - 2021-01-17 15:11:02 --> Undefined variable: getPost
#0 E:\perpus\app\Controllers\Pengembalian.php(80): CodeIgniter\Debug\Exceptions->errorHandler(8, 'Undefined varia...', 'E:\\perpus\\app\\C...', 80, Array)
#1 E:\perpus\vendor\codeigniter4\framework\system\CodeIgniter.php(918): App\Controllers\Pengembalian->denda()
#2 E:\perpus\vendor\codeigniter4\framework\system\CodeIgniter.php(404): CodeIgniter\CodeIgniter->runController(Object(App\Controllers\Pengembalian))
#3 E:\perpus\vendor\codeigniter4\framework\system\CodeIgniter.php(312): CodeIgniter\CodeIgniter->handleRequest(NULL, Object(Config\Cache), false)
#4 E:\perpus\public\index.php(45): CodeIgniter\CodeIgniter->run()
#5 E:\perpus\vendor\codeigniter4\framework\system\Commands\Server\rewrite.php(34): require_once('E:\\perpus\\publi...')
#6 {main}
CRITICAL - 2021-01-17 15:11:58 --> Call to undefined method App\Controllers\Pengembalian::getPost()
#0 E:\perpus\vendor\codeigniter4\framework\system\CodeIgniter.php(918): App\Controllers\Pengembalian->denda()
#1 E:\perpus\vendor\codeigniter4\framework\system\CodeIgniter.php(404): CodeIgniter\CodeIgniter->runController(Object(App\Controllers\Pengembalian))
#2 E:\perpus\vendor\codeigniter4\framework\system\CodeIgniter.php(312): CodeIgniter\CodeIgniter->handleRequest(NULL, Object(Config\Cache), false)
#3 E:\perpus\public\index.php(45): CodeIgniter\CodeIgniter->run()
#4 E:\perpus\vendor\codeigniter4\framework\system\Commands\Server\rewrite.php(34): require_once('E:\\perpus\\publi...')
#5 {main}
CRITICAL - 2021-01-17 15:12:29 --> Undefined variable: model_p
#0 E:\perpus\app\Controllers\Pengembalian.php(82): CodeIgniter\Debug\Exceptions->errorHandler(8, 'Undefined varia...', 'E:\\perpus\\app\\C...', 82, Array)
#1 E:\perpus\vendor\codeigniter4\framework\system\CodeIgniter.php(918): App\Controllers\Pengembalian->denda()
#2 E:\perpus\vendor\codeigniter4\framework\system\CodeIgniter.php(404): CodeIgniter\CodeIgniter->runController(Object(App\Controllers\Pengembalian))
#3 E:\perpus\vendor\codeigniter4\framework\system\CodeIgniter.php(312): CodeIgniter\CodeIgniter->handleRequest(NULL, Object(Config\Cache), false)
#4 E:\perpus\public\index.php(45): CodeIgniter\CodeIgniter->run()
#5 E:\perpus\vendor\codeigniter4\framework\system\Commands\Server\rewrite.php(34): require_once('E:\\perpus\\publi...')
#6 {main}
CRITICAL - 2021-01-17 15:18:45 --> Argument 2 passed to CodeIgniter\HTTP\RedirectResponse::to() must be of the type int or null, array given, called in E:\perpus\app\Controllers\Pengembalian.php on line 85
#0 E:\perpus\app\Controllers\Pengembalian.php(85): CodeIgniter\HTTP\RedirectResponse->to('/pengembalian/v...', Array)
#1 E:\perpus\vendor\codeigniter4\framework\system\CodeIgniter.php(918): App\Controllers\Pengembalian->denda()
#2 E:\perpus\vendor\codeigniter4\framework\system\CodeIgniter.php(404): CodeIgniter\CodeIgniter->runController(Object(App\Controllers\Pengembalian))
#3 E:\perpus\vendor\codeigniter4\framework\system\CodeIgniter.php(312): CodeIgniter\CodeIgniter->handleRequest(NULL, Object(Config\Cache), false)
#4 E:\perpus\public\index.php(45): CodeIgniter\CodeIgniter->run()
#5 E:\perpus\vendor\codeigniter4\framework\system\Commands\Server\rewrite.php(34): require_once('E:\\perpus\\publi...')
#6 {main}
CRITICAL - 2021-01-17 15:34:09 --> Call to a member function getRow() on array
#0 E:\perpus\vendor\codeigniter4\framework\system\CodeIgniter.php(918): App\Controllers\Pengembalian->denda()
#1 E:\perpus\vendor\codeigniter4\framework\system\CodeIgniter.php(404): CodeIgniter\CodeIgniter->runController(Object(App\Controllers\Pengembalian))
#2 E:\perpus\vendor\codeigniter4\framework\system\CodeIgniter.php(312): CodeIgniter\CodeIgniter->handleRequest(NULL, Object(Config\Cache), false)
#3 E:\perpus\public\index.php(45): CodeIgniter\CodeIgniter->run()
#4 E:\perpus\vendor\codeigniter4\framework\system\Commands\Server\rewrite.php(34): require_once('E:\\perpus\\publi...')
#5 {main}
CRITICAL - 2021-01-17 15:35:51 --> Call to a member function getRow() on array
#0 E:\perpus\vendor\codeigniter4\framework\system\CodeIgniter.php(918): App\Controllers\Pengembalian->denda()
#1 E:\perpus\vendor\codeigniter4\framework\system\CodeIgniter.php(404): CodeIgniter\CodeIgniter->runController(Object(App\Controllers\Pengembalian))
#2 E:\perpus\vendor\codeigniter4\framework\system\CodeIgniter.php(312): CodeIgniter\CodeIgniter->handleRequest(NULL, Object(Config\Cache), false)
#3 E:\perpus\public\index.php(45): CodeIgniter\CodeIgniter->run()
#4 E:\perpus\vendor\codeigniter4\framework\system\Commands\Server\rewrite.php(34): require_once('E:\\perpus\\publi...')
#5 {main}
CRITICAL - 2021-01-17 15:37:38 --> Call to a member function getRow() on array
#0 E:\perpus\vendor\codeigniter4\framework\system\CodeIgniter.php(918): App\Controllers\Pengembalian->denda()
#1 E:\perpus\vendor\codeigniter4\framework\system\CodeIgniter.php(404): CodeIgniter\CodeIgniter->runController(Object(App\Controllers\Pengembalian))
#2 E:\perpus\vendor\codeigniter4\framework\system\CodeIgniter.php(312): CodeIgniter\CodeIgniter->handleRequest(NULL, Object(Config\Cache), false)
#3 E:\perpus\public\index.php(45): CodeIgniter\CodeIgniter->run()
#4 E:\perpus\vendor\codeigniter4\framework\system\Commands\Server\rewrite.php(34): require_once('E:\\perpus\\publi...')
#5 {main}
CRITICAL - 2021-01-17 15:38:13 --> Call to a member function getRow() on array
#0 E:\perpus\vendor\codeigniter4\framework\system\CodeIgniter.php(918): App\Controllers\Pengembalian->denda()
#1 E:\perpus\vendor\codeigniter4\framework\system\CodeIgniter.php(404): CodeIgniter\CodeIgniter->runController(Object(App\Controllers\Pengembalian))
#2 E:\perpus\vendor\codeigniter4\framework\system\CodeIgniter.php(312): CodeIgniter\CodeIgniter->handleRequest(NULL, Object(Config\Cache), false)
#3 E:\perpus\public\index.php(45): CodeIgniter\CodeIgniter->run()
#4 E:\perpus\vendor\codeigniter4\framework\system\Commands\Server\rewrite.php(34): require_once('E:\\perpus\\publi...')
#5 {main}
CRITICAL - 2021-01-17 15:38:47 --> Trying to get property 'id_pinjam' of non-object
#0 E:\perpus\app\Views\pengembalian\v_denda.php(99): CodeIgniter\Debug\Exceptions->errorHandler(8, 'Trying to get p...', 'E:\\perpus\\app\\V...', 99, Array)
#1 E:\perpus\vendor\codeigniter4\framework\system\View\View.php(246): include('E:\\perpus\\app\\V...')
#2 E:\perpus\vendor\codeigniter4\framework\system\Common.php(1119): CodeIgniter\View\View->render('/pengembalian/v...', Array, true)
#3 E:\perpus\app\Controllers\Pengembalian.php(85): view('/pengembalian/v...', Array)
#4 E:\perpus\vendor\codeigniter4\framework\system\CodeIgniter.php(918): App\Controllers\Pengembalian->denda()
#5 E:\perpus\vendor\codeigniter4\framework\system\CodeIgniter.php(404): CodeIgniter\CodeIgniter->runController(Object(App\Controllers\Pengembalian))
#6 E:\perpus\vendor\codeigniter4\framework\system\CodeIgniter.php(312): CodeIgniter\CodeIgniter->handleRequest(NULL, Object(Config\Cache), false)
#7 E:\perpus\public\index.php(45): CodeIgniter\CodeIgniter->run()
#8 E:\perpus\vendor\codeigniter4\framework\system\Commands\Server\rewrite.php(34): require_once('E:\\perpus\\publi...')
#9 {main}
CRITICAL - 2021-01-17 15:39:41 --> Trying to get property 'id_pinjam' of non-object
#0 E:\perpus\app\Views\pengembalian\v_denda.php(99): CodeIgniter\Debug\Exceptions->errorHandler(8, 'Trying to get p...', 'E:\\perpus\\app\\V...', 99, Array)
#1 E:\perpus\vendor\codeigniter4\framework\system\View\View.php(246): include('E:\\perpus\\app\\V...')
#2 E:\perpus\vendor\codeigniter4\framework\system\Common.php(1119): CodeIgniter\View\View->render('/pengembalian/v...', Array, true)
#3 E:\perpus\app\Controllers\Pengembalian.php(85): view('/pengembalian/v...', Array)
#4 E:\perpus\vendor\codeigniter4\framework\system\CodeIgniter.php(918): App\Controllers\Pengembalian->denda()
#5 E:\perpus\vendor\codeigniter4\framework\system\CodeIgniter.php(404): CodeIgniter\CodeIgniter->runController(Object(App\Controllers\Pengembalian))
#6 E:\perpus\vendor\codeigniter4\framework\system\CodeIgniter.php(312): CodeIgniter\CodeIgniter->handleRequest(NULL, Object(Config\Cache), false)
#7 E:\perpus\public\index.php(45): CodeIgniter\CodeIgniter->run()
#8 E:\perpus\vendor\codeigniter4\framework\system\Commands\Server\rewrite.php(34): require_once('E:\\perpus\\publi...')
#9 {main}
CRITICAL - 2021-01-17 15:40:20 --> Undefined index: id_pinjam
#0 E:\perpus\app\Views\pengembalian\v_denda.php(99): CodeIgniter\Debug\Exceptions->errorHandler(8, 'Undefined index...', 'E:\\perpus\\app\\V...', 99, Array)
#1 E:\perpus\vendor\codeigniter4\framework\system\View\View.php(246): include('E:\\perpus\\app\\V...')
#2 E:\perpus\vendor\codeigniter4\framework\system\Common.php(1119): CodeIgniter\View\View->render('/pengembalian/v...', Array, true)
#3 E:\perpus\app\Controllers\Pengembalian.php(85): view('/pengembalian/v...', Array)
#4 E:\perpus\vendor\codeigniter4\framework\system\CodeIgniter.php(918): App\Controllers\Pengembalian->denda()
#5 E:\perpus\vendor\codeigniter4\framework\system\CodeIgniter.php(404): CodeIgniter\CodeIgniter->runController(Object(App\Controllers\Pengembalian))
#6 E:\perpus\vendor\codeigniter4\framework\system\CodeIgniter.php(312): CodeIgniter\CodeIgniter->handleRequest(NULL, Object(Config\Cache), false)
#7 E:\perpus\public\index.php(45): CodeIgniter\CodeIgniter->run()
#8 E:\perpus\vendor\codeigniter4\framework\system\Commands\Server\rewrite.php(34): require_once('E:\\perpus\\publi...')
#9 {main}
CRITICAL - 2021-01-17 15:42:28 --> Undefined property: App\Controllers\Pengembalian::$db
#0 E:\perpus\app\Controllers\Pengembalian.php(83): CodeIgniter\Debug\Exceptions->errorHandler(8, 'Undefined prope...', 'E:\\perpus\\app\\C...', 83, Array)
#1 E:\perpus\vendor\codeigniter4\framework\system\CodeIgniter.php(918): App\Controllers\Pengembalian->denda()
#2 E:\perpus\vendor\codeigniter4\framework\system\CodeIgniter.php(404): CodeIgniter\CodeIgniter->runController(Object(App\Controllers\Pengembalian))
#3 E:\perpus\vendor\codeigniter4\framework\system\CodeIgniter.php(312): CodeIgniter\CodeIgniter->handleRequest(NULL, Object(Config\Cache), false)
#4 E:\perpus\public\index.php(45): CodeIgniter\CodeIgniter->run()
#5 E:\perpus\vendor\codeigniter4\framework\system\Commands\Server\rewrite.php(34): require_once('E:\\perpus\\publi...')
#6 {main}
CRITICAL - 2021-01-17 15:43:17 --> Call to undefined method App\Controllers\Pengembalian::table()
#0 E:\perpus\vendor\codeigniter4\framework\system\CodeIgniter.php(918): App\Controllers\Pengembalian->denda()
#1 E:\perpus\vendor\codeigniter4\framework\system\CodeIgniter.php(404): CodeIgniter\CodeIgniter->runController(Object(App\Controllers\Pengembalian))
#2 E:\perpus\vendor\codeigniter4\framework\system\CodeIgniter.php(312): CodeIgniter\CodeIgniter->handleRequest(NULL, Object(Config\Cache), false)
#3 E:\perpus\public\index.php(45): CodeIgniter\CodeIgniter->run()
#4 E:\perpus\vendor\codeigniter4\framework\system\Commands\Server\rewrite.php(34): require_once('E:\\perpus\\publi...')
#5 {main}
CRITICAL - 2021-01-17 15:43:48 --> Undefined property: App\Controllers\Pengembalian::$db
#0 E:\perpus\app\Controllers\Pengembalian.php(83): CodeIgniter\Debug\Exceptions->errorHandler(8, 'Undefined prope...', 'E:\\perpus\\app\\C...', 83, Array)
#1 E:\perpus\vendor\codeigniter4\framework\system\CodeIgniter.php(918): App\Controllers\Pengembalian->denda()
#2 E:\perpus\vendor\codeigniter4\framework\system\CodeIgniter.php(404): CodeIgniter\CodeIgniter->runController(Object(App\Controllers\Pengembalian))
#3 E:\perpus\vendor\codeigniter4\framework\system\CodeIgniter.php(312): CodeIgniter\CodeIgniter->handleRequest(NULL, Object(Config\Cache), false)
#4 E:\perpus\public\index.php(45): CodeIgniter\CodeIgniter->run()
#5 E:\perpus\vendor\codeigniter4\framework\system\Commands\Server\rewrite.php(34): require_once('E:\\perpus\\publi...')
#6 {main}
CRITICAL - 2021-01-17 15:44:47 --> Call to a member function getRow() on array
#0 E:\perpus\vendor\codeigniter4\framework\system\CodeIgniter.php(918): App\Controllers\Pengembalian->denda()
#1 E:\perpus\vendor\codeigniter4\framework\system\CodeIgniter.php(404): CodeIgniter\CodeIgniter->runController(Object(App\Controllers\Pengembalian))
#2 E:\perpus\vendor\codeigniter4\framework\system\CodeIgniter.php(312): CodeIgniter\CodeIgniter->handleRequest(NULL, Object(Config\Cache), false)
#3 E:\perpus\public\index.php(45): CodeIgniter\CodeIgniter->run()
#4 E:\perpus\vendor\codeigniter4\framework\system\Commands\Server\rewrite.php(34): require_once('E:\\perpus\\publi...')
#5 {main}
CRITICAL - 2021-01-17 15:45:26 --> Call to a member function getRow() on array
#0 E:\perpus\vendor\codeigniter4\framework\system\CodeIgniter.php(918): App\Controllers\Pengembalian->denda()
#1 E:\perpus\vendor\codeigniter4\framework\system\CodeIgniter.php(404): CodeIgniter\CodeIgniter->runController(Object(App\Controllers\Pengembalian))
#2 E:\perpus\vendor\codeigniter4\framework\system\CodeIgniter.php(312): CodeIgniter\CodeIgniter->handleRequest(NULL, Object(Config\Cache), false)
#3 E:\perpus\public\index.php(45): CodeIgniter\CodeIgniter->run()
#4 E:\perpus\vendor\codeigniter4\framework\system\Commands\Server\rewrite.php(34): require_once('E:\\perpus\\publi...')
#5 {main}
CRITICAL - 2021-01-17 16:23:23 --> Cannot use object of type stdClass as array
#0 E:\perpus\vendor\codeigniter4\framework\system\View\View.php(246): include()
#1 E:\perpus\vendor\codeigniter4\framework\system\Common.php(1119): CodeIgniter\View\View->render('pengembalian/v_...', Array, true)
#2 E:\perpus\app\Controllers\Pengembalian.php(27): view('pengembalian/v_...', Array)
#3 E:\perpus\vendor\codeigniter4\framework\system\CodeIgniter.php(918): App\Controllers\Pengembalian->add_new()
#4 E:\perpus\vendor\codeigniter4\framework\system\CodeIgniter.php(404): CodeIgniter\CodeIgniter->runController(Object(App\Controllers\Pengembalian))
#5 E:\perpus\vendor\codeigniter4\framework\system\CodeIgniter.php(312): CodeIgniter\CodeIgniter->handleRequest(NULL, Object(Config\Cache), false)
#6 E:\perpus\public\index.php(45): CodeIgniter\CodeIgniter->run()
#7 E:\perpus\vendor\codeigniter4\framework\system\Commands\Server\rewrite.php(34): require_once('E:\\perpus\\publi...')
#8 {main}
CRITICAL - 2021-01-17 16:24:23 --> Cannot use object of type stdClass as array
#0 E:\perpus\vendor\codeigniter4\framework\system\View\View.php(246): include()
#1 E:\perpus\vendor\codeigniter4\framework\system\Common.php(1119): CodeIgniter\View\View->render('pengembalian/v_...', Array, true)
#2 E:\perpus\app\Controllers\Pengembalian.php(27): view('pengembalian/v_...', Array)
#3 E:\perpus\vendor\codeigniter4\framework\system\CodeIgniter.php(918): App\Controllers\Pengembalian->add_new()
#4 E:\perpus\vendor\codeigniter4\framework\system\CodeIgniter.php(404): CodeIgniter\CodeIgniter->runController(Object(App\Controllers\Pengembalian))
#5 E:\perpus\vendor\codeigniter4\framework\system\CodeIgniter.php(312): CodeIgniter\CodeIgniter->handleRequest(NULL, Object(Config\Cache), false)
#6 E:\perpus\public\index.php(45): CodeIgniter\CodeIgniter->run()
#7 E:\perpus\vendor\codeigniter4\framework\system\Commands\Server\rewrite.php(34): require_once('E:\\perpus\\publi...')
#8 {main}
CRITICAL - 2021-01-17 16:27:57 --> Cannot use object of type stdClass as array
#0 E:\perpus\vendor\codeigniter4\framework\system\View\View.php(246): include()
#1 E:\perpus\vendor\codeigniter4\framework\system\Common.php(1119): CodeIgniter\View\View->render('/pengembalian/v...', Array, true)
#2 E:\perpus\app\Controllers\Pengembalian.php(85): view('/pengembalian/v...', Array)
#3 E:\perpus\vendor\codeigniter4\framework\system\CodeIgniter.php(918): App\Controllers\Pengembalian->denda()
#4 E:\perpus\vendor\codeigniter4\framework\system\CodeIgniter.php(404): CodeIgniter\CodeIgniter->runController(Object(App\Controllers\Pengembalian))
#5 E:\perpus\vendor\codeigniter4\framework\system\CodeIgniter.php(312): CodeIgniter\CodeIgniter->handleRequest(NULL, Object(Config\Cache), false)
#6 E:\perpus\public\index.php(45): CodeIgniter\CodeIgniter->run()
#7 E:\perpus\vendor\codeigniter4\framework\system\Commands\Server\rewrite.php(34): require_once('E:\\perpus\\publi...')
#8 {main}
CRITICAL - 2021-01-17 16:29:17 --> Call to a member function getRow() on array
#0 E:\perpus\vendor\codeigniter4\framework\system\CodeIgniter.php(918): App\Controllers\Pengembalian->denda()
#1 E:\perpus\vendor\codeigniter4\framework\system\CodeIgniter.php(404): CodeIgniter\CodeIgniter->runController(Object(App\Controllers\Pengembalian))
#2 E:\perpus\vendor\codeigniter4\framework\system\CodeIgniter.php(312): CodeIgniter\CodeIgniter->handleRequest(NULL, Object(Config\Cache), false)
#3 E:\perpus\public\index.php(45): CodeIgniter\CodeIgniter->run()
#4 E:\perpus\vendor\codeigniter4\framework\system\Commands\Server\rewrite.php(34): require_once('E:\\perpus\\publi...')
#5 {main}
CRITICAL - 2021-01-17 16:35:58 --> date_diff() expects parameter 1 to be DateTimeInterface, string given
#0 [internal function]: CodeIgniter\Debug\Exceptions->errorHandler(2, 'date_diff() exp...', 'E:\\perpus\\app\\V...', 111, Array)
#1 E:\perpus\app\Views\pengembalian\v_denda.php(111): date_diff('2021-01-02', '2021-01-17')
#2 E:\perpus\vendor\codeigniter4\framework\system\View\View.php(246): include('E:\\perpus\\app\\V...')
#3 E:\perpus\vendor\codeigniter4\framework\system\Common.php(1119): CodeIgniter\View\View->render('/pengembalian/v...', Array, true)
#4 E:\perpus\app\Controllers\Pengembalian.php(85): view('/pengembalian/v...', Array)
#5 E:\perpus\vendor\codeigniter4\framework\system\CodeIgniter.php(918): App\Controllers\Pengembalian->denda()
#6 E:\perpus\vendor\codeigniter4\framework\system\CodeIgniter.php(404): CodeIgniter\CodeIgniter->runController(Object(App\Controllers\Pengembalian))
#7 E:\perpus\vendor\codeigniter4\framework\system\CodeIgniter.php(312): CodeIgniter\CodeIgniter->handleRequest(NULL, Object(Config\Cache), false)
#8 E:\perpus\public\index.php(45): CodeIgniter\CodeIgniter->run()
#9 E:\perpus\vendor\codeigniter4\framework\system\Commands\Server\rewrite.php(34): require_once('E:\\perpus\\publi...')
#10 {main}
CRITICAL - 2021-01-17 16:36:52 --> syntax error, unexpected '?>', expecting ')'
#0 E:\perpus\vendor\codeigniter4\framework\system\Common.php(1119): CodeIgniter\View\View->render('/pengembalian/v...', Array, true)
#1 E:\perpus\app\Controllers\Pengembalian.php(85): view('/pengembalian/v...', Array)
#2 E:\perpus\vendor\codeigniter4\framework\system\CodeIgniter.php(918): App\Controllers\Pengembalian->denda()
#3 E:\perpus\vendor\codeigniter4\framework\system\CodeIgniter.php(404): CodeIgniter\CodeIgniter->runController(Object(App\Controllers\Pengembalian))
#4 E:\perpus\vendor\codeigniter4\framework\system\CodeIgniter.php(312): CodeIgniter\CodeIgniter->handleRequest(NULL, Object(Config\Cache), false)
#5 E:\perpus\public\index.php(45): CodeIgniter\CodeIgniter->run()
#6 E:\perpus\vendor\codeigniter4\framework\system\Commands\Server\rewrite.php(34): require_once('E:\\perpus\\publi...')
#7 {main}
CRITICAL - 2021-01-17 16:37:09 --> date_diff() expects parameter 1 to be DateTimeInterface, string given
#0 [internal function]: CodeIgniter\Debug\Exceptions->errorHandler(2, 'date_diff() exp...', 'E:\\perpus\\app\\V...', 111, Array)
#1 E:\perpus\app\Views\pengembalian\v_denda.php(111): date_diff('2021-01-02', '2021-01-17')
#2 E:\perpus\vendor\codeigniter4\framework\system\View\View.php(246): include('E:\\perpus\\app\\V...')
#3 E:\perpus\vendor\codeigniter4\framework\system\Common.php(1119): CodeIgniter\View\View->render('/pengembalian/v...', Array, true)
#4 E:\perpus\app\Controllers\Pengembalian.php(85): view('/pengembalian/v...', Array)
#5 E:\perpus\vendor\codeigniter4\framework\system\CodeIgniter.php(918): App\Controllers\Pengembalian->denda()
#6 E:\perpus\vendor\codeigniter4\framework\system\CodeIgniter.php(404): CodeIgniter\CodeIgniter->runController(Object(App\Controllers\Pengembalian))
#7 E:\perpus\vendor\codeigniter4\framework\system\CodeIgniter.php(312): CodeIgniter\CodeIgniter->handleRequest(NULL, Object(Config\Cache), false)
#8 E:\perpus\public\index.php(45): CodeIgniter\CodeIgniter->run()
#9 E:\perpus\vendor\codeigniter4\framework\system\Commands\Server\rewrite.php(34): require_once('E:\\perpus\\publi...')
#10 {main}
CRITICAL - 2021-01-17 16:38:14 --> syntax error, unexpected ','
#0 E:\perpus\vendor\codeigniter4\framework\system\Common.php(1119): CodeIgniter\View\View->render('/pengembalian/v...', Array, true)
#1 E:\perpus\app\Controllers\Pengembalian.php(85): view('/pengembalian/v...', Array)
#2 E:\perpus\vendor\codeigniter4\framework\system\CodeIgniter.php(918): App\Controllers\Pengembalian->denda()
#3 E:\perpus\vendor\codeigniter4\framework\system\CodeIgniter.php(404): CodeIgniter\CodeIgniter->runController(Object(App\Controllers\Pengembalian))
#4 E:\perpus\vendor\codeigniter4\framework\system\CodeIgniter.php(312): CodeIgniter\CodeIgniter->handleRequest(NULL, Object(Config\Cache), false)
#5 E:\perpus\public\index.php(45): CodeIgniter\CodeIgniter->run()
#6 E:\perpus\vendor\codeigniter4\framework\system\Commands\Server\rewrite.php(34): require_once('E:\\perpus\\publi...')
#7 {main}
CRITICAL - 2021-01-17 16:39:21 --> Object of class DateInterval could not be converted to string
#0 E:\perpus\vendor\codeigniter4\framework\system\View\View.php(246): include()
#1 E:\perpus\vendor\codeigniter4\framework\system\Common.php(1119): CodeIgniter\View\View->render('/pengembalian/v...', Array, true)
#2 E:\perpus\app\Controllers\Pengembalian.php(85): view('/pengembalian/v...', Array)
#3 E:\perpus\vendor\codeigniter4\framework\system\CodeIgniter.php(918): App\Controllers\Pengembalian->denda()
#4 E:\perpus\vendor\codeigniter4\framework\system\CodeIgniter.php(404): CodeIgniter\CodeIgniter->runController(Object(App\Controllers\Pengembalian))
#5 E:\perpus\vendor\codeigniter4\framework\system\CodeIgniter.php(312): CodeIgniter\CodeIgniter->handleRequest(NULL, Object(Config\Cache), false)
#6 E:\perpus\public\index.php(45): CodeIgniter\CodeIgniter->run()
#7 E:\perpus\vendor\codeigniter4\framework\system\Commands\Server\rewrite.php(34): require_once('E:\\perpus\\publi...')
#8 {main}
CRITICAL - 2021-01-17 16:40:43 --> Object of class DateInterval could not be converted to string
#0 E:\perpus\vendor\codeigniter4\framework\system\View\View.php(246): include()
#1 E:\perpus\vendor\codeigniter4\framework\system\Common.php(1119): CodeIgniter\View\View->render('/pengembalian/v...', Array, true)
#2 E:\perpus\app\Controllers\Pengembalian.php(85): view('/pengembalian/v...', Array)
#3 E:\perpus\vendor\codeigniter4\framework\system\CodeIgniter.php(918): App\Controllers\Pengembalian->denda()
#4 E:\perpus\vendor\codeigniter4\framework\system\CodeIgniter.php(404): CodeIgniter\CodeIgniter->runController(Object(App\Controllers\Pengembalian))
#5 E:\perpus\vendor\codeigniter4\framework\system\CodeIgniter.php(312): CodeIgniter\CodeIgniter->handleRequest(NULL, Object(Config\Cache), false)
#6 E:\perpus\public\index.php(45): CodeIgniter\CodeIgniter->run()
#7 E:\perpus\vendor\codeigniter4\framework\system\Commands\Server\rewrite.php(34): require_once('E:\\perpus\\publi...')
#8 {main}
CRITICAL - 2021-01-17 16:40:49 --> Object of class DateInterval could not be converted to string
#0 E:\perpus\vendor\codeigniter4\framework\system\View\View.php(246): include()
#1 E:\perpus\vendor\codeigniter4\framework\system\Common.php(1119): CodeIgniter\View\View->render('/pengembalian/v...', Array, true)
#2 E:\perpus\app\Controllers\Pengembalian.php(85): view('/pengembalian/v...', Array)
#3 E:\perpus\vendor\codeigniter4\framework\system\CodeIgniter.php(918): App\Controllers\Pengembalian->denda()
#4 E:\perpus\vendor\codeigniter4\framework\system\CodeIgniter.php(404): CodeIgniter\CodeIgniter->runController(Object(App\Controllers\Pengembalian))
#5 E:\perpus\vendor\codeigniter4\framework\system\CodeIgniter.php(312): CodeIgniter\CodeIgniter->handleRequest(NULL, Object(Config\Cache), false)
#6 E:\perpus\public\index.php(45): CodeIgniter\CodeIgniter->run()
#7 E:\perpus\vendor\codeigniter4\framework\system\Commands\Server\rewrite.php(34): require_once('E:\\perpus\\publi...')
#8 {main}
CRITICAL - 2021-01-17 16:55:12 --> Undefined property: App\Controllers\Pengembalian::$db
#0 E:\perpus\app\Controllers\Pengembalian.php(36): CodeIgniter\Debug\Exceptions->errorHandler(8, 'Undefined prope...', 'E:\\perpus\\app\\C...', 36, Array)
#1 E:\perpus\vendor\codeigniter4\framework\system\CodeIgniter.php(918): App\Controllers\Pengembalian->save()
#2 E:\perpus\vendor\codeigniter4\framework\system\CodeIgniter.php(404): CodeIgniter\CodeIgniter->runController(Object(App\Controllers\Pengembalian))
#3 E:\perpus\vendor\codeigniter4\framework\system\CodeIgniter.php(312): CodeIgniter\CodeIgniter->handleRequest(NULL, Object(Config\Cache), false)
#4 E:\perpus\public\index.php(45): CodeIgniter\CodeIgniter->run()
#5 E:\perpus\vendor\codeigniter4\framework\system\Commands\Server\rewrite.php(34): require_once('E:\\perpus\\publi...')
#6 {main}
CRITICAL - 2021-01-17 16:59:14 --> Column 'stts_buku' cannot be null
#0 E:\perpus\vendor\codeigniter4\framework\system\Database\MySQLi\Connection.php(331): mysqli->query('INSERT INTO `tb...')
#1 E:\perpus\vendor\codeigniter4\framework\system\Database\BaseConnection.php(741): CodeIgniter\Database\MySQLi\Connection->execute('INSERT INTO `tb...')
#2 E:\perpus\vendor\codeigniter4\framework\system\Database\BaseConnection.php(669): CodeIgniter\Database\BaseConnection->simpleQuery('INSERT INTO `tb...')
#3 E:\perpus\vendor\codeigniter4\framework\system\Database\BaseBuilder.php(2249): CodeIgniter\Database\BaseConnection->query('INSERT INTO `tb...', Array, false)
#4 E:\perpus\app\Models\Pengembalian_model.php(44): CodeIgniter\Database\BaseBuilder->insert(Array)
#5 E:\perpus\app\Controllers\Pengembalian.php(46): App\Models\Pengembalian_model->savePengembalian(Array)
#6 E:\perpus\vendor\codeigniter4\framework\system\CodeIgniter.php(918): App\Controllers\Pengembalian->save()
#7 E:\perpus\vendor\codeigniter4\framework\system\CodeIgniter.php(404): CodeIgniter\CodeIgniter->runController(Object(App\Controllers\Pengembalian))
#8 E:\perpus\vendor\codeigniter4\framework\system\CodeIgniter.php(312): CodeIgniter\CodeIgniter->handleRequest(NULL, Object(Config\Cache), false)
#9 E:\perpus\public\index.php(45): CodeIgniter\CodeIgniter->run()
#10 E:\perpus\vendor\codeigniter4\framework\system\Commands\Server\rewrite.php(34): require_once('E:\\perpus\\publi...')
#11 {main}
CRITICAL - 2021-01-17 16:59:28 --> Column 'stts_buku' cannot be null
#0 E:\perpus\vendor\codeigniter4\framework\system\Database\MySQLi\Connection.php(331): mysqli->query('INSERT INTO `tb...')
#1 E:\perpus\vendor\codeigniter4\framework\system\Database\BaseConnection.php(741): CodeIgniter\Database\MySQLi\Connection->execute('INSERT INTO `tb...')
#2 E:\perpus\vendor\codeigniter4\framework\system\Database\BaseConnection.php(669): CodeIgniter\Database\BaseConnection->simpleQuery('INSERT INTO `tb...')
#3 E:\perpus\vendor\codeigniter4\framework\system\Database\BaseBuilder.php(2249): CodeIgniter\Database\BaseConnection->query('INSERT INTO `tb...', Array, false)
#4 E:\perpus\app\Models\Pengembalian_model.php(44): CodeIgniter\Database\BaseBuilder->insert(Array)
#5 E:\perpus\app\Controllers\Pengembalian.php(46): App\Models\Pengembalian_model->savePengembalian(Array)
#6 E:\perpus\vendor\codeigniter4\framework\system\CodeIgniter.php(918): App\Controllers\Pengembalian->save()
#7 E:\perpus\vendor\codeigniter4\framework\system\CodeIgniter.php(404): CodeIgniter\CodeIgniter->runController(Object(App\Controllers\Pengembalian))
#8 E:\perpus\vendor\codeigniter4\framework\system\CodeIgniter.php(312): CodeIgniter\CodeIgniter->handleRequest(NULL, Object(Config\Cache), false)
#9 E:\perpus\public\index.php(45): CodeIgniter\CodeIgniter->run()
#10 E:\perpus\vendor\codeigniter4\framework\system\Commands\Server\rewrite.php(34): require_once('E:\\perpus\\publi...')
#11 {main}
CRITICAL - 2021-01-17 17:01:02 --> Undefined variable: pengembalian
#0 E:\perpus\app\Views\pengembalian\v_data.php(28): CodeIgniter\Debug\Exceptions->errorHandler(8, 'Undefined varia...', 'E:\\perpus\\app\\V...', 28, Array)
#1 E:\perpus\vendor\codeigniter4\framework\system\View\View.php(246): include('E:\\perpus\\app\\V...')
#2 E:\perpus\vendor\codeigniter4\framework\system\Common.php(1119): CodeIgniter\View\View->render('pengembalian/v_...', Array, true)
#3 E:\perpus\app\Views\layout\v_content.php(3): view('pengembalian/v_...')
#4 E:\perpus\vendor\codeigniter4\framework\system\View\View.php(246): include('E:\\perpus\\app\\V...')
#5 E:\perpus\vendor\codeigniter4\framework\system\Common.php(1119): CodeIgniter\View\View->render('layout/v_conten...', Array, true)
#6 E:\perpus\app\Views\layout\v_wrapper.php(5): view('layout/v_conten...')
#7 E:\perpus\vendor\codeigniter4\framework\system\View\View.php(246): include('E:\\perpus\\app\\V...')
#8 E:\perpus\vendor\codeigniter4\framework\system\Common.php(1119): CodeIgniter\View\View->render('layout/v_wrappe...', Array, true)
#9 E:\perpus\app\Controllers\Pengembalian.php(17): view('layout/v_wrappe...', Array)
#10 E:\perpus\vendor\codeigniter4\framework\system\CodeIgniter.php(918): App\Controllers\Pengembalian->index()
#11 E:\perpus\vendor\codeigniter4\framework\system\CodeIgniter.php(404): CodeIgniter\CodeIgniter->runController(Object(App\Controllers\Pengembalian))
#12 E:\perpus\vendor\codeigniter4\framework\system\CodeIgniter.php(312): CodeIgniter\CodeIgniter->handleRequest(NULL, Object(Config\Cache), false)
#13 E:\perpus\public\index.php(45): CodeIgniter\CodeIgniter->run()
#14 E:\perpus\vendor\codeigniter4\framework\system\Commands\Server\rewrite.php(34): require_once('E:\\perpus\\publi...')
#15 {main}
CRITICAL - 2021-01-17 17:01:45 --> Undefined property: stdClass::$jdl_buku
#0 E:\perpus\app\Views\pengembalian\v_data.php(31): CodeIgniter\Debug\Exceptions->errorHandler(8, 'Undefined prope...', 'E:\\perpus\\app\\V...', 31, Array)
#1 E:\perpus\vendor\codeigniter4\framework\system\View\View.php(246): include('E:\\perpus\\app\\V...')
#2 E:\perpus\vendor\codeigniter4\framework\system\Common.php(1119): CodeIgniter\View\View->render('pengembalian/v_...', Array, true)
#3 E:\perpus\app\Views\layout\v_content.php(3): view('pengembalian/v_...')
#4 E:\perpus\vendor\codeigniter4\framework\system\View\View.php(246): include('E:\\perpus\\app\\V...')
#5 E:\perpus\vendor\codeigniter4\framework\system\Common.php(1119): CodeIgniter\View\View->render('layout/v_conten...', Array, true)
#6 E:\perpus\app\Views\layout\v_wrapper.php(5): view('layout/v_conten...')
#7 E:\perpus\vendor\codeigniter4\framework\system\View\View.php(246): include('E:\\perpus\\app\\V...')
#8 E:\perpus\vendor\codeigniter4\framework\system\Common.php(1119): CodeIgniter\View\View->render('layout/v_wrappe...', Array, true)
#9 E:\perpus\app\Controllers\Pengembalian.php(18): view('layout/v_wrappe...', Array)
#10 E:\perpus\vendor\codeigniter4\framework\system\CodeIgniter.php(918): App\Controllers\Pengembalian->index()
#11 E:\perpus\vendor\codeigniter4\framework\system\CodeIgniter.php(404): CodeIgniter\CodeIgniter->runController(Object(App\Controllers\Pengembalian))
#12 E:\perpus\vendor\codeigniter4\framework\system\CodeIgniter.php(312): CodeIgniter\CodeIgniter->handleRequest(NULL, Object(Config\Cache), false)
#13 E:\perpus\public\index.php(45): CodeIgniter\CodeIgniter->run()
#14 E:\perpus\vendor\codeigniter4\framework\system\Commands\Server\rewrite.php(34): require_once('E:\\perpus\\publi...')
#15 {main}
CRITICAL - 2021-01-17 17:02:36 --> Undefined property: stdClass::$jdl_buku
#0 E:\perpus\app\Views\pengembalian\v_data.php(31): CodeIgniter\Debug\Exceptions->errorHandler(8, 'Undefined prope...', 'E:\\perpus\\app\\V...', 31, Array)
#1 E:\perpus\vendor\codeigniter4\framework\system\View\View.php(246): include('E:\\perpus\\app\\V...')
#2 E:\perpus\vendor\codeigniter4\framework\system\Common.php(1119): CodeIgniter\View\View->render('pengembalian/v_...', Array, true)
#3 E:\perpus\app\Views\layout\v_content.php(3): view('pengembalian/v_...')
#4 E:\perpus\vendor\codeigniter4\framework\system\View\View.php(246): include('E:\\perpus\\app\\V...')
#5 E:\perpus\vendor\codeigniter4\framework\system\Common.php(1119): CodeIgniter\View\View->render('layout/v_conten...', Array, true)
#6 E:\perpus\app\Views\layout\v_wrapper.php(5): view('layout/v_conten...')
#7 E:\perpus\vendor\codeigniter4\framework\system\View\View.php(246): include('E:\\perpus\\app\\V...')
#8 E:\perpus\vendor\codeigniter4\framework\system\Common.php(1119): CodeIgniter\View\View->render('layout/v_wrappe...', Array, true)
#9 E:\perpus\app\Controllers\Pengembalian.php(18): view('layout/v_wrappe...', Array)
#10 E:\perpus\vendor\codeigniter4\framework\system\CodeIgniter.php(918): App\Controllers\Pengembalian->index()
#11 E:\perpus\vendor\codeigniter4\framework\system\CodeIgniter.php(404): CodeIgniter\CodeIgniter->runController(Object(App\Controllers\Pengembalian))
#12 E:\perpus\vendor\codeigniter4\framework\system\CodeIgniter.php(312): CodeIgniter\CodeIgniter->handleRequest(NULL, Object(Config\Cache), false)
#13 E:\perpus\public\index.php(45): CodeIgniter\CodeIgniter->run()
#14 E:\perpus\vendor\codeigniter4\framework\system\Commands\Server\rewrite.php(34): require_once('E:\\perpus\\publi...')
#15 {main}
CRITICAL - 2021-01-17 17:07:09 --> Table 'perpustakaan.tb_anggota' doesn't exist
#0 E:\perpus\vendor\codeigniter4\framework\system\Database\MySQLi\Connection.php(331): mysqli->query('SELECT *\nFROM `...')
#1 E:\perpus\vendor\codeigniter4\framework\system\Database\BaseConnection.php(741): CodeIgniter\Database\MySQLi\Connection->execute('SELECT *\nFROM `...')
#2 E:\perpus\vendor\codeigniter4\framework\system\Database\BaseConnection.php(669): CodeIgniter\Database\BaseConnection->simpleQuery('SELECT *\nFROM `...')
#3 E:\perpus\vendor\codeigniter4\framework\system\Database\BaseBuilder.php(1860): CodeIgniter\Database\BaseConnection->query('SELECT *\nFROM `...', Array, false)
#4 E:\perpus\vendor\codeigniter4\framework\system\Model.php(1818): CodeIgniter\Database\BaseBuilder->get()
#5 E:\perpus\app\Models\Pengembalian_model.php(18): CodeIgniter\Model->__call('get', Array)
#6 E:\perpus\app\Controllers\Pengembalian.php(14): App\Models\Pengembalian_model->getPengembalian()
#7 E:\perpus\vendor\codeigniter4\framework\system\CodeIgniter.php(918): App\Controllers\Pengembalian->index()
#8 E:\perpus\vendor\codeigniter4\framework\system\CodeIgniter.php(404): CodeIgniter\CodeIgniter->runController(Object(App\Controllers\Pengembalian))
#9 E:\perpus\vendor\codeigniter4\framework\system\CodeIgniter.php(312): CodeIgniter\CodeIgniter->handleRequest(NULL, Object(Config\Cache), false)
#10 E:\perpus\public\index.php(45): CodeIgniter\CodeIgniter->run()
#11 E:\perpus\vendor\codeigniter4\framework\system\Commands\Server\rewrite.php(34): require_once('E:\\perpus\\publi...')
#12 {main}
CRITICAL - 2021-01-17 17:17:48 --> Undefined property: stdClass::$nama_anggota
#0 E:\perpus\app\Views\peminjaman\v_data.php(29): CodeIgniter\Debug\Exceptions->errorHandler(8, 'Undefined prope...', 'E:\\perpus\\app\\V...', 29, Array)
#1 E:\perpus\vendor\codeigniter4\framework\system\View\View.php(246): include('E:\\perpus\\app\\V...')
#2 E:\perpus\vendor\codeigniter4\framework\system\Common.php(1119): CodeIgniter\View\View->render('peminjaman/v_da...', Array, true)
#3 E:\perpus\app\Views\layout\v_content.php(3): view('peminjaman/v_da...')
#4 E:\perpus\vendor\codeigniter4\framework\system\View\View.php(246): include('E:\\perpus\\app\\V...')
#5 E:\perpus\vendor\codeigniter4\framework\system\Common.php(1119): CodeIgniter\View\View->render('layout/v_conten...', Array, true)
#6 E:\perpus\app\Views\layout\v_wrapper.php(5): view('layout/v_conten...')
#7 E:\perpus\vendor\codeigniter4\framework\system\View\View.php(246): include('E:\\perpus\\app\\V...')
#8 E:\perpus\vendor\codeigniter4\framework\system\Common.php(1119): CodeIgniter\View\View->render('layout/v_wrappe...', Array, true)
#9 E:\perpus\app\Controllers\Peminjaman.php(19): view('layout/v_wrappe...', Array)
#10 E:\perpus\vendor\codeigniter4\framework\system\CodeIgniter.php(918): App\Controllers\Peminjaman->index()
#11 E:\perpus\vendor\codeigniter4\framework\system\CodeIgniter.php(404): CodeIgniter\CodeIgniter->runController(Object(App\Controllers\Peminjaman))
#12 E:\perpus\vendor\codeigniter4\framework\system\CodeIgniter.php(312): CodeIgniter\CodeIgniter->handleRequest(NULL, Object(Config\Cache), false)
#13 E:\perpus\public\index.php(45): CodeIgniter\CodeIgniter->run()
#14 E:\perpus\vendor\codeigniter4\framework\system\Commands\Server\rewrite.php(34): require_once('E:\\perpus\\publi...')
#15 {main}
CRITICAL - 2021-01-17 17:36:09 --> Undefined variable: peminjaman
#0 E:\perpus\app\Views\pengembalian\v_edit.php(99): CodeIgniter\Debug\Exceptions->errorHandler(8, 'Undefined varia...', 'E:\\perpus\\app\\V...', 99, Array)
#1 E:\perpus\vendor\codeigniter4\framework\system\View\View.php(246): include('E:\\perpus\\app\\V...')
#2 E:\perpus\vendor\codeigniter4\framework\system\Common.php(1119): CodeIgniter\View\View->render('pengembalian/v_...', Array, true)
#3 E:\perpus\app\Controllers\Pengembalian.php(61): view('pengembalian/v_...', Array)
#4 E:\perpus\vendor\codeigniter4\framework\system\CodeIgniter.php(918): App\Controllers\Pengembalian->edit('2')
#5 E:\perpus\vendor\codeigniter4\framework\system\CodeIgniter.php(404): CodeIgniter\CodeIgniter->runController(Object(App\Controllers\Pengembalian))
#6 E:\perpus\vendor\codeigniter4\framework\system\CodeIgniter.php(312): CodeIgniter\CodeIgniter->handleRequest(NULL, Object(Config\Cache), false)
#7 E:\perpus\public\index.php(45): CodeIgniter\CodeIgniter->run()
#8 E:\perpus\vendor\codeigniter4\framework\system\Commands\Server\rewrite.php(34): require_once('E:\\perpus\\publi...')
#9 {main}
CRITICAL - 2021-01-17 17:43:13 --> Undefined variable: buku
#0 E:\perpus\app\Views\peminjaman\v_edit.php(102): CodeIgniter\Debug\Exceptions->errorHandler(8, 'Undefined varia...', 'E:\\perpus\\app\\V...', 102, Array)
#1 E:\perpus\vendor\codeigniter4\framework\system\View\View.php(246): include('E:\\perpus\\app\\V...')
#2 E:\perpus\vendor\codeigniter4\framework\system\Common.php(1119): CodeIgniter\View\View->render('peminjaman/v_ed...', Array, true)
#3 E:\perpus\app\Controllers\Peminjaman.php(61): view('peminjaman/v_ed...', Array)
#4 E:\perpus\vendor\codeigniter4\framework\system\CodeIgniter.php(918): App\Controllers\Peminjaman->edit('3')
#5 E:\perpus\vendor\codeigniter4\framework\system\CodeIgniter.php(404): CodeIgniter\CodeIgniter->runController(Object(App\Controllers\Peminjaman))
#6 E:\perpus\vendor\codeigniter4\framework\system\CodeIgniter.php(312): CodeIgniter\CodeIgniter->handleRequest(NULL, Object(Config\Cache), false)
#7 E:\perpus\public\index.php(45): CodeIgniter\CodeIgniter->run()
#8 E:\perpus\vendor\codeigniter4\framework\system\Commands\Server\rewrite.php(34): require_once('E:\\perpus\\publi...')
#9 {main}
CRITICAL - 2021-01-17 17:45:30 --> Undefined variable: buku
#0 E:\perpus\app\Views\peminjaman\v_edit.php(102): CodeIgniter\Debug\Exceptions->errorHandler(8, 'Undefined varia...', 'E:\\perpus\\app\\V...', 102, Array)
#1 E:\perpus\vendor\codeigniter4\framework\system\View\View.php(246): include('E:\\perpus\\app\\V...')
#2 E:\perpus\vendor\codeigniter4\framework\system\Common.php(1119): CodeIgniter\View\View->render('peminjaman/v_ed...', Array, true)
#3 E:\perpus\app\Controllers\Peminjaman.php(61): view('peminjaman/v_ed...', Array)
#4 E:\perpus\vendor\codeigniter4\framework\system\CodeIgniter.php(918): App\Controllers\Peminjaman->edit('3')
#5 E:\perpus\vendor\codeigniter4\framework\system\CodeIgniter.php(404): CodeIgniter\CodeIgniter->runController(Object(App\Controllers\Peminjaman))
#6 E:\perpus\vendor\codeigniter4\framework\system\CodeIgniter.php(312): CodeIgniter\CodeIgniter->handleRequest(NULL, Object(Config\Cache), false)
#7 E:\perpus\public\index.php(45): CodeIgniter\CodeIgniter->run()
#8 E:\perpus\vendor\codeigniter4\framework\system\Commands\Server\rewrite.php(34): require_once('E:\\perpus\\publi...')
#9 {main}
