CRITICAL - 2021-01-13 12:09:34 --> Call to undefined method App\Controllers\BaseController::construct()
#0 E:\perpus\vendor\codeigniter4\framework\system\CodeIgniter.php(890): App\Controllers\Peminjaman->__construct()
#1 E:\perpus\vendor\codeigniter4\framework\system\CodeIgniter.php(399): CodeIgniter\CodeIgniter->createController()
#2 E:\perpus\vendor\codeigniter4\framework\system\CodeIgniter.php(312): CodeIgniter\CodeIgniter->handleRequest(NULL, Object(Config\Cache), false)
#3 E:\perpus\public\index.php(45): CodeIgniter\CodeIgniter->run()
#4 E:\perpus\vendor\codeigniter4\framework\system\Commands\Server\rewrite.php(34): require_once('E:\\perpus\\publi...')
#5 {main}
CRITICAL - 2021-01-13 12:10:01 --> Cannot call constructor
#0 E:\perpus\vendor\codeigniter4\framework\system\CodeIgniter.php(890): App\Controllers\Peminjaman->__construct()
#1 E:\perpus\vendor\codeigniter4\framework\system\CodeIgniter.php(399): CodeIgniter\CodeIgniter->createController()
#2 E:\perpus\vendor\codeigniter4\framework\system\CodeIgniter.php(312): CodeIgniter\CodeIgniter->handleRequest(NULL, Object(Config\Cache), false)
#3 E:\perpus\public\index.php(45): CodeIgniter\CodeIgniter->run()
#4 E:\perpus\vendor\codeigniter4\framework\system\Commands\Server\rewrite.php(34): require_once('E:\\perpus\\publi...')
#5 {main}
CRITICAL - 2021-01-13 12:11:00 --> Undefined property: App\Controllers\Peminjaman::$load
#0 E:\perpus\app\Controllers\Peminjaman.php(9): CodeIgniter\Debug\Exceptions->errorHandler(8, 'Undefined prope...', 'E:\\perpus\\app\\C...', 9, Array)
#1 E:\perpus\vendor\codeigniter4\framework\system\CodeIgniter.php(890): App\Controllers\Peminjaman->__construct()
#2 E:\perpus\vendor\codeigniter4\framework\system\CodeIgniter.php(399): CodeIgniter\CodeIgniter->createController()
#3 E:\perpus\vendor\codeigniter4\framework\system\CodeIgniter.php(312): CodeIgniter\CodeIgniter->handleRequest(NULL, Object(Config\Cache), false)
#4 E:\perpus\public\index.php(45): CodeIgniter\CodeIgniter->run()
#5 E:\perpus\vendor\codeigniter4\framework\system\Commands\Server\rewrite.php(34): require_once('E:\\perpus\\publi...')
#6 {main}
CRITICAL - 2021-01-13 12:12:13 --> Class 'App\Controllers\Peminjaman_model' not found
#0 E:\perpus\vendor\codeigniter4\framework\system\CodeIgniter.php(890): App\Controllers\Peminjaman->__construct()
#1 E:\perpus\vendor\codeigniter4\framework\system\CodeIgniter.php(399): CodeIgniter\CodeIgniter->createController()
#2 E:\perpus\vendor\codeigniter4\framework\system\CodeIgniter.php(312): CodeIgniter\CodeIgniter->handleRequest(NULL, Object(Config\Cache), false)
#3 E:\perpus\public\index.php(45): CodeIgniter\CodeIgniter->run()
#4 E:\perpus\vendor\codeigniter4\framework\system\Commands\Server\rewrite.php(34): require_once('E:\\perpus\\publi...')
#5 {main}
CRITICAL - 2021-01-13 12:13:12 --> Class 'App\Controllers\Peminjaman_model' not found
#0 E:\perpus\vendor\codeigniter4\framework\system\CodeIgniter.php(890): App\Controllers\Peminjaman->__construct()
#1 E:\perpus\vendor\codeigniter4\framework\system\CodeIgniter.php(399): CodeIgniter\CodeIgniter->createController()
#2 E:\perpus\vendor\codeigniter4\framework\system\CodeIgniter.php(312): CodeIgniter\CodeIgniter->handleRequest(NULL, Object(Config\Cache), false)
#3 E:\perpus\public\index.php(45): CodeIgniter\CodeIgniter->run()
#4 E:\perpus\vendor\codeigniter4\framework\system\Commands\Server\rewrite.php(34): require_once('E:\\perpus\\publi...')
#5 {main}
CRITICAL - 2021-01-13 12:13:32 --> Class 'App\Controllers\Peminjaman_model' not found
#0 E:\perpus\vendor\codeigniter4\framework\system\CodeIgniter.php(890): App\Controllers\Peminjaman->__construct()
#1 E:\perpus\vendor\codeigniter4\framework\system\CodeIgniter.php(399): CodeIgniter\CodeIgniter->createController()
#2 E:\perpus\vendor\codeigniter4\framework\system\CodeIgniter.php(312): CodeIgniter\CodeIgniter->handleRequest(NULL, Object(Config\Cache), false)
#3 E:\perpus\public\index.php(45): CodeIgniter\CodeIgniter->run()
#4 E:\perpus\vendor\codeigniter4\framework\system\Commands\Server\rewrite.php(34): require_once('E:\\perpus\\publi...')
#5 {main}
CRITICAL - 2021-01-13 12:13:47 --> Class 'App\Controllers\Peminjaman_model' not found
#0 E:\perpus\vendor\codeigniter4\framework\system\CodeIgniter.php(890): App\Controllers\Peminjaman->__construct()
#1 E:\perpus\vendor\codeigniter4\framework\system\CodeIgniter.php(399): CodeIgniter\CodeIgniter->createController()
#2 E:\perpus\vendor\codeigniter4\framework\system\CodeIgniter.php(312): CodeIgniter\CodeIgniter->handleRequest(NULL, Object(Config\Cache), false)
#3 E:\perpus\public\index.php(45): CodeIgniter\CodeIgniter->run()
#4 E:\perpus\vendor\codeigniter4\framework\system\Commands\Server\rewrite.php(34): require_once('E:\\perpus\\publi...')
#5 {main}
CRITICAL - 2021-01-13 12:13:59 --> Class 'App\Controllers\Peminjaman_model' not found
#0 E:\perpus\vendor\codeigniter4\framework\system\CodeIgniter.php(890): App\Controllers\Peminjaman->__construct()
#1 E:\perpus\vendor\codeigniter4\framework\system\CodeIgniter.php(399): CodeIgniter\CodeIgniter->createController()
#2 E:\perpus\vendor\codeigniter4\framework\system\CodeIgniter.php(312): CodeIgniter\CodeIgniter->handleRequest(NULL, Object(Config\Cache), false)
#3 E:\perpus\public\index.php(45): CodeIgniter\CodeIgniter->run()
#4 E:\perpus\vendor\codeigniter4\framework\system\Commands\Server\rewrite.php(34): require_once('E:\\perpus\\publi...')
#5 {main}
CRITICAL - 2021-01-13 12:15:14 --> Class 'App\Controllers\Peminjaman_model' not found
#0 E:\perpus\vendor\codeigniter4\framework\system\CodeIgniter.php(890): App\Controllers\Peminjaman->__construct()
#1 E:\perpus\vendor\codeigniter4\framework\system\CodeIgniter.php(399): CodeIgniter\CodeIgniter->createController()
#2 E:\perpus\vendor\codeigniter4\framework\system\CodeIgniter.php(312): CodeIgniter\CodeIgniter->handleRequest(NULL, Object(Config\Cache), false)
#3 E:\perpus\public\index.php(45): CodeIgniter\CodeIgniter->run()
#4 E:\perpus\vendor\codeigniter4\framework\system\Commands\Server\rewrite.php(34): require_once('E:\\perpus\\publi...')
#5 {main}
CRITICAL - 2021-01-13 12:15:54 --> Class 'App\Controllers\Peminjaman_model' not found
#0 E:\perpus\vendor\codeigniter4\framework\system\CodeIgniter.php(890): App\Controllers\Peminjaman->__construct()
#1 E:\perpus\vendor\codeigniter4\framework\system\CodeIgniter.php(399): CodeIgniter\CodeIgniter->createController()
#2 E:\perpus\vendor\codeigniter4\framework\system\CodeIgniter.php(312): CodeIgniter\CodeIgniter->handleRequest(NULL, Object(Config\Cache), false)
#3 E:\perpus\public\index.php(45): CodeIgniter\CodeIgniter->run()
#4 E:\perpus\vendor\codeigniter4\framework\system\Commands\Server\rewrite.php(34): require_once('E:\\perpus\\publi...')
#5 {main}
CRITICAL - 2021-01-13 12:15:55 --> Class 'App\Controllers\Peminjaman_model' not found
#0 E:\perpus\vendor\codeigniter4\framework\system\CodeIgniter.php(890): App\Controllers\Peminjaman->__construct()
#1 E:\perpus\vendor\codeigniter4\framework\system\CodeIgniter.php(399): CodeIgniter\CodeIgniter->createController()
#2 E:\perpus\vendor\codeigniter4\framework\system\CodeIgniter.php(312): CodeIgniter\CodeIgniter->handleRequest(NULL, Object(Config\Cache), false)
#3 E:\perpus\public\index.php(45): CodeIgniter\CodeIgniter->run()
#4 E:\perpus\vendor\codeigniter4\framework\system\Commands\Server\rewrite.php(34): require_once('E:\\perpus\\publi...')
#5 {main}
CRITICAL - 2021-01-13 12:16:46 --> Class 'App\Controllers\Peminjaman_model' not found
#0 E:\perpus\vendor\codeigniter4\framework\system\CodeIgniter.php(890): App\Controllers\Peminjaman->__construct()
#1 E:\perpus\vendor\codeigniter4\framework\system\CodeIgniter.php(399): CodeIgniter\CodeIgniter->createController()
#2 E:\perpus\vendor\codeigniter4\framework\system\CodeIgniter.php(312): CodeIgniter\CodeIgniter->handleRequest(NULL, Object(Config\Cache), false)
#3 E:\perpus\public\index.php(45): CodeIgniter\CodeIgniter->run()
#4 E:\perpus\vendor\codeigniter4\framework\system\Commands\Server\rewrite.php(34): require_once('E:\\perpus\\publi...')
#5 {main}
CRITICAL - 2021-01-13 12:16:52 --> Class 'App\Controllers\Peminjaman_model' not found
#0 E:\perpus\vendor\codeigniter4\framework\system\CodeIgniter.php(890): App\Controllers\Peminjaman->__construct()
#1 E:\perpus\vendor\codeigniter4\framework\system\CodeIgniter.php(399): CodeIgniter\CodeIgniter->createController()
#2 E:\perpus\vendor\codeigniter4\framework\system\CodeIgniter.php(312): CodeIgniter\CodeIgniter->handleRequest(NULL, Object(Config\Cache), false)
#3 E:\perpus\public\index.php(45): CodeIgniter\CodeIgniter->run()
#4 E:\perpus\vendor\codeigniter4\framework\system\Commands\Server\rewrite.php(34): require_once('E:\\perpus\\publi...')
#5 {main}
CRITICAL - 2021-01-13 12:17:42 --> Class 'App\Controllers\Buku_model' not found
#0 E:\perpus\vendor\codeigniter4\framework\system\CodeIgniter.php(890): App\Controllers\Peminjaman->__construct()
#1 E:\perpus\vendor\codeigniter4\framework\system\CodeIgniter.php(399): CodeIgniter\CodeIgniter->createController()
#2 E:\perpus\vendor\codeigniter4\framework\system\CodeIgniter.php(312): CodeIgniter\CodeIgniter->handleRequest(NULL, Object(Config\Cache), false)
#3 E:\perpus\public\index.php(45): CodeIgniter\CodeIgniter->run()
#4 E:\perpus\vendor\codeigniter4\framework\system\Commands\Server\rewrite.php(34): require_once('E:\\perpus\\publi...')
#5 {main}
CRITICAL - 2021-01-13 12:18:10 --> strpos() expects parameter 1 to be string, array given
#0 [internal function]: CodeIgniter\Debug\Exceptions->errorHandler(2, 'strpos() expect...', 'E:\\perpus\\vendo...', 595, Array)
#1 E:\perpus\vendor\codeigniter4\framework\system\Database\BaseBuilder.php(595): strpos(Array, ',')
#2 E:\perpus\vendor\codeigniter4\framework\system\Database\BaseBuilder.php(288): CodeIgniter\Database\BaseBuilder->from(Object(CodeIgniter\Database\MySQLi\Builder))
#3 E:\perpus\vendor\codeigniter4\framework\system\Database\BaseConnection.php(977): CodeIgniter\Database\BaseBuilder->__construct(Object(CodeIgniter\Database\MySQLi\Builder), Object(CodeIgniter\Database\MySQLi\Connection))
#4 E:\perpus\vendor\codeigniter4\framework\system\Model.php(1237): CodeIgniter\Database\BaseConnection->table(Object(CodeIgniter\Database\MySQLi\Builder))
#5 E:\perpus\vendor\codeigniter4\framework\system\Model.php(1816): CodeIgniter\Model->builder()
#6 E:\perpus\app\Controllers\Peminjaman.php(26): CodeIgniter\Model->__call('listing', Array)
#7 E:\perpus\vendor\codeigniter4\framework\system\CodeIgniter.php(918): App\Controllers\Peminjaman->index()
#8 E:\perpus\vendor\codeigniter4\framework\system\CodeIgniter.php(404): CodeIgniter\CodeIgniter->runController(Object(App\Controllers\Peminjaman))
#9 E:\perpus\vendor\codeigniter4\framework\system\CodeIgniter.php(312): CodeIgniter\CodeIgniter->handleRequest(NULL, Object(Config\Cache), false)
#10 E:\perpus\public\index.php(45): CodeIgniter\CodeIgniter->run()
#11 E:\perpus\vendor\codeigniter4\framework\system\Commands\Server\rewrite.php(34): require_once('E:\\perpus\\publi...')
#12 {main}
CRITICAL - 2021-01-13 12:33:30 --> Undefined variable: model
#0 E:\perpus\app\Controllers\Peminjaman.php(20): CodeIgniter\Debug\Exceptions->errorHandler(8, 'Undefined varia...', 'E:\\perpus\\app\\C...', 20, Array)
#1 E:\perpus\vendor\codeigniter4\framework\system\CodeIgniter.php(918): App\Controllers\Peminjaman->pinjam()
#2 E:\perpus\vendor\codeigniter4\framework\system\CodeIgniter.php(404): CodeIgniter\CodeIgniter->runController(Object(App\Controllers\Peminjaman))
#3 E:\perpus\vendor\codeigniter4\framework\system\CodeIgniter.php(312): CodeIgniter\CodeIgniter->handleRequest(NULL, Object(Config\Cache), false)
#4 E:\perpus\public\index.php(45): CodeIgniter\CodeIgniter->run()
#5 E:\perpus\vendor\codeigniter4\framework\system\Commands\Server\rewrite.php(34): require_once('E:\\perpus\\publi...')
#6 {main}
CRITICAL - 2021-01-13 12:57:59 --> syntax error, unexpected '}', expecting end of file
#0 E:\perpus\vendor\codeigniter4\framework\system\Autoloader\Autoloader.php(296): CodeIgniter\Autoloader\Autoloader->requireFile('E:\\perpus\\app\\/...')
#1 E:\perpus\vendor\codeigniter4\framework\system\Autoloader\Autoloader.php(258): CodeIgniter\Autoloader\Autoloader->loadInNamespace('App\\Models\\Pemi...')
#2 [internal function]: CodeIgniter\Autoloader\Autoloader->loadClass('App\\Models\\Pemi...')
#3 E:\perpus\app\Controllers\Peminjaman.php(12): spl_autoload_call('App\\Models\\Pemi...')
#4 E:\perpus\vendor\codeigniter4\framework\system\CodeIgniter.php(890): App\Controllers\Peminjaman->__construct()
#5 E:\perpus\vendor\codeigniter4\framework\system\CodeIgniter.php(399): CodeIgniter\CodeIgniter->createController()
#6 E:\perpus\vendor\codeigniter4\framework\system\CodeIgniter.php(312): CodeIgniter\CodeIgniter->handleRequest(NULL, Object(Config\Cache), false)
#7 E:\perpus\public\index.php(45): CodeIgniter\CodeIgniter->run()
#8 E:\perpus\vendor\codeigniter4\framework\system\Commands\Server\rewrite.php(34): require_once('E:\\perpus\\publi...')
#9 {main}
CRITICAL - 2021-01-13 12:58:13 --> Call to undefined method App\Models\Peminjaman_model::getPeminjaman
#0 E:\perpus\app\Controllers\Peminjaman.php(21): CodeIgniter\Model->__call('getPeminjaman', Array)
#1 E:\perpus\vendor\codeigniter4\framework\system\CodeIgniter.php(918): App\Controllers\Peminjaman->pinjam()
#2 E:\perpus\vendor\codeigniter4\framework\system\CodeIgniter.php(404): CodeIgniter\CodeIgniter->runController(Object(App\Controllers\Peminjaman))
#3 E:\perpus\vendor\codeigniter4\framework\system\CodeIgniter.php(312): CodeIgniter\CodeIgniter->handleRequest(NULL, Object(Config\Cache), false)
#4 E:\perpus\public\index.php(45): CodeIgniter\CodeIgniter->run()
#5 E:\perpus\vendor\codeigniter4\framework\system\Commands\Server\rewrite.php(34): require_once('E:\\perpus\\publi...')
#6 {main}
CRITICAL - 2021-01-13 13:02:13 --> Cannot redeclare App\Models\Peminjaman_model::$table
#0 [internal function]: CodeIgniter\Debug\Exceptions->shutdownHandler()
#1 {main}
CRITICAL - 2021-01-13 13:02:40 --> syntax error, unexpected ''tb_buku'' (T_CONSTANT_ENCAPSED_STRING), expecting variable (T_VARIABLE)
#0 E:\perpus\vendor\codeigniter4\framework\system\Autoloader\Autoloader.php(296): CodeIgniter\Autoloader\Autoloader->requireFile('E:\\perpus\\app\\/...')
#1 E:\perpus\vendor\codeigniter4\framework\system\Autoloader\Autoloader.php(258): CodeIgniter\Autoloader\Autoloader->loadInNamespace('App\\Models\\Pemi...')
#2 [internal function]: CodeIgniter\Autoloader\Autoloader->loadClass('App\\Models\\Pemi...')
#3 E:\perpus\app\Controllers\Peminjaman.php(12): spl_autoload_call('App\\Models\\Pemi...')
#4 E:\perpus\vendor\codeigniter4\framework\system\CodeIgniter.php(890): App\Controllers\Peminjaman->__construct()
#5 E:\perpus\vendor\codeigniter4\framework\system\CodeIgniter.php(399): CodeIgniter\CodeIgniter->createController()
#6 E:\perpus\vendor\codeigniter4\framework\system\CodeIgniter.php(312): CodeIgniter\CodeIgniter->handleRequest(NULL, Object(Config\Cache), false)
#7 E:\perpus\public\index.php(45): CodeIgniter\CodeIgniter->run()
#8 E:\perpus\vendor\codeigniter4\framework\system\Commands\Server\rewrite.php(34): require_once('E:\\perpus\\publi...')
#9 {main}
CRITICAL - 2021-01-13 13:02:59 --> syntax error, unexpected ';', expecting variable (T_VARIABLE)
#0 E:\perpus\vendor\codeigniter4\framework\system\Autoloader\Autoloader.php(296): CodeIgniter\Autoloader\Autoloader->requireFile('E:\\perpus\\app\\/...')
#1 E:\perpus\vendor\codeigniter4\framework\system\Autoloader\Autoloader.php(258): CodeIgniter\Autoloader\Autoloader->loadInNamespace('App\\Models\\Pemi...')
#2 [internal function]: CodeIgniter\Autoloader\Autoloader->loadClass('App\\Models\\Pemi...')
#3 E:\perpus\app\Controllers\Peminjaman.php(12): spl_autoload_call('App\\Models\\Pemi...')
#4 E:\perpus\vendor\codeigniter4\framework\system\CodeIgniter.php(890): App\Controllers\Peminjaman->__construct()
#5 E:\perpus\vendor\codeigniter4\framework\system\CodeIgniter.php(399): CodeIgniter\CodeIgniter->createController()
#6 E:\perpus\vendor\codeigniter4\framework\system\CodeIgniter.php(312): CodeIgniter\CodeIgniter->handleRequest(NULL, Object(Config\Cache), false)
#7 E:\perpus\public\index.php(45): CodeIgniter\CodeIgniter->run()
#8 E:\perpus\vendor\codeigniter4\framework\system\Commands\Server\rewrite.php(34): require_once('E:\\perpus\\publi...')
#9 {main}
CRITICAL - 2021-01-13 13:34:41 --> Class 'App\Controllers\Buku_model' not found
#0 E:\perpus\vendor\codeigniter4\framework\system\CodeIgniter.php(890): App\Controllers\Peminjaman->__construct()
#1 E:\perpus\vendor\codeigniter4\framework\system\CodeIgniter.php(399): CodeIgniter\CodeIgniter->createController()
#2 E:\perpus\vendor\codeigniter4\framework\system\CodeIgniter.php(312): CodeIgniter\CodeIgniter->handleRequest(NULL, Object(Config\Cache), false)
#3 E:\perpus\public\index.php(45): CodeIgniter\CodeIgniter->run()
#4 E:\perpus\vendor\codeigniter4\framework\system\Commands\Server\rewrite.php(34): require_once('E:\\perpus\\publi...')
#5 {main}
CRITICAL - 2021-01-13 13:35:06 --> Class 'App\Controllers\Buku_model' not found
#0 E:\perpus\vendor\codeigniter4\framework\system\CodeIgniter.php(890): App\Controllers\Peminjaman->__construct()
#1 E:\perpus\vendor\codeigniter4\framework\system\CodeIgniter.php(399): CodeIgniter\CodeIgniter->createController()
#2 E:\perpus\vendor\codeigniter4\framework\system\CodeIgniter.php(312): CodeIgniter\CodeIgniter->handleRequest(NULL, Object(Config\Cache), false)
#3 E:\perpus\public\index.php(45): CodeIgniter\CodeIgniter->run()
#4 E:\perpus\vendor\codeigniter4\framework\system\Commands\Server\rewrite.php(34): require_once('E:\\perpus\\publi...')
#5 {main}
CRITICAL - 2021-01-13 13:35:27 --> Class 'App\Controllers\Anggota_model' not found
#0 E:\perpus\vendor\codeigniter4\framework\system\CodeIgniter.php(890): App\Controllers\Peminjaman->__construct()
#1 E:\perpus\vendor\codeigniter4\framework\system\CodeIgniter.php(399): CodeIgniter\CodeIgniter->createController()
#2 E:\perpus\vendor\codeigniter4\framework\system\CodeIgniter.php(312): CodeIgniter\CodeIgniter->handleRequest(NULL, Object(Config\Cache), false)
#3 E:\perpus\public\index.php(45): CodeIgniter\CodeIgniter->run()
#4 E:\perpus\vendor\codeigniter4\framework\system\Commands\Server\rewrite.php(34): require_once('E:\\perpus\\publi...')
#5 {main}
CRITICAL - 2021-01-13 13:40:35 --> Call to undefined method App\Models\Peminjaman_model::listing
#0 E:\perpus\app\Controllers\Peminjaman.php(25): CodeIgniter\Model->__call('listing', Array)
#1 E:\perpus\vendor\codeigniter4\framework\system\CodeIgniter.php(918): App\Controllers\Peminjaman->index()
#2 E:\perpus\vendor\codeigniter4\framework\system\CodeIgniter.php(404): CodeIgniter\CodeIgniter->runController(Object(App\Controllers\Peminjaman))
#3 E:\perpus\vendor\codeigniter4\framework\system\CodeIgniter.php(312): CodeIgniter\CodeIgniter->handleRequest(NULL, Object(Config\Cache), false)
#4 E:\perpus\public\index.php(45): CodeIgniter\CodeIgniter->run()
#5 E:\perpus\vendor\codeigniter4\framework\system\Commands\Server\rewrite.php(34): require_once('E:\\perpus\\publi...')
#6 {main}
CRITICAL - 2021-01-13 13:47:40 --> syntax error, unexpected '$this' (T_VARIABLE)
#0 E:\perpus\vendor\codeigniter4\framework\system\Autoloader\Autoloader.php(296): CodeIgniter\Autoloader\Autoloader->requireFile('E:\\perpus\\app\\/...')
#1 E:\perpus\vendor\codeigniter4\framework\system\Autoloader\Autoloader.php(258): CodeIgniter\Autoloader\Autoloader->loadInNamespace('App\\Models\\Pemi...')
#2 [internal function]: CodeIgniter\Autoloader\Autoloader->loadClass('App\\Models\\Pemi...')
#3 E:\perpus\app\Controllers\Peminjaman.php(17): spl_autoload_call('App\\Models\\Pemi...')
#4 E:\perpus\vendor\codeigniter4\framework\system\CodeIgniter.php(890): App\Controllers\Peminjaman->__construct()
#5 E:\perpus\vendor\codeigniter4\framework\system\CodeIgniter.php(399): CodeIgniter\CodeIgniter->createController()
#6 E:\perpus\vendor\codeigniter4\framework\system\CodeIgniter.php(312): CodeIgniter\CodeIgniter->handleRequest(NULL, Object(Config\Cache), false)
#7 E:\perpus\public\index.php(45): CodeIgniter\CodeIgniter->run()
#8 E:\perpus\vendor\codeigniter4\framework\system\Commands\Server\rewrite.php(34): require_once('E:\\perpus\\publi...')
#9 {main}
CRITICAL - 2021-01-13 13:52:13 --> syntax error, unexpected 'return' (T_RETURN), expecting ';'
#0 E:\perpus\vendor\codeigniter4\framework\system\Autoloader\Autoloader.php(296): CodeIgniter\Autoloader\Autoloader->requireFile('E:\\perpus\\app\\/...')
#1 E:\perpus\vendor\codeigniter4\framework\system\Autoloader\Autoloader.php(258): CodeIgniter\Autoloader\Autoloader->loadInNamespace('App\\Models\\Pemi...')
#2 [internal function]: CodeIgniter\Autoloader\Autoloader->loadClass('App\\Models\\Pemi...')
#3 E:\perpus\app\Controllers\Peminjaman.php(17): spl_autoload_call('App\\Models\\Pemi...')
#4 E:\perpus\vendor\codeigniter4\framework\system\CodeIgniter.php(890): App\Controllers\Peminjaman->__construct()
#5 E:\perpus\vendor\codeigniter4\framework\system\CodeIgniter.php(399): CodeIgniter\CodeIgniter->createController()
#6 E:\perpus\vendor\codeigniter4\framework\system\CodeIgniter.php(312): CodeIgniter\CodeIgniter->handleRequest(NULL, Object(Config\Cache), false)
#7 E:\perpus\public\index.php(45): CodeIgniter\CodeIgniter->run()
#8 E:\perpus\vendor\codeigniter4\framework\system\Commands\Server\rewrite.php(34): require_once('E:\\perpus\\publi...')
#9 {main}
CRITICAL - 2021-01-13 19:33:55 --> syntax error, unexpected end of file, expecting function (T_FUNCTION) or const (T_CONST)
#0 E:\perpus\vendor\codeigniter4\framework\system\Router\Router.php(195): CodeIgniter\Router\Router->autoRoute('peminjaman')
#1 E:\perpus\vendor\codeigniter4\framework\system\CodeIgniter.php(793): CodeIgniter\Router\Router->handle('peminjaman')
#2 E:\perpus\vendor\codeigniter4\framework\system\CodeIgniter.php(364): CodeIgniter\CodeIgniter->tryToRouteIt(Object(CodeIgniter\Router\RouteCollection))
#3 E:\perpus\vendor\codeigniter4\framework\system\CodeIgniter.php(312): CodeIgniter\CodeIgniter->handleRequest(NULL, Object(Config\Cache), false)
#4 E:\perpus\public\index.php(45): CodeIgniter\CodeIgniter->run()
#5 E:\perpus\vendor\codeigniter4\framework\system\Commands\Server\rewrite.php(34): require_once('E:\\perpus\\publi...')
#6 {main}
CRITICAL - 2021-01-13 19:34:19 --> Class 'App\Controllers\Peminjaman_model' not found
#0 E:\perpus\vendor\codeigniter4\framework\system\CodeIgniter.php(918): App\Controllers\Peminjaman->index()
#1 E:\perpus\vendor\codeigniter4\framework\system\CodeIgniter.php(404): CodeIgniter\CodeIgniter->runController(Object(App\Controllers\Peminjaman))
#2 E:\perpus\vendor\codeigniter4\framework\system\CodeIgniter.php(312): CodeIgniter\CodeIgniter->handleRequest(NULL, Object(Config\Cache), false)
#3 E:\perpus\public\index.php(45): CodeIgniter\CodeIgniter->run()
#4 E:\perpus\vendor\codeigniter4\framework\system\Commands\Server\rewrite.php(34): require_once('E:\\perpus\\publi...')
#5 {main}
CRITICAL - 2021-01-13 19:35:56 --> Class 'App\Controllers\Peminjaman_model' not found
#0 E:\perpus\vendor\codeigniter4\framework\system\CodeIgniter.php(918): App\Controllers\Peminjaman->index()
#1 E:\perpus\vendor\codeigniter4\framework\system\CodeIgniter.php(404): CodeIgniter\CodeIgniter->runController(Object(App\Controllers\Peminjaman))
#2 E:\perpus\vendor\codeigniter4\framework\system\CodeIgniter.php(312): CodeIgniter\CodeIgniter->handleRequest(NULL, Object(Config\Cache), false)
#3 E:\perpus\public\index.php(45): CodeIgniter\CodeIgniter->run()
#4 E:\perpus\vendor\codeigniter4\framework\system\Commands\Server\rewrite.php(34): require_once('E:\\perpus\\publi...')
#5 {main}
CRITICAL - 2021-01-13 19:36:15 --> Undefined variable: title
#0 E:\perpus\app\Views\layout\v_nav.php(127): CodeIgniter\Debug\Exceptions->errorHandler(8, 'Undefined varia...', 'E:\\perpus\\app\\V...', 127, Array)
#1 E:\perpus\vendor\codeigniter4\framework\system\View\View.php(246): include('E:\\perpus\\app\\V...')
#2 E:\perpus\vendor\codeigniter4\framework\system\Common.php(1119): CodeIgniter\View\View->render('layout/v_nav', Array, true)
#3 E:\perpus\app\Views\layout\v_wrapper.php(4): view('layout/v_nav')
#4 E:\perpus\vendor\codeigniter4\framework\system\View\View.php(246): include('E:\\perpus\\app\\V...')
#5 E:\perpus\vendor\codeigniter4\framework\system\Common.php(1119): CodeIgniter\View\View->render('layout/v_wrappe...', Array, true)
#6 E:\perpus\app\Controllers\Peminjaman.php(16): view('layout/v_wrappe...', Array)
#7 E:\perpus\vendor\codeigniter4\framework\system\CodeIgniter.php(918): App\Controllers\Peminjaman->index()
#8 E:\perpus\vendor\codeigniter4\framework\system\CodeIgniter.php(404): CodeIgniter\CodeIgniter->runController(Object(App\Controllers\Peminjaman))
#9 E:\perpus\vendor\codeigniter4\framework\system\CodeIgniter.php(312): CodeIgniter\CodeIgniter->handleRequest(NULL, Object(Config\Cache), false)
#10 E:\perpus\public\index.php(45): CodeIgniter\CodeIgniter->run()
#11 E:\perpus\vendor\codeigniter4\framework\system\Commands\Server\rewrite.php(34): require_once('E:\\perpus\\publi...')
#12 {main}
CRITICAL - 2021-01-13 19:38:15 --> syntax error, unexpected ')', expecting ';' or ','
#0 E:\perpus\vendor\codeigniter4\framework\system\Common.php(1119): CodeIgniter\View\View->render('peminjaman/v_da...', Array, true)
#1 E:\perpus\app\Views\layout\v_content.php(3): view('peminjaman/v_da...')
#2 E:\perpus\vendor\codeigniter4\framework\system\View\View.php(246): include('E:\\perpus\\app\\V...')
#3 E:\perpus\vendor\codeigniter4\framework\system\Common.php(1119): CodeIgniter\View\View->render('layout/v_conten...', Array, true)
#4 E:\perpus\app\Views\layout\v_wrapper.php(5): view('layout/v_conten...')
#5 E:\perpus\vendor\codeigniter4\framework\system\View\View.php(246): include('E:\\perpus\\app\\V...')
#6 E:\perpus\vendor\codeigniter4\framework\system\Common.php(1119): CodeIgniter\View\View->render('layout/v_wrappe...', Array, true)
#7 E:\perpus\app\Controllers\Peminjaman.php(16): view('layout/v_wrappe...', Array)
#8 E:\perpus\vendor\codeigniter4\framework\system\CodeIgniter.php(918): App\Controllers\Peminjaman->index()
#9 E:\perpus\vendor\codeigniter4\framework\system\CodeIgniter.php(404): CodeIgniter\CodeIgniter->runController(Object(App\Controllers\Peminjaman))
#10 E:\perpus\vendor\codeigniter4\framework\system\CodeIgniter.php(312): CodeIgniter\CodeIgniter->handleRequest(NULL, Object(Config\Cache), false)
#11 E:\perpus\public\index.php(45): CodeIgniter\CodeIgniter->run()
#12 E:\perpus\vendor\codeigniter4\framework\system\Commands\Server\rewrite.php(34): require_once('E:\\perpus\\publi...')
#13 {main}
CRITICAL - 2021-01-13 20:03:30 --> Call to undefined method App\Models\Peminjaman_model::getBuku
#0 E:\perpus\app\Controllers\Peminjaman.php(23): CodeIgniter\Model->__call('getBuku', Array)
#1 E:\perpus\vendor\codeigniter4\framework\system\CodeIgniter.php(918): App\Controllers\Peminjaman->add_new()
#2 E:\perpus\vendor\codeigniter4\framework\system\CodeIgniter.php(404): CodeIgniter\CodeIgniter->runController(Object(App\Controllers\Peminjaman))
#3 E:\perpus\vendor\codeigniter4\framework\system\CodeIgniter.php(312): CodeIgniter\CodeIgniter->handleRequest(NULL, Object(Config\Cache), false)
#4 E:\perpus\public\index.php(45): CodeIgniter\CodeIgniter->run()
#5 E:\perpus\vendor\codeigniter4\framework\system\Commands\Server\rewrite.php(34): require_once('E:\\perpus\\publi...')
#6 {main}
CRITICAL - 2021-01-13 20:06:39 --> Call to undefined method App\Models\Peminjaman_model::getBuku
#0 E:\perpus\app\Controllers\Peminjaman.php(23): CodeIgniter\Model->__call('getBuku', Array)
#1 E:\perpus\vendor\codeigniter4\framework\system\CodeIgniter.php(918): App\Controllers\Peminjaman->add_new()
#2 E:\perpus\vendor\codeigniter4\framework\system\CodeIgniter.php(404): CodeIgniter\CodeIgniter->runController(Object(App\Controllers\Peminjaman))
#3 E:\perpus\vendor\codeigniter4\framework\system\CodeIgniter.php(312): CodeIgniter\CodeIgniter->handleRequest(NULL, Object(Config\Cache), false)
#4 E:\perpus\public\index.php(45): CodeIgniter\CodeIgniter->run()
#5 E:\perpus\vendor\codeigniter4\framework\system\Commands\Server\rewrite.php(34): require_once('E:\\perpus\\publi...')
#6 {main}
CRITICAL - 2021-01-13 20:10:01 --> Call to undefined method App\Models\Peminjaman_model::getBuku
#0 E:\perpus\app\Controllers\Peminjaman.php(23): CodeIgniter\Model->__call('getBuku', Array)
#1 E:\perpus\vendor\codeigniter4\framework\system\CodeIgniter.php(918): App\Controllers\Peminjaman->add_new()
#2 E:\perpus\vendor\codeigniter4\framework\system\CodeIgniter.php(404): CodeIgniter\CodeIgniter->runController(Object(App\Controllers\Peminjaman))
#3 E:\perpus\vendor\codeigniter4\framework\system\CodeIgniter.php(312): CodeIgniter\CodeIgniter->handleRequest(NULL, Object(Config\Cache), false)
#4 E:\perpus\public\index.php(45): CodeIgniter\CodeIgniter->run()
#5 E:\perpus\vendor\codeigniter4\framework\system\Commands\Server\rewrite.php(34): require_once('E:\\perpus\\publi...')
#6 {main}
CRITICAL - 2021-01-13 20:11:37 --> Class 'App\Controllers\Buku_model' not found
#0 E:\perpus\vendor\codeigniter4\framework\system\CodeIgniter.php(918): App\Controllers\Peminjaman->add_new()
#1 E:\perpus\vendor\codeigniter4\framework\system\CodeIgniter.php(404): CodeIgniter\CodeIgniter->runController(Object(App\Controllers\Peminjaman))
#2 E:\perpus\vendor\codeigniter4\framework\system\CodeIgniter.php(312): CodeIgniter\CodeIgniter->handleRequest(NULL, Object(Config\Cache), false)
#3 E:\perpus\public\index.php(45): CodeIgniter\CodeIgniter->run()
#4 E:\perpus\vendor\codeigniter4\framework\system\Commands\Server\rewrite.php(34): require_once('E:\\perpus\\publi...')
#5 {main}
CRITICAL - 2021-01-13 20:12:20 --> Call to undefined method App\Models\User_model::getBuku
#0 E:\perpus\app\Controllers\Peminjaman.php(27): CodeIgniter\Model->__call('getBuku', Array)
#1 E:\perpus\vendor\codeigniter4\framework\system\CodeIgniter.php(918): App\Controllers\Peminjaman->add_new()
#2 E:\perpus\vendor\codeigniter4\framework\system\CodeIgniter.php(404): CodeIgniter\CodeIgniter->runController(Object(App\Controllers\Peminjaman))
#3 E:\perpus\vendor\codeigniter4\framework\system\CodeIgniter.php(312): CodeIgniter\CodeIgniter->handleRequest(NULL, Object(Config\Cache), false)
#4 E:\perpus\public\index.php(45): CodeIgniter\CodeIgniter->run()
#5 E:\perpus\vendor\codeigniter4\framework\system\Commands\Server\rewrite.php(34): require_once('E:\\perpus\\publi...')
#6 {main}
CRITICAL - 2021-01-13 20:13:40 --> Call to undefined method App\Models\User_model::getBuku
#0 E:\perpus\app\Controllers\Peminjaman.php(29): CodeIgniter\Model->__call('getBuku', Array)
#1 E:\perpus\vendor\codeigniter4\framework\system\CodeIgniter.php(918): App\Controllers\Peminjaman->add_new()
#2 E:\perpus\vendor\codeigniter4\framework\system\CodeIgniter.php(404): CodeIgniter\CodeIgniter->runController(Object(App\Controllers\Peminjaman))
#3 E:\perpus\vendor\codeigniter4\framework\system\CodeIgniter.php(312): CodeIgniter\CodeIgniter->handleRequest(NULL, Object(Config\Cache), false)
#4 E:\perpus\public\index.php(45): CodeIgniter\CodeIgniter->run()
#5 E:\perpus\vendor\codeigniter4\framework\system\Commands\Server\rewrite.php(34): require_once('E:\\perpus\\publi...')
#6 {main}
CRITICAL - 2021-01-13 20:13:42 --> Call to undefined method App\Models\User_model::getBuku
#0 E:\perpus\app\Controllers\Peminjaman.php(29): CodeIgniter\Model->__call('getBuku', Array)
#1 E:\perpus\vendor\codeigniter4\framework\system\CodeIgniter.php(918): App\Controllers\Peminjaman->add_new()
#2 E:\perpus\vendor\codeigniter4\framework\system\CodeIgniter.php(404): CodeIgniter\CodeIgniter->runController(Object(App\Controllers\Peminjaman))
#3 E:\perpus\vendor\codeigniter4\framework\system\CodeIgniter.php(312): CodeIgniter\CodeIgniter->handleRequest(NULL, Object(Config\Cache), false)
#4 E:\perpus\public\index.php(45): CodeIgniter\CodeIgniter->run()
#5 E:\perpus\vendor\codeigniter4\framework\system\Commands\Server\rewrite.php(34): require_once('E:\\perpus\\publi...')
#6 {main}
CRITICAL - 2021-01-13 20:16:18 --> Cannot redeclare App\Models\Peminjaman_model::$table
#0 [internal function]: CodeIgniter\Debug\Exceptions->shutdownHandler()
#1 {main}
CRITICAL - 2021-01-13 20:17:01 --> syntax error, unexpected ''tb_buku'' (T_CONSTANT_ENCAPSED_STRING), expecting variable (T_VARIABLE)
#0 E:\perpus\vendor\codeigniter4\framework\system\Autoloader\Autoloader.php(296): CodeIgniter\Autoloader\Autoloader->requireFile('E:\\perpus\\app\\/...')
#1 E:\perpus\vendor\codeigniter4\framework\system\Autoloader\Autoloader.php(258): CodeIgniter\Autoloader\Autoloader->loadInNamespace('App\\Models\\Pemi...')
#2 [internal function]: CodeIgniter\Autoloader\Autoloader->loadClass('App\\Models\\Pemi...')
#3 E:\perpus\app\Controllers\Peminjaman.php(23): spl_autoload_call('App\\Models\\Pemi...')
#4 E:\perpus\vendor\codeigniter4\framework\system\CodeIgniter.php(918): App\Controllers\Peminjaman->add_new()
#5 E:\perpus\vendor\codeigniter4\framework\system\CodeIgniter.php(404): CodeIgniter\CodeIgniter->runController(Object(App\Controllers\Peminjaman))
#6 E:\perpus\vendor\codeigniter4\framework\system\CodeIgniter.php(312): CodeIgniter\CodeIgniter->handleRequest(NULL, Object(Config\Cache), false)
#7 E:\perpus\public\index.php(45): CodeIgniter\CodeIgniter->run()
#8 E:\perpus\vendor\codeigniter4\framework\system\Commands\Server\rewrite.php(34): require_once('E:\\perpus\\publi...')
#9 {main}
CRITICAL - 2021-01-13 20:17:57 --> syntax error, unexpected ''tbl_anggota'' (T_CONSTANT_ENCAPSED_STRING), expecting variable (T_VARIABLE)
#0 E:\perpus\vendor\codeigniter4\framework\system\Autoloader\Autoloader.php(296): CodeIgniter\Autoloader\Autoloader->requireFile('E:\\perpus\\app\\/...')
#1 E:\perpus\vendor\codeigniter4\framework\system\Autoloader\Autoloader.php(258): CodeIgniter\Autoloader\Autoloader->loadInNamespace('App\\Models\\Pemi...')
#2 [internal function]: CodeIgniter\Autoloader\Autoloader->loadClass('App\\Models\\Pemi...')
#3 E:\perpus\app\Controllers\Peminjaman.php(23): spl_autoload_call('App\\Models\\Pemi...')
#4 E:\perpus\vendor\codeigniter4\framework\system\CodeIgniter.php(918): App\Controllers\Peminjaman->add_new()
#5 E:\perpus\vendor\codeigniter4\framework\system\CodeIgniter.php(404): CodeIgniter\CodeIgniter->runController(Object(App\Controllers\Peminjaman))
#6 E:\perpus\vendor\codeigniter4\framework\system\CodeIgniter.php(312): CodeIgniter\CodeIgniter->handleRequest(NULL, Object(Config\Cache), false)
#7 E:\perpus\public\index.php(45): CodeIgniter\CodeIgniter->run()
#8 E:\perpus\vendor\codeigniter4\framework\system\Commands\Server\rewrite.php(34): require_once('E:\\perpus\\publi...')
#9 {main}
CRITICAL - 2021-01-13 20:18:34 --> Cannot redeclare App\Models\Peminjaman_model::$table
#0 [internal function]: CodeIgniter\Debug\Exceptions->shutdownHandler()
#1 {main}
CRITICAL - 2021-01-13 20:19:05 --> Cannot redeclare App\Models\Peminjaman_model::$table
#0 [internal function]: CodeIgniter\Debug\Exceptions->shutdownHandler()
#1 {main}
CRITICAL - 2021-01-13 20:20:10 --> Call to undefined method App\Models\User_model::getBuku
#0 E:\perpus\app\Controllers\Peminjaman.php(29): CodeIgniter\Model->__call('getBuku', Array)
#1 E:\perpus\vendor\codeigniter4\framework\system\CodeIgniter.php(918): App\Controllers\Peminjaman->add_new()
#2 E:\perpus\vendor\codeigniter4\framework\system\CodeIgniter.php(404): CodeIgniter\CodeIgniter->runController(Object(App\Controllers\Peminjaman))
#3 E:\perpus\vendor\codeigniter4\framework\system\CodeIgniter.php(312): CodeIgniter\CodeIgniter->handleRequest(NULL, Object(Config\Cache), false)
#4 E:\perpus\public\index.php(45): CodeIgniter\CodeIgniter->run()
#5 E:\perpus\vendor\codeigniter4\framework\system\Commands\Server\rewrite.php(34): require_once('E:\\perpus\\publi...')
#6 {main}
CRITICAL - 2021-01-13 20:21:53 --> Invalid file: anggota/v_pinjam.php
#0 E:\perpus\vendor\codeigniter4\framework\system\View\View.php(228): CodeIgniter\Exceptions\FrameworkException::forInvalidFile('anggota/v_pinja...')
#1 E:\perpus\vendor\codeigniter4\framework\system\Common.php(1119): CodeIgniter\View\View->render('anggota/v_pinja...', Array, true)
#2 E:\perpus\app\Controllers\Peminjaman.php(33): view('anggota/v_pinja...', Array)
#3 E:\perpus\vendor\codeigniter4\framework\system\CodeIgniter.php(918): App\Controllers\Peminjaman->add_new()
#4 E:\perpus\vendor\codeigniter4\framework\system\CodeIgniter.php(404): CodeIgniter\CodeIgniter->runController(Object(App\Controllers\Peminjaman))
#5 E:\perpus\vendor\codeigniter4\framework\system\CodeIgniter.php(312): CodeIgniter\CodeIgniter->handleRequest(NULL, Object(Config\Cache), false)
#6 E:\perpus\public\index.php(45): CodeIgniter\CodeIgniter->run()
#7 E:\perpus\vendor\codeigniter4\framework\system\Commands\Server\rewrite.php(34): require_once('E:\\perpus\\publi...')
#8 {main}
CRITICAL - 2021-01-13 20:25:14 --> Undefined index: buku
#0 E:\perpus\app\Views\peminjaman\v_pinjam.php(102): CodeIgniter\Debug\Exceptions->errorHandler(8, 'Undefined index...', 'E:\\perpus\\app\\V...', 102, Array)
#1 E:\perpus\vendor\codeigniter4\framework\system\View\View.php(246): include('E:\\perpus\\app\\V...')
#2 E:\perpus\vendor\codeigniter4\framework\system\Common.php(1119): CodeIgniter\View\View->render('peminjaman/v_pi...', Array, true)
#3 E:\perpus\app\Controllers\Peminjaman.php(33): view('peminjaman/v_pi...', Array)
#4 E:\perpus\vendor\codeigniter4\framework\system\CodeIgniter.php(918): App\Controllers\Peminjaman->add_new()
#5 E:\perpus\vendor\codeigniter4\framework\system\CodeIgniter.php(404): CodeIgniter\CodeIgniter->runController(Object(App\Controllers\Peminjaman))
#6 E:\perpus\vendor\codeigniter4\framework\system\CodeIgniter.php(312): CodeIgniter\CodeIgniter->handleRequest(NULL, Object(Config\Cache), false)
#7 E:\perpus\public\index.php(45): CodeIgniter\CodeIgniter->run()
#8 E:\perpus\vendor\codeigniter4\framework\system\Commands\Server\rewrite.php(34): require_once('E:\\perpus\\publi...')
#9 {main}
CRITICAL - 2021-01-13 20:26:40 --> Undefined variable: tb_buku
#0 E:\perpus\app\Views\peminjaman\v_pinjam.php(100): CodeIgniter\Debug\Exceptions->errorHandler(8, 'Undefined varia...', 'E:\\perpus\\app\\V...', 100, Array)
#1 E:\perpus\vendor\codeigniter4\framework\system\View\View.php(246): include('E:\\perpus\\app\\V...')
#2 E:\perpus\vendor\codeigniter4\framework\system\Common.php(1119): CodeIgniter\View\View->render('peminjaman/v_pi...', Array, true)
#3 E:\perpus\app\Controllers\Peminjaman.php(33): view('peminjaman/v_pi...', Array)
#4 E:\perpus\vendor\codeigniter4\framework\system\CodeIgniter.php(918): App\Controllers\Peminjaman->add_new()
#5 E:\perpus\vendor\codeigniter4\framework\system\CodeIgniter.php(404): CodeIgniter\CodeIgniter->runController(Object(App\Controllers\Peminjaman))
#6 E:\perpus\vendor\codeigniter4\framework\system\CodeIgniter.php(312): CodeIgniter\CodeIgniter->handleRequest(NULL, Object(Config\Cache), false)
#7 E:\perpus\public\index.php(45): CodeIgniter\CodeIgniter->run()
#8 E:\perpus\vendor\codeigniter4\framework\system\Commands\Server\rewrite.php(34): require_once('E:\\perpus\\publi...')
#9 {main}
CRITICAL - 2021-01-13 20:29:37 --> Undefined index: buku
#0 E:\perpus\app\Views\peminjaman\v_pinjam.php(102): CodeIgniter\Debug\Exceptions->errorHandler(8, 'Undefined index...', 'E:\\perpus\\app\\V...', 102, Array)
#1 E:\perpus\vendor\codeigniter4\framework\system\View\View.php(246): include('E:\\perpus\\app\\V...')
#2 E:\perpus\vendor\codeigniter4\framework\system\Common.php(1119): CodeIgniter\View\View->render('peminjaman/v_pi...', Array, true)
#3 E:\perpus\app\Controllers\Peminjaman.php(33): view('peminjaman/v_pi...', Array)
#4 E:\perpus\vendor\codeigniter4\framework\system\CodeIgniter.php(918): App\Controllers\Peminjaman->add_new()
#5 E:\perpus\vendor\codeigniter4\framework\system\CodeIgniter.php(404): CodeIgniter\CodeIgniter->runController(Object(App\Controllers\Peminjaman))
#6 E:\perpus\vendor\codeigniter4\framework\system\CodeIgniter.php(312): CodeIgniter\CodeIgniter->handleRequest(NULL, Object(Config\Cache), false)
#7 E:\perpus\public\index.php(45): CodeIgniter\CodeIgniter->run()
#8 E:\perpus\vendor\codeigniter4\framework\system\Commands\Server\rewrite.php(34): require_once('E:\\perpus\\publi...')
#9 {main}
CRITICAL - 2021-01-13 20:30:55 --> Undefined index: buku
#0 E:\perpus\app\Views\peminjaman\v_pinjam.php(102): CodeIgniter\Debug\Exceptions->errorHandler(8, 'Undefined index...', 'E:\\perpus\\app\\V...', 102, Array)
#1 E:\perpus\vendor\codeigniter4\framework\system\View\View.php(246): include('E:\\perpus\\app\\V...')
#2 E:\perpus\vendor\codeigniter4\framework\system\Common.php(1119): CodeIgniter\View\View->render('peminjaman/v_pi...', Array, true)
#3 E:\perpus\app\Controllers\Peminjaman.php(33): view('peminjaman/v_pi...', Array)
#4 E:\perpus\vendor\codeigniter4\framework\system\CodeIgniter.php(918): App\Controllers\Peminjaman->add_new()
#5 E:\perpus\vendor\codeigniter4\framework\system\CodeIgniter.php(404): CodeIgniter\CodeIgniter->runController(Object(App\Controllers\Peminjaman))
#6 E:\perpus\vendor\codeigniter4\framework\system\CodeIgniter.php(312): CodeIgniter\CodeIgniter->handleRequest(NULL, Object(Config\Cache), false)
#7 E:\perpus\public\index.php(45): CodeIgniter\CodeIgniter->run()
#8 E:\perpus\vendor\codeigniter4\framework\system\Commands\Server\rewrite.php(34): require_once('E:\\perpus\\publi...')
#9 {main}
CRITICAL - 2021-01-13 20:33:30 --> Undefined index: buku
#0 E:\perpus\app\Views\peminjaman\v_pinjam.php(102): CodeIgniter\Debug\Exceptions->errorHandler(8, 'Undefined index...', 'E:\\perpus\\app\\V...', 102, Array)
#1 E:\perpus\vendor\codeigniter4\framework\system\View\View.php(246): include('E:\\perpus\\app\\V...')
#2 E:\perpus\vendor\codeigniter4\framework\system\Common.php(1119): CodeIgniter\View\View->render('peminjaman/v_pi...', Array, true)
#3 E:\perpus\app\Controllers\Peminjaman.php(33): view('peminjaman/v_pi...', Array)
#4 E:\perpus\vendor\codeigniter4\framework\system\CodeIgniter.php(918): App\Controllers\Peminjaman->add_new()
#5 E:\perpus\vendor\codeigniter4\framework\system\CodeIgniter.php(404): CodeIgniter\CodeIgniter->runController(Object(App\Controllers\Peminjaman))
#6 E:\perpus\vendor\codeigniter4\framework\system\CodeIgniter.php(312): CodeIgniter\CodeIgniter->handleRequest(NULL, Object(Config\Cache), false)
#7 E:\perpus\public\index.php(45): CodeIgniter\CodeIgniter->run()
#8 E:\perpus\vendor\codeigniter4\framework\system\Commands\Server\rewrite.php(34): require_once('E:\\perpus\\publi...')
#9 {main}
CRITICAL - 2021-01-13 20:34:15 --> Undefined index: buku
#0 E:\perpus\app\Views\peminjaman\v_pinjam.php(102): CodeIgniter\Debug\Exceptions->errorHandler(8, 'Undefined index...', 'E:\\perpus\\app\\V...', 102, Array)
#1 E:\perpus\vendor\codeigniter4\framework\system\View\View.php(246): include('E:\\perpus\\app\\V...')
#2 E:\perpus\vendor\codeigniter4\framework\system\Common.php(1119): CodeIgniter\View\View->render('peminjaman/v_pi...', Array, true)
#3 E:\perpus\app\Controllers\Peminjaman.php(35): view('peminjaman/v_pi...', Array)
#4 E:\perpus\vendor\codeigniter4\framework\system\CodeIgniter.php(918): App\Controllers\Peminjaman->add_new()
#5 E:\perpus\vendor\codeigniter4\framework\system\CodeIgniter.php(404): CodeIgniter\CodeIgniter->runController(Object(App\Controllers\Peminjaman))
#6 E:\perpus\vendor\codeigniter4\framework\system\CodeIgniter.php(312): CodeIgniter\CodeIgniter->handleRequest(NULL, Object(Config\Cache), false)
#7 E:\perpus\public\index.php(45): CodeIgniter\CodeIgniter->run()
#8 E:\perpus\vendor\codeigniter4\framework\system\Commands\Server\rewrite.php(34): require_once('E:\\perpus\\publi...')
#9 {main}
CRITICAL - 2021-01-13 20:34:17 --> Undefined index: buku
#0 E:\perpus\app\Views\peminjaman\v_pinjam.php(102): CodeIgniter\Debug\Exceptions->errorHandler(8, 'Undefined index...', 'E:\\perpus\\app\\V...', 102, Array)
#1 E:\perpus\vendor\codeigniter4\framework\system\View\View.php(246): include('E:\\perpus\\app\\V...')
#2 E:\perpus\vendor\codeigniter4\framework\system\Common.php(1119): CodeIgniter\View\View->render('peminjaman/v_pi...', Array, true)
#3 E:\perpus\app\Controllers\Peminjaman.php(35): view('peminjaman/v_pi...', Array)
#4 E:\perpus\vendor\codeigniter4\framework\system\CodeIgniter.php(918): App\Controllers\Peminjaman->add_new()
#5 E:\perpus\vendor\codeigniter4\framework\system\CodeIgniter.php(404): CodeIgniter\CodeIgniter->runController(Object(App\Controllers\Peminjaman))
#6 E:\perpus\vendor\codeigniter4\framework\system\CodeIgniter.php(312): CodeIgniter\CodeIgniter->handleRequest(NULL, Object(Config\Cache), false)
#7 E:\perpus\public\index.php(45): CodeIgniter\CodeIgniter->run()
#8 E:\perpus\vendor\codeigniter4\framework\system\Commands\Server\rewrite.php(34): require_once('E:\\perpus\\publi...')
#9 {main}
CRITICAL - 2021-01-13 20:43:16 --> Undefined index: buku
#0 E:\perpus\app\Views\peminjaman\v_pinjam.php(102): CodeIgniter\Debug\Exceptions->errorHandler(8, 'Undefined index...', 'E:\\perpus\\app\\V...', 102, Array)
#1 E:\perpus\vendor\codeigniter4\framework\system\View\View.php(246): include('E:\\perpus\\app\\V...')
#2 E:\perpus\vendor\codeigniter4\framework\system\Common.php(1119): CodeIgniter\View\View->render('peminjaman/v_pi...', Array, true)
#3 E:\perpus\app\Controllers\Peminjaman.php(33): view('peminjaman/v_pi...', Array)
#4 E:\perpus\vendor\codeigniter4\framework\system\CodeIgniter.php(918): App\Controllers\Peminjaman->add_new()
#5 E:\perpus\vendor\codeigniter4\framework\system\CodeIgniter.php(404): CodeIgniter\CodeIgniter->runController(Object(App\Controllers\Peminjaman))
#6 E:\perpus\vendor\codeigniter4\framework\system\CodeIgniter.php(312): CodeIgniter\CodeIgniter->handleRequest(NULL, Object(Config\Cache), false)
#7 E:\perpus\public\index.php(45): CodeIgniter\CodeIgniter->run()
#8 E:\perpus\vendor\codeigniter4\framework\system\Commands\Server\rewrite.php(34): require_once('E:\\perpus\\publi...')
#9 {main}
CRITICAL - 2021-01-13 20:43:20 --> Undefined index: buku
#0 E:\perpus\app\Views\peminjaman\v_pinjam.php(102): CodeIgniter\Debug\Exceptions->errorHandler(8, 'Undefined index...', 'E:\\perpus\\app\\V...', 102, Array)
#1 E:\perpus\vendor\codeigniter4\framework\system\View\View.php(246): include('E:\\perpus\\app\\V...')
#2 E:\perpus\vendor\codeigniter4\framework\system\Common.php(1119): CodeIgniter\View\View->render('peminjaman/v_pi...', Array, true)
#3 E:\perpus\app\Controllers\Peminjaman.php(33): view('peminjaman/v_pi...', Array)
#4 E:\perpus\vendor\codeigniter4\framework\system\CodeIgniter.php(918): App\Controllers\Peminjaman->add_new()
#5 E:\perpus\vendor\codeigniter4\framework\system\CodeIgniter.php(404): CodeIgniter\CodeIgniter->runController(Object(App\Controllers\Peminjaman))
#6 E:\perpus\vendor\codeigniter4\framework\system\CodeIgniter.php(312): CodeIgniter\CodeIgniter->handleRequest(NULL, Object(Config\Cache), false)
#7 E:\perpus\public\index.php(45): CodeIgniter\CodeIgniter->run()
#8 E:\perpus\vendor\codeigniter4\framework\system\Commands\Server\rewrite.php(34): require_once('E:\\perpus\\publi...')
#9 {main}
CRITICAL - 2021-01-13 20:43:21 --> Undefined index: buku
#0 E:\perpus\app\Views\peminjaman\v_pinjam.php(102): CodeIgniter\Debug\Exceptions->errorHandler(8, 'Undefined index...', 'E:\\perpus\\app\\V...', 102, Array)
#1 E:\perpus\vendor\codeigniter4\framework\system\View\View.php(246): include('E:\\perpus\\app\\V...')
#2 E:\perpus\vendor\codeigniter4\framework\system\Common.php(1119): CodeIgniter\View\View->render('peminjaman/v_pi...', Array, true)
#3 E:\perpus\app\Controllers\Peminjaman.php(33): view('peminjaman/v_pi...', Array)
#4 E:\perpus\vendor\codeigniter4\framework\system\CodeIgniter.php(918): App\Controllers\Peminjaman->add_new()
#5 E:\perpus\vendor\codeigniter4\framework\system\CodeIgniter.php(404): CodeIgniter\CodeIgniter->runController(Object(App\Controllers\Peminjaman))
#6 E:\perpus\vendor\codeigniter4\framework\system\CodeIgniter.php(312): CodeIgniter\CodeIgniter->handleRequest(NULL, Object(Config\Cache), false)
#7 E:\perpus\public\index.php(45): CodeIgniter\CodeIgniter->run()
#8 E:\perpus\vendor\codeigniter4\framework\system\Commands\Server\rewrite.php(34): require_once('E:\\perpus\\publi...')
#9 {main}
CRITICAL - 2021-01-13 20:45:31 --> Undefined index: buku
#0 E:\perpus\app\Views\peminjaman\v_pinjam.php(102): CodeIgniter\Debug\Exceptions->errorHandler(8, 'Undefined index...', 'E:\\perpus\\app\\V...', 102, Array)
#1 E:\perpus\vendor\codeigniter4\framework\system\View\View.php(246): include('E:\\perpus\\app\\V...')
#2 E:\perpus\vendor\codeigniter4\framework\system\Common.php(1119): CodeIgniter\View\View->render('peminjaman/v_pi...', Array, true)
#3 E:\perpus\app\Controllers\Peminjaman.php(33): view('peminjaman/v_pi...', Array)
#4 E:\perpus\vendor\codeigniter4\framework\system\CodeIgniter.php(918): App\Controllers\Peminjaman->add_new()
#5 E:\perpus\vendor\codeigniter4\framework\system\CodeIgniter.php(404): CodeIgniter\CodeIgniter->runController(Object(App\Controllers\Peminjaman))
#6 E:\perpus\vendor\codeigniter4\framework\system\CodeIgniter.php(312): CodeIgniter\CodeIgniter->handleRequest(NULL, Object(Config\Cache), false)
#7 E:\perpus\public\index.php(45): CodeIgniter\CodeIgniter->run()
#8 E:\perpus\vendor\codeigniter4\framework\system\Commands\Server\rewrite.php(34): require_once('E:\\perpus\\publi...')
#9 {main}
CRITICAL - 2021-01-13 20:46:12 --> Undefined index: tb_buku
#0 E:\perpus\app\Views\peminjaman\v_pinjam.php(102): CodeIgniter\Debug\Exceptions->errorHandler(8, 'Undefined index...', 'E:\\perpus\\app\\V...', 102, Array)
#1 E:\perpus\vendor\codeigniter4\framework\system\View\View.php(246): include('E:\\perpus\\app\\V...')
#2 E:\perpus\vendor\codeigniter4\framework\system\Common.php(1119): CodeIgniter\View\View->render('peminjaman/v_pi...', Array, true)
#3 E:\perpus\app\Controllers\Peminjaman.php(33): view('peminjaman/v_pi...', Array)
#4 E:\perpus\vendor\codeigniter4\framework\system\CodeIgniter.php(918): App\Controllers\Peminjaman->add_new()
#5 E:\perpus\vendor\codeigniter4\framework\system\CodeIgniter.php(404): CodeIgniter\CodeIgniter->runController(Object(App\Controllers\Peminjaman))
#6 E:\perpus\vendor\codeigniter4\framework\system\CodeIgniter.php(312): CodeIgniter\CodeIgniter->handleRequest(NULL, Object(Config\Cache), false)
#7 E:\perpus\public\index.php(45): CodeIgniter\CodeIgniter->run()
#8 E:\perpus\vendor\codeigniter4\framework\system\Commands\Server\rewrite.php(34): require_once('E:\\perpus\\publi...')
#9 {main}
CRITICAL - 2021-01-13 20:57:24 --> Undefined index: bukuu
#0 E:\perpus\app\Views\peminjaman\v_pinjam.php(102): CodeIgniter\Debug\Exceptions->errorHandler(8, 'Undefined index...', 'E:\\perpus\\app\\V...', 102, Array)
#1 E:\perpus\vendor\codeigniter4\framework\system\View\View.php(246): include('E:\\perpus\\app\\V...')
#2 E:\perpus\vendor\codeigniter4\framework\system\Common.php(1119): CodeIgniter\View\View->render('peminjaman/v_pi...', Array, true)
#3 E:\perpus\app\Controllers\Peminjaman.php(33): view('peminjaman/v_pi...', Array)
#4 E:\perpus\vendor\codeigniter4\framework\system\CodeIgniter.php(918): App\Controllers\Peminjaman->add_new()
#5 E:\perpus\vendor\codeigniter4\framework\system\CodeIgniter.php(404): CodeIgniter\CodeIgniter->runController(Object(App\Controllers\Peminjaman))
#6 E:\perpus\vendor\codeigniter4\framework\system\CodeIgniter.php(312): CodeIgniter\CodeIgniter->handleRequest(NULL, Object(Config\Cache), false)
#7 E:\perpus\public\index.php(45): CodeIgniter\CodeIgniter->run()
#8 E:\perpus\vendor\codeigniter4\framework\system\Commands\Server\rewrite.php(34): require_once('E:\\perpus\\publi...')
#9 {main}
CRITICAL - 2021-01-13 20:59:10 --> Undefined index: buku
#0 E:\perpus\app\Views\peminjaman\v_pinjam.php(102): CodeIgniter\Debug\Exceptions->errorHandler(8, 'Undefined index...', 'E:\\perpus\\app\\V...', 102, Array)
#1 E:\perpus\vendor\codeigniter4\framework\system\View\View.php(246): include('E:\\perpus\\app\\V...')
#2 E:\perpus\vendor\codeigniter4\framework\system\Common.php(1119): CodeIgniter\View\View->render('peminjaman/v_pi...', Array, true)
#3 E:\perpus\app\Controllers\Peminjaman.php(33): view('peminjaman/v_pi...', Array)
#4 E:\perpus\vendor\codeigniter4\framework\system\CodeIgniter.php(918): App\Controllers\Peminjaman->add_new()
#5 E:\perpus\vendor\codeigniter4\framework\system\CodeIgniter.php(404): CodeIgniter\CodeIgniter->runController(Object(App\Controllers\Peminjaman))
#6 E:\perpus\vendor\codeigniter4\framework\system\CodeIgniter.php(312): CodeIgniter\CodeIgniter->handleRequest(NULL, Object(Config\Cache), false)
#7 E:\perpus\public\index.php(45): CodeIgniter\CodeIgniter->run()
#8 E:\perpus\vendor\codeigniter4\framework\system\Commands\Server\rewrite.php(34): require_once('E:\\perpus\\publi...')
#9 {main}
CRITICAL - 2021-01-13 20:59:30 --> Undefined index: Buku
#0 E:\perpus\app\Views\peminjaman\v_pinjam.php(102): CodeIgniter\Debug\Exceptions->errorHandler(8, 'Undefined index...', 'E:\\perpus\\app\\V...', 102, Array)
#1 E:\perpus\vendor\codeigniter4\framework\system\View\View.php(246): include('E:\\perpus\\app\\V...')
#2 E:\perpus\vendor\codeigniter4\framework\system\Common.php(1119): CodeIgniter\View\View->render('peminjaman/v_pi...', Array, true)
#3 E:\perpus\app\Controllers\Peminjaman.php(33): view('peminjaman/v_pi...', Array)
#4 E:\perpus\vendor\codeigniter4\framework\system\CodeIgniter.php(918): App\Controllers\Peminjaman->add_new()
#5 E:\perpus\vendor\codeigniter4\framework\system\CodeIgniter.php(404): CodeIgniter\CodeIgniter->runController(Object(App\Controllers\Peminjaman))
#6 E:\perpus\vendor\codeigniter4\framework\system\CodeIgniter.php(312): CodeIgniter\CodeIgniter->handleRequest(NULL, Object(Config\Cache), false)
#7 E:\perpus\public\index.php(45): CodeIgniter\CodeIgniter->run()
#8 E:\perpus\vendor\codeigniter4\framework\system\Commands\Server\rewrite.php(34): require_once('E:\\perpus\\publi...')
#9 {main}
CRITICAL - 2021-01-13 21:02:23 --> Undefined index: nama_buku
#0 E:\perpus\app\Views\peminjaman\v_pinjam.php(102): CodeIgniter\Debug\Exceptions->errorHandler(8, 'Undefined index...', 'E:\\perpus\\app\\V...', 102, Array)
#1 E:\perpus\vendor\codeigniter4\framework\system\View\View.php(246): include('E:\\perpus\\app\\V...')
#2 E:\perpus\vendor\codeigniter4\framework\system\Common.php(1119): CodeIgniter\View\View->render('peminjaman/v_pi...', Array, true)
#3 E:\perpus\app\Controllers\Peminjaman.php(33): view('peminjaman/v_pi...', Array)
#4 E:\perpus\vendor\codeigniter4\framework\system\CodeIgniter.php(918): App\Controllers\Peminjaman->add_new()
#5 E:\perpus\vendor\codeigniter4\framework\system\CodeIgniter.php(404): CodeIgniter\CodeIgniter->runController(Object(App\Controllers\Peminjaman))
#6 E:\perpus\vendor\codeigniter4\framework\system\CodeIgniter.php(312): CodeIgniter\CodeIgniter->handleRequest(NULL, Object(Config\Cache), false)
#7 E:\perpus\public\index.php(45): CodeIgniter\CodeIgniter->run()
#8 E:\perpus\vendor\codeigniter4\framework\system\Commands\Server\rewrite.php(34): require_once('E:\\perpus\\publi...')
#9 {main}
CRITICAL - 2021-01-13 21:04:30 --> Undefined index: nama_buku
#0 E:\perpus\app\Views\peminjaman\v_pinjam.php(102): CodeIgniter\Debug\Exceptions->errorHandler(8, 'Undefined index...', 'E:\\perpus\\app\\V...', 102, Array)
#1 E:\perpus\vendor\codeigniter4\framework\system\View\View.php(246): include('E:\\perpus\\app\\V...')
#2 E:\perpus\vendor\codeigniter4\framework\system\Common.php(1119): CodeIgniter\View\View->render('peminjaman/v_pi...', Array, true)
#3 E:\perpus\app\Controllers\Peminjaman.php(33): view('peminjaman/v_pi...', Array)
#4 E:\perpus\vendor\codeigniter4\framework\system\CodeIgniter.php(918): App\Controllers\Peminjaman->add_new()
#5 E:\perpus\vendor\codeigniter4\framework\system\CodeIgniter.php(404): CodeIgniter\CodeIgniter->runController(Object(App\Controllers\Peminjaman))
#6 E:\perpus\vendor\codeigniter4\framework\system\CodeIgniter.php(312): CodeIgniter\CodeIgniter->handleRequest(NULL, Object(Config\Cache), false)
#7 E:\perpus\public\index.php(45): CodeIgniter\CodeIgniter->run()
#8 E:\perpus\vendor\codeigniter4\framework\system\Commands\Server\rewrite.php(34): require_once('E:\\perpus\\publi...')
#9 {main}
CRITICAL - 2021-01-13 21:04:38 --> Undefined index: buku
#0 E:\perpus\app\Views\peminjaman\v_pinjam.php(102): CodeIgniter\Debug\Exceptions->errorHandler(8, 'Undefined index...', 'E:\\perpus\\app\\V...', 102, Array)
#1 E:\perpus\vendor\codeigniter4\framework\system\View\View.php(246): include('E:\\perpus\\app\\V...')
#2 E:\perpus\vendor\codeigniter4\framework\system\Common.php(1119): CodeIgniter\View\View->render('peminjaman/v_pi...', Array, true)
#3 E:\perpus\app\Controllers\Peminjaman.php(33): view('peminjaman/v_pi...', Array)
#4 E:\perpus\vendor\codeigniter4\framework\system\CodeIgniter.php(918): App\Controllers\Peminjaman->add_new()
#5 E:\perpus\vendor\codeigniter4\framework\system\CodeIgniter.php(404): CodeIgniter\CodeIgniter->runController(Object(App\Controllers\Peminjaman))
#6 E:\perpus\vendor\codeigniter4\framework\system\CodeIgniter.php(312): CodeIgniter\CodeIgniter->handleRequest(NULL, Object(Config\Cache), false)
#7 E:\perpus\public\index.php(45): CodeIgniter\CodeIgniter->run()
#8 E:\perpus\vendor\codeigniter4\framework\system\Commands\Server\rewrite.php(34): require_once('E:\\perpus\\publi...')
#9 {main}
CRITICAL - 2021-01-13 21:43:05 --> Call to undefined method App\Models\Peminjaman_model::savePeminjaman
#0 E:\perpus\app\Controllers\Peminjaman.php(46): CodeIgniter\Model->__call('savePeminjaman', Array)
#1 E:\perpus\vendor\codeigniter4\framework\system\CodeIgniter.php(918): App\Controllers\Peminjaman->save()
#2 E:\perpus\vendor\codeigniter4\framework\system\CodeIgniter.php(404): CodeIgniter\CodeIgniter->runController(Object(App\Controllers\Peminjaman))
#3 E:\perpus\vendor\codeigniter4\framework\system\CodeIgniter.php(312): CodeIgniter\CodeIgniter->handleRequest(NULL, Object(Config\Cache), false)
#4 E:\perpus\public\index.php(45): CodeIgniter\CodeIgniter->run()
#5 E:\perpus\vendor\codeigniter4\framework\system\Commands\Server\rewrite.php(34): require_once('E:\\perpus\\publi...')
#6 {main}
CRITICAL - 2021-01-13 21:47:41 --> Call to undefined method App\Models\Peminjaman_model::savePeminjaman
#0 E:\perpus\app\Controllers\Peminjaman.php(46): CodeIgniter\Model->__call('savePeminjaman', Array)
#1 E:\perpus\vendor\codeigniter4\framework\system\CodeIgniter.php(918): App\Controllers\Peminjaman->save()
#2 E:\perpus\vendor\codeigniter4\framework\system\CodeIgniter.php(404): CodeIgniter\CodeIgniter->runController(Object(App\Controllers\Peminjaman))
#3 E:\perpus\vendor\codeigniter4\framework\system\CodeIgniter.php(312): CodeIgniter\CodeIgniter->handleRequest(NULL, Object(Config\Cache), false)
#4 E:\perpus\public\index.php(45): CodeIgniter\CodeIgniter->run()
#5 E:\perpus\vendor\codeigniter4\framework\system\Commands\Server\rewrite.php(34): require_once('E:\\perpus\\publi...')
#6 {main}
CRITICAL - 2021-01-13 21:47:59 --> Column 'id_user' cannot be null
#0 E:\perpus\vendor\codeigniter4\framework\system\Database\MySQLi\Connection.php(331): mysqli->query('INSERT INTO `tb...')
#1 E:\perpus\vendor\codeigniter4\framework\system\Database\BaseConnection.php(741): CodeIgniter\Database\MySQLi\Connection->execute('INSERT INTO `tb...')
#2 E:\perpus\vendor\codeigniter4\framework\system\Database\BaseConnection.php(669): CodeIgniter\Database\BaseConnection->simpleQuery('INSERT INTO `tb...')
#3 E:\perpus\vendor\codeigniter4\framework\system\Database\BaseBuilder.php(2249): CodeIgniter\Database\BaseConnection->query('INSERT INTO `tb...', Array, false)
#4 E:\perpus\app\Models\Peminjaman_model.php(30): CodeIgniter\Database\BaseBuilder->insert(Array)
#5 E:\perpus\app\Controllers\Peminjaman.php(46): App\Models\Peminjaman_model->savePeminjaman(Array)
#6 E:\perpus\vendor\codeigniter4\framework\system\CodeIgniter.php(918): App\Controllers\Peminjaman->save()
#7 E:\perpus\vendor\codeigniter4\framework\system\CodeIgniter.php(404): CodeIgniter\CodeIgniter->runController(Object(App\Controllers\Peminjaman))
#8 E:\perpus\vendor\codeigniter4\framework\system\CodeIgniter.php(312): CodeIgniter\CodeIgniter->handleRequest(NULL, Object(Config\Cache), false)
#9 E:\perpus\public\index.php(45): CodeIgniter\CodeIgniter->run()
#10 E:\perpus\vendor\codeigniter4\framework\system\Commands\Server\rewrite.php(34): require_once('E:\\perpus\\publi...')
#11 {main}
CRITICAL - 2021-01-13 21:53:51 --> Column 'id_user' cannot be null
#0 E:\perpus\vendor\codeigniter4\framework\system\Database\MySQLi\Connection.php(331): mysqli->query('INSERT INTO `tb...')
#1 E:\perpus\vendor\codeigniter4\framework\system\Database\BaseConnection.php(741): CodeIgniter\Database\MySQLi\Connection->execute('INSERT INTO `tb...')
#2 E:\perpus\vendor\codeigniter4\framework\system\Database\BaseConnection.php(669): CodeIgniter\Database\BaseConnection->simpleQuery('INSERT INTO `tb...')
#3 E:\perpus\vendor\codeigniter4\framework\system\Database\BaseBuilder.php(2249): CodeIgniter\Database\BaseConnection->query('INSERT INTO `tb...', Array, false)
#4 E:\perpus\app\Models\Peminjaman_model.php(30): CodeIgniter\Database\BaseBuilder->insert(Array)
#5 E:\perpus\app\Controllers\Peminjaman.php(46): App\Models\Peminjaman_model->savePeminjaman(Array)
#6 E:\perpus\vendor\codeigniter4\framework\system\CodeIgniter.php(918): App\Controllers\Peminjaman->save()
#7 E:\perpus\vendor\codeigniter4\framework\system\CodeIgniter.php(404): CodeIgniter\CodeIgniter->runController(Object(App\Controllers\Peminjaman))
#8 E:\perpus\vendor\codeigniter4\framework\system\CodeIgniter.php(312): CodeIgniter\CodeIgniter->handleRequest(NULL, Object(Config\Cache), false)
#9 E:\perpus\public\index.php(45): CodeIgniter\CodeIgniter->run()
#10 E:\perpus\vendor\codeigniter4\framework\system\Commands\Server\rewrite.php(34): require_once('E:\\perpus\\publi...')
#11 {main}
CRITICAL - 2021-01-13 21:54:56 --> Column 'id_user' cannot be null
#0 E:\perpus\vendor\codeigniter4\framework\system\Database\MySQLi\Connection.php(331): mysqli->query('INSERT INTO `tb...')
#1 E:\perpus\vendor\codeigniter4\framework\system\Database\BaseConnection.php(741): CodeIgniter\Database\MySQLi\Connection->execute('INSERT INTO `tb...')
#2 E:\perpus\vendor\codeigniter4\framework\system\Database\BaseConnection.php(669): CodeIgniter\Database\BaseConnection->simpleQuery('INSERT INTO `tb...')
#3 E:\perpus\vendor\codeigniter4\framework\system\Database\BaseBuilder.php(2249): CodeIgniter\Database\BaseConnection->query('INSERT INTO `tb...', Array, false)
#4 E:\perpus\app\Models\Peminjaman_model.php(30): CodeIgniter\Database\BaseBuilder->insert(Array)
#5 E:\perpus\app\Controllers\Peminjaman.php(46): App\Models\Peminjaman_model->savePeminjaman(Array)
#6 E:\perpus\vendor\codeigniter4\framework\system\CodeIgniter.php(918): App\Controllers\Peminjaman->save()
#7 E:\perpus\vendor\codeigniter4\framework\system\CodeIgniter.php(404): CodeIgniter\CodeIgniter->runController(Object(App\Controllers\Peminjaman))
#8 E:\perpus\vendor\codeigniter4\framework\system\CodeIgniter.php(312): CodeIgniter\CodeIgniter->handleRequest(NULL, Object(Config\Cache), false)
#9 E:\perpus\public\index.php(45): CodeIgniter\CodeIgniter->run()
#10 E:\perpus\vendor\codeigniter4\framework\system\Commands\Server\rewrite.php(34): require_once('E:\\perpus\\publi...')
#11 {main}
CRITICAL - 2021-01-13 21:56:08 --> Cannot add or update a child row: a foreign key constraint fails (`db_perpus`.`tb_transaksi`, CONSTRAINT `tb_transaksi_ibfk_1` FOREIGN KEY (`nim`) REFERENCES `tbl_anggota` (`nim`))
#0 E:\perpus\vendor\codeigniter4\framework\system\Database\MySQLi\Connection.php(331): mysqli->query('INSERT INTO `tb...')
#1 E:\perpus\vendor\codeigniter4\framework\system\Database\BaseConnection.php(741): CodeIgniter\Database\MySQLi\Connection->execute('INSERT INTO `tb...')
#2 E:\perpus\vendor\codeigniter4\framework\system\Database\BaseConnection.php(669): CodeIgniter\Database\BaseConnection->simpleQuery('INSERT INTO `tb...')
#3 E:\perpus\vendor\codeigniter4\framework\system\Database\BaseBuilder.php(2249): CodeIgniter\Database\BaseConnection->query('INSERT INTO `tb...', Array, false)
#4 E:\perpus\app\Models\Peminjaman_model.php(30): CodeIgniter\Database\BaseBuilder->insert(Array)
#5 E:\perpus\app\Controllers\Peminjaman.php(46): App\Models\Peminjaman_model->savePeminjaman(Array)
#6 E:\perpus\vendor\codeigniter4\framework\system\CodeIgniter.php(918): App\Controllers\Peminjaman->save()
#7 E:\perpus\vendor\codeigniter4\framework\system\CodeIgniter.php(404): CodeIgniter\CodeIgniter->runController(Object(App\Controllers\Peminjaman))
#8 E:\perpus\vendor\codeigniter4\framework\system\CodeIgniter.php(312): CodeIgniter\CodeIgniter->handleRequest(NULL, Object(Config\Cache), false)
#9 E:\perpus\public\index.php(45): CodeIgniter\CodeIgniter->run()
#10 E:\perpus\vendor\codeigniter4\framework\system\Commands\Server\rewrite.php(34): require_once('E:\\perpus\\publi...')
#11 {main}
CRITICAL - 2021-01-13 22:05:53 --> Undefined index: nama_buku
#0 E:\perpus\app\Views\peminjaman\v_data.php(29): CodeIgniter\Debug\Exceptions->errorHandler(8, 'Undefined index...', 'E:\\perpus\\app\\V...', 29, Array)
#1 E:\perpus\vendor\codeigniter4\framework\system\View\View.php(246): include('E:\\perpus\\app\\V...')
#2 E:\perpus\vendor\codeigniter4\framework\system\Common.php(1119): CodeIgniter\View\View->render('peminjaman/v_da...', Array, true)
#3 E:\perpus\app\Views\layout\v_content.php(3): view('peminjaman/v_da...')
#4 E:\perpus\vendor\codeigniter4\framework\system\View\View.php(246): include('E:\\perpus\\app\\V...')
#5 E:\perpus\vendor\codeigniter4\framework\system\Common.php(1119): CodeIgniter\View\View->render('layout/v_conten...', Array, true)
#6 E:\perpus\app\Views\layout\v_wrapper.php(5): view('layout/v_conten...')
#7 E:\perpus\vendor\codeigniter4\framework\system\View\View.php(246): include('E:\\perpus\\app\\V...')
#8 E:\perpus\vendor\codeigniter4\framework\system\Common.php(1119): CodeIgniter\View\View->render('layout/v_wrappe...', Array, true)
#9 E:\perpus\app\Controllers\Peminjaman.php(19): view('layout/v_wrappe...', Array)
#10 E:\perpus\vendor\codeigniter4\framework\system\CodeIgniter.php(918): App\Controllers\Peminjaman->index()
#11 E:\perpus\vendor\codeigniter4\framework\system\CodeIgniter.php(404): CodeIgniter\CodeIgniter->runController(Object(App\Controllers\Peminjaman))
#12 E:\perpus\vendor\codeigniter4\framework\system\CodeIgniter.php(312): CodeIgniter\CodeIgniter->handleRequest(NULL, Object(Config\Cache), false)
#13 E:\perpus\public\index.php(45): CodeIgniter\CodeIgniter->run()
#14 E:\perpus\vendor\codeigniter4\framework\system\Commands\Server\rewrite.php(34): require_once('E:\\perpus\\publi...')
#15 {main}
CRITICAL - 2021-01-13 22:06:53 --> Undefined index: nama_anggota
#0 E:\perpus\app\Views\peminjaman\v_data.php(30): CodeIgniter\Debug\Exceptions->errorHandler(8, 'Undefined index...', 'E:\\perpus\\app\\V...', 30, Array)
#1 E:\perpus\vendor\codeigniter4\framework\system\View\View.php(246): include('E:\\perpus\\app\\V...')
#2 E:\perpus\vendor\codeigniter4\framework\system\Common.php(1119): CodeIgniter\View\View->render('peminjaman/v_da...', Array, true)
#3 E:\perpus\app\Views\layout\v_content.php(3): view('peminjaman/v_da...')
#4 E:\perpus\vendor\codeigniter4\framework\system\View\View.php(246): include('E:\\perpus\\app\\V...')
#5 E:\perpus\vendor\codeigniter4\framework\system\Common.php(1119): CodeIgniter\View\View->render('layout/v_conten...', Array, true)
#6 E:\perpus\app\Views\layout\v_wrapper.php(5): view('layout/v_conten...')
#7 E:\perpus\vendor\codeigniter4\framework\system\View\View.php(246): include('E:\\perpus\\app\\V...')
#8 E:\perpus\vendor\codeigniter4\framework\system\Common.php(1119): CodeIgniter\View\View->render('layout/v_wrappe...', Array, true)
#9 E:\perpus\app\Controllers\Peminjaman.php(19): view('layout/v_wrappe...', Array)
#10 E:\perpus\vendor\codeigniter4\framework\system\CodeIgniter.php(918): App\Controllers\Peminjaman->index()
#11 E:\perpus\vendor\codeigniter4\framework\system\CodeIgniter.php(404): CodeIgniter\CodeIgniter->runController(Object(App\Controllers\Peminjaman))
#12 E:\perpus\vendor\codeigniter4\framework\system\CodeIgniter.php(312): CodeIgniter\CodeIgniter->handleRequest(NULL, Object(Config\Cache), false)
#13 E:\perpus\public\index.php(45): CodeIgniter\CodeIgniter->run()
#14 E:\perpus\vendor\codeigniter4\framework\system\Commands\Server\rewrite.php(34): require_once('E:\\perpus\\publi...')
#15 {main}
CRITICAL - 2021-01-13 22:08:10 --> Undefined index: nama_anggota
#0 E:\perpus\app\Views\peminjaman\v_data.php(30): CodeIgniter\Debug\Exceptions->errorHandler(8, 'Undefined index...', 'E:\\perpus\\app\\V...', 30, Array)
#1 E:\perpus\vendor\codeigniter4\framework\system\View\View.php(246): include('E:\\perpus\\app\\V...')
#2 E:\perpus\vendor\codeigniter4\framework\system\Common.php(1119): CodeIgniter\View\View->render('peminjaman/v_da...', Array, true)
#3 E:\perpus\app\Views\layout\v_content.php(3): view('peminjaman/v_da...')
#4 E:\perpus\vendor\codeigniter4\framework\system\View\View.php(246): include('E:\\perpus\\app\\V...')
#5 E:\perpus\vendor\codeigniter4\framework\system\Common.php(1119): CodeIgniter\View\View->render('layout/v_conten...', Array, true)
#6 E:\perpus\app\Views\layout\v_wrapper.php(5): view('layout/v_conten...')
#7 E:\perpus\vendor\codeigniter4\framework\system\View\View.php(246): include('E:\\perpus\\app\\V...')
#8 E:\perpus\vendor\codeigniter4\framework\system\Common.php(1119): CodeIgniter\View\View->render('layout/v_wrappe...', Array, true)
#9 E:\perpus\app\Controllers\Peminjaman.php(19): view('layout/v_wrappe...', Array)
#10 E:\perpus\vendor\codeigniter4\framework\system\CodeIgniter.php(918): App\Controllers\Peminjaman->index()
#11 E:\perpus\vendor\codeigniter4\framework\system\CodeIgniter.php(404): CodeIgniter\CodeIgniter->runController(Object(App\Controllers\Peminjaman))
#12 E:\perpus\vendor\codeigniter4\framework\system\CodeIgniter.php(312): CodeIgniter\CodeIgniter->handleRequest(NULL, Object(Config\Cache), false)
#13 E:\perpus\public\index.php(45): CodeIgniter\CodeIgniter->run()
#14 E:\perpus\vendor\codeigniter4\framework\system\Commands\Server\rewrite.php(34): require_once('E:\\perpus\\publi...')
#15 {main}
CRITICAL - 2021-01-13 22:09:11 --> Undefined index: nama_user
#0 E:\perpus\app\Views\peminjaman\v_data.php(31): CodeIgniter\Debug\Exceptions->errorHandler(8, 'Undefined index...', 'E:\\perpus\\app\\V...', 31, Array)
#1 E:\perpus\vendor\codeigniter4\framework\system\View\View.php(246): include('E:\\perpus\\app\\V...')
#2 E:\perpus\vendor\codeigniter4\framework\system\Common.php(1119): CodeIgniter\View\View->render('peminjaman/v_da...', Array, true)
#3 E:\perpus\app\Views\layout\v_content.php(3): view('peminjaman/v_da...')
#4 E:\perpus\vendor\codeigniter4\framework\system\View\View.php(246): include('E:\\perpus\\app\\V...')
#5 E:\perpus\vendor\codeigniter4\framework\system\Common.php(1119): CodeIgniter\View\View->render('layout/v_conten...', Array, true)
#6 E:\perpus\app\Views\layout\v_wrapper.php(5): view('layout/v_conten...')
#7 E:\perpus\vendor\codeigniter4\framework\system\View\View.php(246): include('E:\\perpus\\app\\V...')
#8 E:\perpus\vendor\codeigniter4\framework\system\Common.php(1119): CodeIgniter\View\View->render('layout/v_wrappe...', Array, true)
#9 E:\perpus\app\Controllers\Peminjaman.php(19): view('layout/v_wrappe...', Array)
#10 E:\perpus\vendor\codeigniter4\framework\system\CodeIgniter.php(918): App\Controllers\Peminjaman->index()
#11 E:\perpus\vendor\codeigniter4\framework\system\CodeIgniter.php(404): CodeIgniter\CodeIgniter->runController(Object(App\Controllers\Peminjaman))
#12 E:\perpus\vendor\codeigniter4\framework\system\CodeIgniter.php(312): CodeIgniter\CodeIgniter->handleRequest(NULL, Object(Config\Cache), false)
#13 E:\perpus\public\index.php(45): CodeIgniter\CodeIgniter->run()
#14 E:\perpus\vendor\codeigniter4\framework\system\Commands\Server\rewrite.php(34): require_once('E:\\perpus\\publi...')
#15 {main}
CRITICAL - 2021-01-13 22:14:37 --> Undefined index: nama_anggota
#0 E:\perpus\app\Views\peminjaman\v_data.php(30): CodeIgniter\Debug\Exceptions->errorHandler(8, 'Undefined index...', 'E:\\perpus\\app\\V...', 30, Array)
#1 E:\perpus\vendor\codeigniter4\framework\system\View\View.php(246): include('E:\\perpus\\app\\V...')
#2 E:\perpus\vendor\codeigniter4\framework\system\Common.php(1119): CodeIgniter\View\View->render('peminjaman/v_da...', Array, true)
#3 E:\perpus\app\Views\layout\v_content.php(3): view('peminjaman/v_da...')
#4 E:\perpus\vendor\codeigniter4\framework\system\View\View.php(246): include('E:\\perpus\\app\\V...')
#5 E:\perpus\vendor\codeigniter4\framework\system\Common.php(1119): CodeIgniter\View\View->render('layout/v_conten...', Array, true)
#6 E:\perpus\app\Views\layout\v_wrapper.php(5): view('layout/v_conten...')
#7 E:\perpus\vendor\codeigniter4\framework\system\View\View.php(246): include('E:\\perpus\\app\\V...')
#8 E:\perpus\vendor\codeigniter4\framework\system\Common.php(1119): CodeIgniter\View\View->render('layout/v_wrappe...', Array, true)
#9 E:\perpus\app\Controllers\Peminjaman.php(19): view('layout/v_wrappe...', Array)
#10 E:\perpus\vendor\codeigniter4\framework\system\CodeIgniter.php(918): App\Controllers\Peminjaman->index()
#11 E:\perpus\vendor\codeigniter4\framework\system\CodeIgniter.php(404): CodeIgniter\CodeIgniter->runController(Object(App\Controllers\Peminjaman))
#12 E:\perpus\vendor\codeigniter4\framework\system\CodeIgniter.php(312): CodeIgniter\CodeIgniter->handleRequest(NULL, Object(Config\Cache), false)
#13 E:\perpus\public\index.php(45): CodeIgniter\CodeIgniter->run()
#14 E:\perpus\vendor\codeigniter4\framework\system\Commands\Server\rewrite.php(34): require_once('E:\\perpus\\publi...')
#15 {main}
CRITICAL - 2021-01-13 22:14:53 --> Undefined index: nama_anggota
#0 E:\perpus\app\Views\peminjaman\v_data.php(30): CodeIgniter\Debug\Exceptions->errorHandler(8, 'Undefined index...', 'E:\\perpus\\app\\V...', 30, Array)
#1 E:\perpus\vendor\codeigniter4\framework\system\View\View.php(246): include('E:\\perpus\\app\\V...')
#2 E:\perpus\vendor\codeigniter4\framework\system\Common.php(1119): CodeIgniter\View\View->render('peminjaman/v_da...', Array, true)
#3 E:\perpus\app\Views\layout\v_content.php(3): view('peminjaman/v_da...')
#4 E:\perpus\vendor\codeigniter4\framework\system\View\View.php(246): include('E:\\perpus\\app\\V...')
#5 E:\perpus\vendor\codeigniter4\framework\system\Common.php(1119): CodeIgniter\View\View->render('layout/v_conten...', Array, true)
#6 E:\perpus\app\Views\layout\v_wrapper.php(5): view('layout/v_conten...')
#7 E:\perpus\vendor\codeigniter4\framework\system\View\View.php(246): include('E:\\perpus\\app\\V...')
#8 E:\perpus\vendor\codeigniter4\framework\system\Common.php(1119): CodeIgniter\View\View->render('layout/v_wrappe...', Array, true)
#9 E:\perpus\app\Controllers\Peminjaman.php(19): view('layout/v_wrappe...', Array)
#10 E:\perpus\vendor\codeigniter4\framework\system\CodeIgniter.php(918): App\Controllers\Peminjaman->index()
#11 E:\perpus\vendor\codeigniter4\framework\system\CodeIgniter.php(404): CodeIgniter\CodeIgniter->runController(Object(App\Controllers\Peminjaman))
#12 E:\perpus\vendor\codeigniter4\framework\system\CodeIgniter.php(312): CodeIgniter\CodeIgniter->handleRequest(NULL, Object(Config\Cache), false)
#13 E:\perpus\public\index.php(45): CodeIgniter\CodeIgniter->run()
#14 E:\perpus\vendor\codeigniter4\framework\system\Commands\Server\rewrite.php(34): require_once('E:\\perpus\\publi...')
#15 {main}
CRITICAL - 2021-01-13 22:14:55 --> Undefined index: nama_anggota
#0 E:\perpus\app\Views\peminjaman\v_data.php(30): CodeIgniter\Debug\Exceptions->errorHandler(8, 'Undefined index...', 'E:\\perpus\\app\\V...', 30, Array)
#1 E:\perpus\vendor\codeigniter4\framework\system\View\View.php(246): include('E:\\perpus\\app\\V...')
#2 E:\perpus\vendor\codeigniter4\framework\system\Common.php(1119): CodeIgniter\View\View->render('peminjaman/v_da...', Array, true)
#3 E:\perpus\app\Views\layout\v_content.php(3): view('peminjaman/v_da...')
#4 E:\perpus\vendor\codeigniter4\framework\system\View\View.php(246): include('E:\\perpus\\app\\V...')
#5 E:\perpus\vendor\codeigniter4\framework\system\Common.php(1119): CodeIgniter\View\View->render('layout/v_conten...', Array, true)
#6 E:\perpus\app\Views\layout\v_wrapper.php(5): view('layout/v_conten...')
#7 E:\perpus\vendor\codeigniter4\framework\system\View\View.php(246): include('E:\\perpus\\app\\V...')
#8 E:\perpus\vendor\codeigniter4\framework\system\Common.php(1119): CodeIgniter\View\View->render('layout/v_wrappe...', Array, true)
#9 E:\perpus\app\Controllers\Peminjaman.php(19): view('layout/v_wrappe...', Array)
#10 E:\perpus\vendor\codeigniter4\framework\system\CodeIgniter.php(918): App\Controllers\Peminjaman->index()
#11 E:\perpus\vendor\codeigniter4\framework\system\CodeIgniter.php(404): CodeIgniter\CodeIgniter->runController(Object(App\Controllers\Peminjaman))
#12 E:\perpus\vendor\codeigniter4\framework\system\CodeIgniter.php(312): CodeIgniter\CodeIgniter->handleRequest(NULL, Object(Config\Cache), false)
#13 E:\perpus\public\index.php(45): CodeIgniter\CodeIgniter->run()
#14 E:\perpus\vendor\codeigniter4\framework\system\Commands\Server\rewrite.php(34): require_once('E:\\perpus\\publi...')
#15 {main}
CRITICAL - 2021-01-13 22:15:00 --> Undefined index: nama_anggota
#0 E:\perpus\app\Views\peminjaman\v_data.php(30): CodeIgniter\Debug\Exceptions->errorHandler(8, 'Undefined index...', 'E:\\perpus\\app\\V...', 30, Array)
#1 E:\perpus\vendor\codeigniter4\framework\system\View\View.php(246): include('E:\\perpus\\app\\V...')
#2 E:\perpus\vendor\codeigniter4\framework\system\Common.php(1119): CodeIgniter\View\View->render('peminjaman/v_da...', Array, true)
#3 E:\perpus\app\Views\layout\v_content.php(3): view('peminjaman/v_da...')
#4 E:\perpus\vendor\codeigniter4\framework\system\View\View.php(246): include('E:\\perpus\\app\\V...')
#5 E:\perpus\vendor\codeigniter4\framework\system\Common.php(1119): CodeIgniter\View\View->render('layout/v_conten...', Array, true)
#6 E:\perpus\app\Views\layout\v_wrapper.php(5): view('layout/v_conten...')
#7 E:\perpus\vendor\codeigniter4\framework\system\View\View.php(246): include('E:\\perpus\\app\\V...')
#8 E:\perpus\vendor\codeigniter4\framework\system\Common.php(1119): CodeIgniter\View\View->render('layout/v_wrappe...', Array, true)
#9 E:\perpus\app\Controllers\Peminjaman.php(19): view('layout/v_wrappe...', Array)
#10 E:\perpus\vendor\codeigniter4\framework\system\CodeIgniter.php(918): App\Controllers\Peminjaman->index()
#11 E:\perpus\vendor\codeigniter4\framework\system\CodeIgniter.php(404): CodeIgniter\CodeIgniter->runController(Object(App\Controllers\Peminjaman))
#12 E:\perpus\vendor\codeigniter4\framework\system\CodeIgniter.php(312): CodeIgniter\CodeIgniter->handleRequest(NULL, Object(Config\Cache), false)
#13 E:\perpus\public\index.php(45): CodeIgniter\CodeIgniter->run()
#14 E:\perpus\vendor\codeigniter4\framework\system\Commands\Server\rewrite.php(34): require_once('E:\\perpus\\publi...')
#15 {main}
CRITICAL - 2021-01-13 22:43:36 --> Column 'nim' cannot be null
#0 E:\perpus\vendor\codeigniter4\framework\system\Database\MySQLi\Connection.php(331): mysqli->query('INSERT INTO `tb...')
#1 E:\perpus\vendor\codeigniter4\framework\system\Database\BaseConnection.php(741): CodeIgniter\Database\MySQLi\Connection->execute('INSERT INTO `tb...')
#2 E:\perpus\vendor\codeigniter4\framework\system\Database\BaseConnection.php(669): CodeIgniter\Database\BaseConnection->simpleQuery('INSERT INTO `tb...')
#3 E:\perpus\vendor\codeigniter4\framework\system\Database\BaseBuilder.php(2249): CodeIgniter\Database\BaseConnection->query('INSERT INTO `tb...', Array, false)
#4 E:\perpus\app\Models\Peminjaman_model.php(30): CodeIgniter\Database\BaseBuilder->insert(Array)
#5 E:\perpus\app\Controllers\Peminjaman.php(46): App\Models\Peminjaman_model->savePeminjaman(Array)
#6 E:\perpus\vendor\codeigniter4\framework\system\CodeIgniter.php(918): App\Controllers\Peminjaman->save()
#7 E:\perpus\vendor\codeigniter4\framework\system\CodeIgniter.php(404): CodeIgniter\CodeIgniter->runController(Object(App\Controllers\Peminjaman))
#8 E:\perpus\vendor\codeigniter4\framework\system\CodeIgniter.php(312): CodeIgniter\CodeIgniter->handleRequest(NULL, Object(Config\Cache), false)
#9 E:\perpus\public\index.php(45): CodeIgniter\CodeIgniter->run()
#10 E:\perpus\vendor\codeigniter4\framework\system\Commands\Server\rewrite.php(34): require_once('E:\\perpus\\publi...')
#11 {main}
CRITICAL - 2021-01-13 22:44:51 --> Column 'nim' cannot be null
#0 E:\perpus\vendor\codeigniter4\framework\system\Database\MySQLi\Connection.php(331): mysqli->query('INSERT INTO `tb...')
#1 E:\perpus\vendor\codeigniter4\framework\system\Database\BaseConnection.php(741): CodeIgniter\Database\MySQLi\Connection->execute('INSERT INTO `tb...')
#2 E:\perpus\vendor\codeigniter4\framework\system\Database\BaseConnection.php(669): CodeIgniter\Database\BaseConnection->simpleQuery('INSERT INTO `tb...')
#3 E:\perpus\vendor\codeigniter4\framework\system\Database\BaseBuilder.php(2249): CodeIgniter\Database\BaseConnection->query('INSERT INTO `tb...', Array, false)
#4 E:\perpus\app\Models\Peminjaman_model.php(30): CodeIgniter\Database\BaseBuilder->insert(Array)
#5 E:\perpus\app\Controllers\Peminjaman.php(46): App\Models\Peminjaman_model->savePeminjaman(Array)
#6 E:\perpus\vendor\codeigniter4\framework\system\CodeIgniter.php(918): App\Controllers\Peminjaman->save()
#7 E:\perpus\vendor\codeigniter4\framework\system\CodeIgniter.php(404): CodeIgniter\CodeIgniter->runController(Object(App\Controllers\Peminjaman))
#8 E:\perpus\vendor\codeigniter4\framework\system\CodeIgniter.php(312): CodeIgniter\CodeIgniter->handleRequest(NULL, Object(Config\Cache), false)
#9 E:\perpus\public\index.php(45): CodeIgniter\CodeIgniter->run()
#10 E:\perpus\vendor\codeigniter4\framework\system\Commands\Server\rewrite.php(34): require_once('E:\\perpus\\publi...')
#11 {main}
CRITICAL - 2021-01-13 22:46:26 --> Column 'nim' cannot be null
#0 E:\perpus\vendor\codeigniter4\framework\system\Database\MySQLi\Connection.php(331): mysqli->query('INSERT INTO `tb...')
#1 E:\perpus\vendor\codeigniter4\framework\system\Database\BaseConnection.php(741): CodeIgniter\Database\MySQLi\Connection->execute('INSERT INTO `tb...')
#2 E:\perpus\vendor\codeigniter4\framework\system\Database\BaseConnection.php(669): CodeIgniter\Database\BaseConnection->simpleQuery('INSERT INTO `tb...')
#3 E:\perpus\vendor\codeigniter4\framework\system\Database\BaseBuilder.php(2249): CodeIgniter\Database\BaseConnection->query('INSERT INTO `tb...', Array, false)
#4 E:\perpus\app\Models\Peminjaman_model.php(30): CodeIgniter\Database\BaseBuilder->insert(Array)
#5 E:\perpus\app\Controllers\Peminjaman.php(46): App\Models\Peminjaman_model->savePeminjaman(Array)
#6 E:\perpus\vendor\codeigniter4\framework\system\CodeIgniter.php(918): App\Controllers\Peminjaman->save()
#7 E:\perpus\vendor\codeigniter4\framework\system\CodeIgniter.php(404): CodeIgniter\CodeIgniter->runController(Object(App\Controllers\Peminjaman))
#8 E:\perpus\vendor\codeigniter4\framework\system\CodeIgniter.php(312): CodeIgniter\CodeIgniter->handleRequest(NULL, Object(Config\Cache), false)
#9 E:\perpus\public\index.php(45): CodeIgniter\CodeIgniter->run()
#10 E:\perpus\vendor\codeigniter4\framework\system\Commands\Server\rewrite.php(34): require_once('E:\\perpus\\publi...')
#11 {main}
CRITICAL - 2021-01-13 22:46:47 --> Column 'nim' cannot be null
#0 E:\perpus\vendor\codeigniter4\framework\system\Database\MySQLi\Connection.php(331): mysqli->query('INSERT INTO `tb...')
#1 E:\perpus\vendor\codeigniter4\framework\system\Database\BaseConnection.php(741): CodeIgniter\Database\MySQLi\Connection->execute('INSERT INTO `tb...')
#2 E:\perpus\vendor\codeigniter4\framework\system\Database\BaseConnection.php(669): CodeIgniter\Database\BaseConnection->simpleQuery('INSERT INTO `tb...')
#3 E:\perpus\vendor\codeigniter4\framework\system\Database\BaseBuilder.php(2249): CodeIgniter\Database\BaseConnection->query('INSERT INTO `tb...', Array, false)
#4 E:\perpus\app\Models\Peminjaman_model.php(30): CodeIgniter\Database\BaseBuilder->insert(Array)
#5 E:\perpus\app\Controllers\Peminjaman.php(46): App\Models\Peminjaman_model->savePeminjaman(Array)
#6 E:\perpus\vendor\codeigniter4\framework\system\CodeIgniter.php(918): App\Controllers\Peminjaman->save()
#7 E:\perpus\vendor\codeigniter4\framework\system\CodeIgniter.php(404): CodeIgniter\CodeIgniter->runController(Object(App\Controllers\Peminjaman))
#8 E:\perpus\vendor\codeigniter4\framework\system\CodeIgniter.php(312): CodeIgniter\CodeIgniter->handleRequest(NULL, Object(Config\Cache), false)
#9 E:\perpus\public\index.php(45): CodeIgniter\CodeIgniter->run()
#10 E:\perpus\vendor\codeigniter4\framework\system\Commands\Server\rewrite.php(34): require_once('E:\\perpus\\publi...')
#11 {main}
CRITICAL - 2021-01-13 22:47:51 --> Column 'nim' cannot be null
#0 E:\perpus\vendor\codeigniter4\framework\system\Database\MySQLi\Connection.php(331): mysqli->query('INSERT INTO `tb...')
#1 E:\perpus\vendor\codeigniter4\framework\system\Database\BaseConnection.php(741): CodeIgniter\Database\MySQLi\Connection->execute('INSERT INTO `tb...')
#2 E:\perpus\vendor\codeigniter4\framework\system\Database\BaseConnection.php(669): CodeIgniter\Database\BaseConnection->simpleQuery('INSERT INTO `tb...')
#3 E:\perpus\vendor\codeigniter4\framework\system\Database\BaseBuilder.php(2249): CodeIgniter\Database\BaseConnection->query('INSERT INTO `tb...', Array, false)
#4 E:\perpus\app\Models\Peminjaman_model.php(30): CodeIgniter\Database\BaseBuilder->insert(Array)
#5 E:\perpus\app\Controllers\Peminjaman.php(46): App\Models\Peminjaman_model->savePeminjaman(Array)
#6 E:\perpus\vendor\codeigniter4\framework\system\CodeIgniter.php(918): App\Controllers\Peminjaman->save()
#7 E:\perpus\vendor\codeigniter4\framework\system\CodeIgniter.php(404): CodeIgniter\CodeIgniter->runController(Object(App\Controllers\Peminjaman))
#8 E:\perpus\vendor\codeigniter4\framework\system\CodeIgniter.php(312): CodeIgniter\CodeIgniter->handleRequest(NULL, Object(Config\Cache), false)
#9 E:\perpus\public\index.php(45): CodeIgniter\CodeIgniter->run()
#10 E:\perpus\vendor\codeigniter4\framework\system\Commands\Server\rewrite.php(34): require_once('E:\\perpus\\publi...')
#11 {main}
CRITICAL - 2021-01-13 22:51:06 --> Column 'nim' cannot be null
#0 E:\perpus\vendor\codeigniter4\framework\system\Database\MySQLi\Connection.php(331): mysqli->query('INSERT INTO `tb...')
#1 E:\perpus\vendor\codeigniter4\framework\system\Database\BaseConnection.php(741): CodeIgniter\Database\MySQLi\Connection->execute('INSERT INTO `tb...')
#2 E:\perpus\vendor\codeigniter4\framework\system\Database\BaseConnection.php(669): CodeIgniter\Database\BaseConnection->simpleQuery('INSERT INTO `tb...')
#3 E:\perpus\vendor\codeigniter4\framework\system\Database\BaseBuilder.php(2249): CodeIgniter\Database\BaseConnection->query('INSERT INTO `tb...', Array, false)
#4 E:\perpus\app\Models\Peminjaman_model.php(30): CodeIgniter\Database\BaseBuilder->insert(Array)
#5 E:\perpus\app\Controllers\Peminjaman.php(46): App\Models\Peminjaman_model->savePeminjaman(Array)
#6 E:\perpus\vendor\codeigniter4\framework\system\CodeIgniter.php(918): App\Controllers\Peminjaman->save()
#7 E:\perpus\vendor\codeigniter4\framework\system\CodeIgniter.php(404): CodeIgniter\CodeIgniter->runController(Object(App\Controllers\Peminjaman))
#8 E:\perpus\vendor\codeigniter4\framework\system\CodeIgniter.php(312): CodeIgniter\CodeIgniter->handleRequest(NULL, Object(Config\Cache), false)
#9 E:\perpus\public\index.php(45): CodeIgniter\CodeIgniter->run()
#10 E:\perpus\vendor\codeigniter4\framework\system\Commands\Server\rewrite.php(34): require_once('E:\\perpus\\publi...')
#11 {main}
CRITICAL - 2021-01-13 22:56:49 --> Undefined variable: model_b
#0 E:\perpus\app\Controllers\Peminjaman.php(29): CodeIgniter\Debug\Exceptions->errorHandler(8, 'Undefined varia...', 'E:\\perpus\\app\\C...', 29, Array)
#1 E:\perpus\vendor\codeigniter4\framework\system\CodeIgniter.php(918): App\Controllers\Peminjaman->add_new()
#2 E:\perpus\vendor\codeigniter4\framework\system\CodeIgniter.php(404): CodeIgniter\CodeIgniter->runController(Object(App\Controllers\Peminjaman))
#3 E:\perpus\vendor\codeigniter4\framework\system\CodeIgniter.php(312): CodeIgniter\CodeIgniter->handleRequest(NULL, Object(Config\Cache), false)
#4 E:\perpus\public\index.php(45): CodeIgniter\CodeIgniter->run()
#5 E:\perpus\vendor\codeigniter4\framework\system\Commands\Server\rewrite.php(34): require_once('E:\\perpus\\publi...')
#6 {main}
CRITICAL - 2021-01-13 22:57:08 --> Undefined variable: model
#0 E:\perpus\app\Controllers\Peminjaman.php(29): CodeIgniter\Debug\Exceptions->errorHandler(8, 'Undefined varia...', 'E:\\perpus\\app\\C...', 29, Array)
#1 E:\perpus\vendor\codeigniter4\framework\system\CodeIgniter.php(918): App\Controllers\Peminjaman->add_new()
#2 E:\perpus\vendor\codeigniter4\framework\system\CodeIgniter.php(404): CodeIgniter\CodeIgniter->runController(Object(App\Controllers\Peminjaman))
#3 E:\perpus\vendor\codeigniter4\framework\system\CodeIgniter.php(312): CodeIgniter\CodeIgniter->handleRequest(NULL, Object(Config\Cache), false)
#4 E:\perpus\public\index.php(45): CodeIgniter\CodeIgniter->run()
#5 E:\perpus\vendor\codeigniter4\framework\system\Commands\Server\rewrite.php(34): require_once('E:\\perpus\\publi...')
#6 {main}
