CRITICAL - 2021-01-11 12:37:36 --> Call to a member function get() on null
#0 E:\perpus\app\Controllers\Registerauth.php(20): App\Models\Registerauth_model->get_tb_user()
#1 E:\perpus\vendor\codeigniter4\framework\system\CodeIgniter.php(918): App\Controllers\Registerauth->register()
#2 E:\perpus\vendor\codeigniter4\framework\system\CodeIgniter.php(404): CodeIgniter\CodeIgniter->runController(Object(App\Controllers\Registerauth))
#3 E:\perpus\vendor\codeigniter4\framework\system\CodeIgniter.php(312): CodeIgniter\CodeIgniter->handleRequest(NULL, Object(Config\Cache), false)
#4 E:\perpus\public\index.php(45): CodeIgniter\CodeIgniter->run()
#5 E:\perpus\vendor\codeigniter4\framework\system\Commands\Server\rewrite.php(34): require_once('E:\\perpus\\publi...')
#6 {main}
CRITICAL - 2021-01-11 15:49:57 --> syntax error, unexpected 'else' (T_ELSE), expecting function (T_FUNCTION) or const (T_CONST)
#0 E:\perpus\vendor\codeigniter4\framework\system\Router\Router.php(195): CodeIgniter\Router\Router->autoRoute('Registerauth/sa...')
#1 E:\perpus\vendor\codeigniter4\framework\system\CodeIgniter.php(793): CodeIgniter\Router\Router->handle('Registerauth/sa...')
#2 E:\perpus\vendor\codeigniter4\framework\system\CodeIgniter.php(364): CodeIgniter\CodeIgniter->tryToRouteIt(Object(CodeIgniter\Router\RouteCollection))
#3 E:\perpus\vendor\codeigniter4\framework\system\CodeIgniter.php(312): CodeIgniter\CodeIgniter->handleRequest(NULL, Object(Config\Cache), false)
#4 E:\perpus\public\index.php(45): CodeIgniter\CodeIgniter->run()
#5 E:\perpus\vendor\codeigniter4\framework\system\Commands\Server\rewrite.php(34): require_once('E:\\perpus\\publi...')
#6 {main}
CRITICAL - 2021-01-11 15:50:41 --> Undefined variable: data
#0 E:\perpus\app\Controllers\Registerauth.php(91): CodeIgniter\Debug\Exceptions->errorHandler(8, 'Undefined varia...', 'E:\\perpus\\app\\C...', 91, Array)
#1 E:\perpus\vendor\codeigniter4\framework\system\CodeIgniter.php(918): App\Controllers\Registerauth->save_register()
#2 E:\perpus\vendor\codeigniter4\framework\system\CodeIgniter.php(404): CodeIgniter\CodeIgniter->runController(Object(App\Controllers\Registerauth))
#3 E:\perpus\vendor\codeigniter4\framework\system\CodeIgniter.php(312): CodeIgniter\CodeIgniter->handleRequest(NULL, Object(Config\Cache), false)
#4 E:\perpus\public\index.php(45): CodeIgniter\CodeIgniter->run()
#5 E:\perpus\vendor\codeigniter4\framework\system\Commands\Server\rewrite.php(34): require_once('E:\\perpus\\publi...')
#6 {main}
CRITICAL - 2021-01-11 15:51:22 --> Undefined variable: data
#0 E:\perpus\app\Controllers\Registerauth.php(91): CodeIgniter\Debug\Exceptions->errorHandler(8, 'Undefined varia...', 'E:\\perpus\\app\\C...', 91, Array)
#1 E:\perpus\vendor\codeigniter4\framework\system\CodeIgniter.php(918): App\Controllers\Registerauth->save_register()
#2 E:\perpus\vendor\codeigniter4\framework\system\CodeIgniter.php(404): CodeIgniter\CodeIgniter->runController(Object(App\Controllers\Registerauth))
#3 E:\perpus\vendor\codeigniter4\framework\system\CodeIgniter.php(312): CodeIgniter\CodeIgniter->handleRequest(NULL, Object(Config\Cache), false)
#4 E:\perpus\public\index.php(45): CodeIgniter\CodeIgniter->run()
#5 E:\perpus\vendor\codeigniter4\framework\system\Commands\Server\rewrite.php(34): require_once('E:\\perpus\\publi...')
#6 {main}
CRITICAL - 2021-01-11 15:51:48 --> Undefined variable: data
#0 E:\perpus\app\Controllers\Registerauth.php(91): CodeIgniter\Debug\Exceptions->errorHandler(8, 'Undefined varia...', 'E:\\perpus\\app\\C...', 91, Array)
#1 E:\perpus\vendor\codeigniter4\framework\system\CodeIgniter.php(918): App\Controllers\Registerauth->save_register()
#2 E:\perpus\vendor\codeigniter4\framework\system\CodeIgniter.php(404): CodeIgniter\CodeIgniter->runController(Object(App\Controllers\Registerauth))
#3 E:\perpus\vendor\codeigniter4\framework\system\CodeIgniter.php(312): CodeIgniter\CodeIgniter->handleRequest(NULL, Object(Config\Cache), false)
#4 E:\perpus\public\index.php(45): CodeIgniter\CodeIgniter->run()
#5 E:\perpus\vendor\codeigniter4\framework\system\Commands\Server\rewrite.php(34): require_once('E:\\perpus\\publi...')
#6 {main}
CRITICAL - 2021-01-11 16:12:23 --> Too few arguments to function App\Controllers\User::edit(), 0 passed in E:\perpus\vendor\codeigniter4\framework\system\CodeIgniter.php on line 918 and exactly 1 expected
#0 E:\perpus\vendor\codeigniter4\framework\system\CodeIgniter.php(918): App\Controllers\User->edit()
#1 E:\perpus\vendor\codeigniter4\framework\system\CodeIgniter.php(404): CodeIgniter\CodeIgniter->runController(Object(App\Controllers\User))
#2 E:\perpus\vendor\codeigniter4\framework\system\CodeIgniter.php(312): CodeIgniter\CodeIgniter->handleRequest(NULL, Object(Config\Cache), false)
#3 E:\perpus\public\index.php(45): CodeIgniter\CodeIgniter->run()
#4 E:\perpus\vendor\codeigniter4\framework\system\Commands\Server\rewrite.php(34): require_once('E:\\perpus\\publi...')
#5 {main}
CRITICAL - 2021-01-11 16:20:52 --> syntax error, unexpected 'public' (T_PUBLIC), expecting end of file
#0 E:\perpus\vendor\codeigniter4\framework\system\Router\Router.php(195): CodeIgniter\Router\Router->autoRoute('authlogin/logou...')
#1 E:\perpus\vendor\codeigniter4\framework\system\CodeIgniter.php(793): CodeIgniter\Router\Router->handle('authlogin/logou...')
#2 E:\perpus\vendor\codeigniter4\framework\system\CodeIgniter.php(364): CodeIgniter\CodeIgniter->tryToRouteIt(Object(CodeIgniter\Router\RouteCollection))
#3 E:\perpus\vendor\codeigniter4\framework\system\CodeIgniter.php(312): CodeIgniter\CodeIgniter->handleRequest(NULL, Object(Config\Cache), false)
#4 E:\perpus\public\index.php(45): CodeIgniter\CodeIgniter->run()
#5 E:\perpus\vendor\codeigniter4\framework\system\Commands\Server\rewrite.php(34): require_once('E:\\perpus\\publi...')
#6 {main}
CRITICAL - 2021-01-11 16:22:05 --> syntax error, unexpected 'public' (T_PUBLIC), expecting end of file
#0 E:\perpus\vendor\codeigniter4\framework\system\Router\Router.php(195): CodeIgniter\Router\Router->autoRoute('authlogin/logou...')
#1 E:\perpus\vendor\codeigniter4\framework\system\CodeIgniter.php(793): CodeIgniter\Router\Router->handle('authlogin/logou...')
#2 E:\perpus\vendor\codeigniter4\framework\system\CodeIgniter.php(364): CodeIgniter\CodeIgniter->tryToRouteIt(Object(CodeIgniter\Router\RouteCollection))
#3 E:\perpus\vendor\codeigniter4\framework\system\CodeIgniter.php(312): CodeIgniter\CodeIgniter->handleRequest(NULL, Object(Config\Cache), false)
#4 E:\perpus\public\index.php(45): CodeIgniter\CodeIgniter->run()
#5 E:\perpus\vendor\codeigniter4\framework\system\Commands\Server\rewrite.php(34): require_once('E:\\perpus\\publi...')
#6 {main}
CRITICAL - 2021-01-11 16:22:16 --> syntax error, unexpected 'public' (T_PUBLIC), expecting end of file
#0 E:\perpus\vendor\codeigniter4\framework\system\Router\Router.php(195): CodeIgniter\Router\Router->autoRoute('authlogin/logou...')
#1 E:\perpus\vendor\codeigniter4\framework\system\CodeIgniter.php(793): CodeIgniter\Router\Router->handle('authlogin/logou...')
#2 E:\perpus\vendor\codeigniter4\framework\system\CodeIgniter.php(364): CodeIgniter\CodeIgniter->tryToRouteIt(Object(CodeIgniter\Router\RouteCollection))
#3 E:\perpus\vendor\codeigniter4\framework\system\CodeIgniter.php(312): CodeIgniter\CodeIgniter->handleRequest(NULL, Object(Config\Cache), false)
#4 E:\perpus\public\index.php(45): CodeIgniter\CodeIgniter->run()
#5 E:\perpus\vendor\codeigniter4\framework\system\Commands\Server\rewrite.php(34): require_once('E:\\perpus\\publi...')
#6 {main}
CRITICAL - 2021-01-11 16:26:33 --> Undefined variable: ses_data
#0 E:\perpus\app\Views\v_home.php(11): CodeIgniter\Debug\Exceptions->errorHandler(8, 'Undefined varia...', 'E:\\perpus\\app\\V...', 11, Array)
#1 E:\perpus\vendor\codeigniter4\framework\system\View\View.php(246): include('E:\\perpus\\app\\V...')
#2 E:\perpus\vendor\codeigniter4\framework\system\Common.php(1119): CodeIgniter\View\View->render('v_home', Array, true)
#3 E:\perpus\app\Views\layout\v_content.php(3): view('v_home')
#4 E:\perpus\vendor\codeigniter4\framework\system\View\View.php(246): include('E:\\perpus\\app\\V...')
#5 E:\perpus\vendor\codeigniter4\framework\system\Common.php(1119): CodeIgniter\View\View->render('layout/v_conten...', Array, true)
#6 E:\perpus\app\Views\layout\v_wrapper.php(5): view('layout/v_conten...')
#7 E:\perpus\vendor\codeigniter4\framework\system\View\View.php(246): include('E:\\perpus\\app\\V...')
#8 E:\perpus\vendor\codeigniter4\framework\system\Common.php(1119): CodeIgniter\View\View->render('layout/v_wrappe...', Array, true)
#9 E:\perpus\app\Controllers\Home.php(11): view('layout/v_wrappe...', Array)
#10 E:\perpus\vendor\codeigniter4\framework\system\CodeIgniter.php(918): App\Controllers\Home->index()
#11 E:\perpus\vendor\codeigniter4\framework\system\CodeIgniter.php(404): CodeIgniter\CodeIgniter->runController(Object(App\Controllers\Home))
#12 E:\perpus\vendor\codeigniter4\framework\system\CodeIgniter.php(312): CodeIgniter\CodeIgniter->handleRequest(NULL, Object(Config\Cache), false)
#13 E:\perpus\public\index.php(45): CodeIgniter\CodeIgniter->run()
#14 E:\perpus\vendor\codeigniter4\framework\system\Commands\Server\rewrite.php(34): require_once('E:\\perpus\\publi...')
#15 {main}
CRITICAL - 2021-01-11 16:28:38 --> Undefined variable: ses_data
#0 E:\perpus\app\Views\v_home.php(11): CodeIgniter\Debug\Exceptions->errorHandler(8, 'Undefined varia...', 'E:\\perpus\\app\\V...', 11, Array)
#1 E:\perpus\vendor\codeigniter4\framework\system\View\View.php(246): include('E:\\perpus\\app\\V...')
#2 E:\perpus\vendor\codeigniter4\framework\system\Common.php(1119): CodeIgniter\View\View->render('v_home', Array, true)
#3 E:\perpus\app\Views\layout\v_content.php(3): view('v_home')
#4 E:\perpus\vendor\codeigniter4\framework\system\View\View.php(246): include('E:\\perpus\\app\\V...')
#5 E:\perpus\vendor\codeigniter4\framework\system\Common.php(1119): CodeIgniter\View\View->render('layout/v_conten...', Array, true)
#6 E:\perpus\app\Views\layout\v_wrapper.php(5): view('layout/v_conten...')
#7 E:\perpus\vendor\codeigniter4\framework\system\View\View.php(246): include('E:\\perpus\\app\\V...')
#8 E:\perpus\vendor\codeigniter4\framework\system\Common.php(1119): CodeIgniter\View\View->render('layout/v_wrappe...', Array, true)
#9 E:\perpus\app\Controllers\Home.php(11): view('layout/v_wrappe...', Array)
#10 E:\perpus\vendor\codeigniter4\framework\system\CodeIgniter.php(918): App\Controllers\Home->index()
#11 E:\perpus\vendor\codeigniter4\framework\system\CodeIgniter.php(404): CodeIgniter\CodeIgniter->runController(Object(App\Controllers\Home))
#12 E:\perpus\vendor\codeigniter4\framework\system\CodeIgniter.php(312): CodeIgniter\CodeIgniter->handleRequest(NULL, Object(Config\Cache), false)
#13 E:\perpus\public\index.php(45): CodeIgniter\CodeIgniter->run()
#14 E:\perpus\vendor\codeigniter4\framework\system\Commands\Server\rewrite.php(34): require_once('E:\\perpus\\publi...')
#15 {main}
CRITICAL - 2021-01-11 16:30:09 --> Undefined variable: ses_data
#0 E:\perpus\app\Views\v_home.php(11): CodeIgniter\Debug\Exceptions->errorHandler(8, 'Undefined varia...', 'E:\\perpus\\app\\V...', 11, Array)
#1 E:\perpus\vendor\codeigniter4\framework\system\View\View.php(246): include('E:\\perpus\\app\\V...')
#2 E:\perpus\vendor\codeigniter4\framework\system\Common.php(1119): CodeIgniter\View\View->render('v_home', Array, true)
#3 E:\perpus\app\Views\layout\v_content.php(3): view('v_home')
#4 E:\perpus\vendor\codeigniter4\framework\system\View\View.php(246): include('E:\\perpus\\app\\V...')
#5 E:\perpus\vendor\codeigniter4\framework\system\Common.php(1119): CodeIgniter\View\View->render('layout/v_conten...', Array, true)
#6 E:\perpus\app\Views\layout\v_wrapper.php(5): view('layout/v_conten...')
#7 E:\perpus\vendor\codeigniter4\framework\system\View\View.php(246): include('E:\\perpus\\app\\V...')
#8 E:\perpus\vendor\codeigniter4\framework\system\Common.php(1119): CodeIgniter\View\View->render('layout/v_wrappe...', Array, true)
#9 E:\perpus\app\Controllers\Home.php(11): view('layout/v_wrappe...', Array)
#10 E:\perpus\vendor\codeigniter4\framework\system\CodeIgniter.php(918): App\Controllers\Home->index()
#11 E:\perpus\vendor\codeigniter4\framework\system\CodeIgniter.php(404): CodeIgniter\CodeIgniter->runController(Object(App\Controllers\Home))
#12 E:\perpus\vendor\codeigniter4\framework\system\CodeIgniter.php(312): CodeIgniter\CodeIgniter->handleRequest(NULL, Object(Config\Cache), false)
#13 E:\perpus\public\index.php(45): CodeIgniter\CodeIgniter->run()
#14 E:\perpus\vendor\codeigniter4\framework\system\Commands\Server\rewrite.php(34): require_once('E:\\perpus\\publi...')
#15 {main}
CRITICAL - 2021-01-11 16:31:06 --> Undefined variable: ses_data
#0 E:\perpus\app\Views\v_home.php(11): CodeIgniter\Debug\Exceptions->errorHandler(8, 'Undefined varia...', 'E:\\perpus\\app\\V...', 11, Array)
#1 E:\perpus\vendor\codeigniter4\framework\system\View\View.php(246): include('E:\\perpus\\app\\V...')
#2 E:\perpus\vendor\codeigniter4\framework\system\Common.php(1119): CodeIgniter\View\View->render('v_home', Array, true)
#3 E:\perpus\app\Views\layout\v_content.php(3): view('v_home')
#4 E:\perpus\vendor\codeigniter4\framework\system\View\View.php(246): include('E:\\perpus\\app\\V...')
#5 E:\perpus\vendor\codeigniter4\framework\system\Common.php(1119): CodeIgniter\View\View->render('layout/v_conten...', Array, true)
#6 E:\perpus\app\Views\layout\v_wrapper.php(5): view('layout/v_conten...')
#7 E:\perpus\vendor\codeigniter4\framework\system\View\View.php(246): include('E:\\perpus\\app\\V...')
#8 E:\perpus\vendor\codeigniter4\framework\system\Common.php(1119): CodeIgniter\View\View->render('layout/v_wrappe...', Array, true)
#9 E:\perpus\app\Controllers\Home.php(11): view('layout/v_wrappe...', Array)
#10 E:\perpus\vendor\codeigniter4\framework\system\CodeIgniter.php(918): App\Controllers\Home->index()
#11 E:\perpus\vendor\codeigniter4\framework\system\CodeIgniter.php(404): CodeIgniter\CodeIgniter->runController(Object(App\Controllers\Home))
#12 E:\perpus\vendor\codeigniter4\framework\system\CodeIgniter.php(312): CodeIgniter\CodeIgniter->handleRequest(NULL, Object(Config\Cache), false)
#13 E:\perpus\public\index.php(45): CodeIgniter\CodeIgniter->run()
#14 E:\perpus\vendor\codeigniter4\framework\system\Commands\Server\rewrite.php(34): require_once('E:\\perpus\\publi...')
#15 {main}
CRITICAL - 2021-01-11 16:32:50 --> syntax error, unexpected 'echo' (T_ECHO)
#0 E:\perpus\vendor\codeigniter4\framework\system\Common.php(1119): CodeIgniter\View\View->render('v_home', Array, true)
#1 E:\perpus\app\Views\layout\v_content.php(3): view('v_home')
#2 E:\perpus\vendor\codeigniter4\framework\system\View\View.php(246): include('E:\\perpus\\app\\V...')
#3 E:\perpus\vendor\codeigniter4\framework\system\Common.php(1119): CodeIgniter\View\View->render('layout/v_conten...', Array, true)
#4 E:\perpus\app\Views\layout\v_wrapper.php(5): view('layout/v_conten...')
#5 E:\perpus\vendor\codeigniter4\framework\system\View\View.php(246): include('E:\\perpus\\app\\V...')
#6 E:\perpus\vendor\codeigniter4\framework\system\Common.php(1119): CodeIgniter\View\View->render('layout/v_wrappe...', Array, true)
#7 E:\perpus\app\Controllers\Home.php(11): view('layout/v_wrappe...', Array)
#8 E:\perpus\vendor\codeigniter4\framework\system\CodeIgniter.php(918): App\Controllers\Home->index()
#9 E:\perpus\vendor\codeigniter4\framework\system\CodeIgniter.php(404): CodeIgniter\CodeIgniter->runController(Object(App\Controllers\Home))
#10 E:\perpus\vendor\codeigniter4\framework\system\CodeIgniter.php(312): CodeIgniter\CodeIgniter->handleRequest(NULL, Object(Config\Cache), false)
#11 E:\perpus\public\index.php(45): CodeIgniter\CodeIgniter->run()
#12 E:\perpus\vendor\codeigniter4\framework\system\Commands\Server\rewrite.php(34): require_once('E:\\perpus\\publi...')
#13 {main}
CRITICAL - 2021-01-11 16:50:27 --> Undefined variable: data
#0 E:\perpus\app\Controllers\Registerauth.php(91): CodeIgniter\Debug\Exceptions->errorHandler(8, 'Undefined varia...', 'E:\\perpus\\app\\C...', 91, Array)
#1 E:\perpus\vendor\codeigniter4\framework\system\CodeIgniter.php(918): App\Controllers\Registerauth->save_register()
#2 E:\perpus\vendor\codeigniter4\framework\system\CodeIgniter.php(404): CodeIgniter\CodeIgniter->runController(Object(App\Controllers\Registerauth))
#3 E:\perpus\vendor\codeigniter4\framework\system\CodeIgniter.php(312): CodeIgniter\CodeIgniter->handleRequest(NULL, Object(Config\Cache), false)
#4 E:\perpus\public\index.php(45): CodeIgniter\CodeIgniter->run()
#5 E:\perpus\vendor\codeigniter4\framework\system\Commands\Server\rewrite.php(34): require_once('E:\\perpus\\publi...')
#6 {main}
CRITICAL - 2021-01-11 16:53:38 --> Undefined variable: file_gambar
#0 E:\perpus\app\Controllers\Registerauth.php(94): CodeIgniter\Debug\Exceptions->errorHandler(8, 'Undefined varia...', 'E:\\perpus\\app\\C...', 94, Array)
#1 E:\perpus\vendor\codeigniter4\framework\system\CodeIgniter.php(918): App\Controllers\Registerauth->save_register()
#2 E:\perpus\vendor\codeigniter4\framework\system\CodeIgniter.php(404): CodeIgniter\CodeIgniter->runController(Object(App\Controllers\Registerauth))
#3 E:\perpus\vendor\codeigniter4\framework\system\CodeIgniter.php(312): CodeIgniter\CodeIgniter->handleRequest(NULL, Object(Config\Cache), false)
#4 E:\perpus\public\index.php(45): CodeIgniter\CodeIgniter->run()
#5 E:\perpus\vendor\codeigniter4\framework\system\Commands\Server\rewrite.php(34): require_once('E:\\perpus\\publi...')
#6 {main}
CRITICAL - 2021-01-11 17:00:18 --> syntax error, unexpected '}', expecting end of file
#0 E:\perpus\vendor\codeigniter4\framework\system\Router\Router.php(195): CodeIgniter\Router\Router->autoRoute('Registerauth/sa...')
#1 E:\perpus\vendor\codeigniter4\framework\system\CodeIgniter.php(793): CodeIgniter\Router\Router->handle('Registerauth/sa...')
#2 E:\perpus\vendor\codeigniter4\framework\system\CodeIgniter.php(364): CodeIgniter\CodeIgniter->tryToRouteIt(Object(CodeIgniter\Router\RouteCollection))
#3 E:\perpus\vendor\codeigniter4\framework\system\CodeIgniter.php(312): CodeIgniter\CodeIgniter->handleRequest(NULL, Object(Config\Cache), false)
#4 E:\perpus\public\index.php(45): CodeIgniter\CodeIgniter->run()
#5 E:\perpus\vendor\codeigniter4\framework\system\Commands\Server\rewrite.php(34): require_once('E:\\perpus\\publi...')
#6 {main}
CRITICAL - 2021-01-11 17:03:04 --> Undefined variable: validated
#0 E:\perpus\app\Controllers\Registerauth.php(100): CodeIgniter\Debug\Exceptions->errorHandler(8, 'Undefined varia...', 'E:\\perpus\\app\\C...', 100, Array)
#1 E:\perpus\vendor\codeigniter4\framework\system\CodeIgniter.php(918): App\Controllers\Registerauth->save_register()
#2 E:\perpus\vendor\codeigniter4\framework\system\CodeIgniter.php(404): CodeIgniter\CodeIgniter->runController(Object(App\Controllers\Registerauth))
#3 E:\perpus\vendor\codeigniter4\framework\system\CodeIgniter.php(312): CodeIgniter\CodeIgniter->handleRequest(NULL, Object(Config\Cache), false)
#4 E:\perpus\public\index.php(45): CodeIgniter\CodeIgniter->run()
#5 E:\perpus\vendor\codeigniter4\framework\system\Commands\Server\rewrite.php(34): require_once('E:\\perpus\\publi...')
#6 {main}
CRITICAL - 2021-01-11 17:16:18 --> Cannot delete or update a parent row: a foreign key constraint fails (`db_perpus`.`tb_kembali`, CONSTRAINT `tb_kembali_ibfk_3` FOREIGN KEY (`id_user`) REFERENCES `tb_user` (`id_user`))
#0 E:\perpus\vendor\codeigniter4\framework\system\Database\MySQLi\Connection.php(331): mysqli->query('DELETE FROM `tb...')
#1 E:\perpus\vendor\codeigniter4\framework\system\Database\BaseConnection.php(741): CodeIgniter\Database\MySQLi\Connection->execute('DELETE FROM `tb...')
#2 E:\perpus\vendor\codeigniter4\framework\system\Database\BaseConnection.php(669): CodeIgniter\Database\BaseConnection->simpleQuery('DELETE FROM `tb...')
#3 E:\perpus\vendor\codeigniter4\framework\system\Database\BaseBuilder.php(2853): CodeIgniter\Database\BaseConnection->query('DELETE FROM `tb...', Array, false)
#4 E:\perpus\app\Models\User_model.php(29): CodeIgniter\Database\BaseBuilder->delete(Array)
#5 E:\perpus\app\Controllers\User.php(50): App\Models\User_model->deleteUser('7')
#6 E:\perpus\vendor\codeigniter4\framework\system\CodeIgniter.php(918): App\Controllers\User->delete('7')
#7 E:\perpus\vendor\codeigniter4\framework\system\CodeIgniter.php(404): CodeIgniter\CodeIgniter->runController(Object(App\Controllers\User))
#8 E:\perpus\vendor\codeigniter4\framework\system\CodeIgniter.php(312): CodeIgniter\CodeIgniter->handleRequest(NULL, Object(Config\Cache), false)
#9 E:\perpus\public\index.php(45): CodeIgniter\CodeIgniter->run()
#10 E:\perpus\vendor\codeigniter4\framework\system\Commands\Server\rewrite.php(34): require_once('E:\\perpus\\publi...')
#11 {main}
CRITICAL - 2021-01-11 17:18:26 --> Cannot delete or update a parent row: a foreign key constraint fails (`db_perpus`.`tb_kembali`, CONSTRAINT `tb_kembali_ibfk_3` FOREIGN KEY (`id_user`) REFERENCES `tb_user` (`id_user`))
#0 E:\perpus\vendor\codeigniter4\framework\system\Database\MySQLi\Connection.php(331): mysqli->query('DELETE FROM `tb...')
#1 E:\perpus\vendor\codeigniter4\framework\system\Database\BaseConnection.php(741): CodeIgniter\Database\MySQLi\Connection->execute('DELETE FROM `tb...')
#2 E:\perpus\vendor\codeigniter4\framework\system\Database\BaseConnection.php(669): CodeIgniter\Database\BaseConnection->simpleQuery('DELETE FROM `tb...')
#3 E:\perpus\vendor\codeigniter4\framework\system\Database\BaseBuilder.php(2853): CodeIgniter\Database\BaseConnection->query('DELETE FROM `tb...', Array, false)
#4 E:\perpus\app\Models\User_model.php(29): CodeIgniter\Database\BaseBuilder->delete(Array)
#5 E:\perpus\app\Controllers\User.php(50): App\Models\User_model->deleteUser('7')
#6 E:\perpus\vendor\codeigniter4\framework\system\CodeIgniter.php(918): App\Controllers\User->delete('7')
#7 E:\perpus\vendor\codeigniter4\framework\system\CodeIgniter.php(404): CodeIgniter\CodeIgniter->runController(Object(App\Controllers\User))
#8 E:\perpus\vendor\codeigniter4\framework\system\CodeIgniter.php(312): CodeIgniter\CodeIgniter->handleRequest(NULL, Object(Config\Cache), false)
#9 E:\perpus\public\index.php(45): CodeIgniter\CodeIgniter->run()
#10 E:\perpus\vendor\codeigniter4\framework\system\Commands\Server\rewrite.php(34): require_once('E:\\perpus\\publi...')
#11 {main}
CRITICAL - 2021-01-11 17:19:04 --> Cannot delete or update a parent row: a foreign key constraint fails (`db_perpus`.`tb_kembali`, CONSTRAINT `tb_kembali_ibfk_3` FOREIGN KEY (`id_user`) REFERENCES `tb_user` (`id_user`))
#0 E:\perpus\vendor\codeigniter4\framework\system\Database\MySQLi\Connection.php(331): mysqli->query('DELETE FROM `tb...')
#1 E:\perpus\vendor\codeigniter4\framework\system\Database\BaseConnection.php(741): CodeIgniter\Database\MySQLi\Connection->execute('DELETE FROM `tb...')
#2 E:\perpus\vendor\codeigniter4\framework\system\Database\BaseConnection.php(669): CodeIgniter\Database\BaseConnection->simpleQuery('DELETE FROM `tb...')
#3 E:\perpus\vendor\codeigniter4\framework\system\Database\BaseBuilder.php(2853): CodeIgniter\Database\BaseConnection->query('DELETE FROM `tb...', Array, false)
#4 E:\perpus\app\Models\User_model.php(29): CodeIgniter\Database\BaseBuilder->delete(Array)
#5 E:\perpus\app\Controllers\User.php(50): App\Models\User_model->deleteUser('7')
#6 E:\perpus\vendor\codeigniter4\framework\system\CodeIgniter.php(918): App\Controllers\User->delete('7')
#7 E:\perpus\vendor\codeigniter4\framework\system\CodeIgniter.php(404): CodeIgniter\CodeIgniter->runController(Object(App\Controllers\User))
#8 E:\perpus\vendor\codeigniter4\framework\system\CodeIgniter.php(312): CodeIgniter\CodeIgniter->handleRequest(NULL, Object(Config\Cache), false)
#9 E:\perpus\public\index.php(45): CodeIgniter\CodeIgniter->run()
#10 E:\perpus\vendor\codeigniter4\framework\system\Commands\Server\rewrite.php(34): require_once('E:\\perpus\\publi...')
#11 {main}
CRITICAL - 2021-01-11 17:19:10 --> Cannot delete or update a parent row: a foreign key constraint fails (`db_perpus`.`tb_kembali`, CONSTRAINT `tb_kembali_ibfk_3` FOREIGN KEY (`id_user`) REFERENCES `tb_user` (`id_user`))
#0 E:\perpus\vendor\codeigniter4\framework\system\Database\MySQLi\Connection.php(331): mysqli->query('DELETE FROM `tb...')
#1 E:\perpus\vendor\codeigniter4\framework\system\Database\BaseConnection.php(741): CodeIgniter\Database\MySQLi\Connection->execute('DELETE FROM `tb...')
#2 E:\perpus\vendor\codeigniter4\framework\system\Database\BaseConnection.php(669): CodeIgniter\Database\BaseConnection->simpleQuery('DELETE FROM `tb...')
#3 E:\perpus\vendor\codeigniter4\framework\system\Database\BaseBuilder.php(2853): CodeIgniter\Database\BaseConnection->query('DELETE FROM `tb...', Array, false)
#4 E:\perpus\app\Models\User_model.php(29): CodeIgniter\Database\BaseBuilder->delete(Array)
#5 E:\perpus\app\Controllers\User.php(50): App\Models\User_model->deleteUser('5')
#6 E:\perpus\vendor\codeigniter4\framework\system\CodeIgniter.php(918): App\Controllers\User->delete('5')
#7 E:\perpus\vendor\codeigniter4\framework\system\CodeIgniter.php(404): CodeIgniter\CodeIgniter->runController(Object(App\Controllers\User))
#8 E:\perpus\vendor\codeigniter4\framework\system\CodeIgniter.php(312): CodeIgniter\CodeIgniter->handleRequest(NULL, Object(Config\Cache), false)
#9 E:\perpus\public\index.php(45): CodeIgniter\CodeIgniter->run()
#10 E:\perpus\vendor\codeigniter4\framework\system\Commands\Server\rewrite.php(34): require_once('E:\\perpus\\publi...')
#11 {main}
CRITICAL - 2021-01-11 17:21:45 --> Cannot delete or update a parent row: a foreign key constraint fails (`db_perpus`.`tb_kembali`, CONSTRAINT `tb_kembali_ibfk_3` FOREIGN KEY (`id_user`) REFERENCES `tb_user` (`id_user`))
#0 E:\perpus\vendor\codeigniter4\framework\system\Database\MySQLi\Connection.php(331): mysqli->query('DELETE FROM `tb...')
#1 E:\perpus\vendor\codeigniter4\framework\system\Database\BaseConnection.php(741): CodeIgniter\Database\MySQLi\Connection->execute('DELETE FROM `tb...')
#2 E:\perpus\vendor\codeigniter4\framework\system\Database\BaseConnection.php(669): CodeIgniter\Database\BaseConnection->simpleQuery('DELETE FROM `tb...')
#3 E:\perpus\vendor\codeigniter4\framework\system\Database\BaseBuilder.php(2853): CodeIgniter\Database\BaseConnection->query('DELETE FROM `tb...', Array, false)
#4 E:\perpus\app\Models\User_model.php(29): CodeIgniter\Database\BaseBuilder->delete(Array)
#5 E:\perpus\app\Controllers\User.php(50): App\Models\User_model->deleteUser('7')
#6 E:\perpus\vendor\codeigniter4\framework\system\CodeIgniter.php(918): App\Controllers\User->delete('7')
#7 E:\perpus\vendor\codeigniter4\framework\system\CodeIgniter.php(404): CodeIgniter\CodeIgniter->runController(Object(App\Controllers\User))
#8 E:\perpus\vendor\codeigniter4\framework\system\CodeIgniter.php(312): CodeIgniter\CodeIgniter->handleRequest(NULL, Object(Config\Cache), false)
#9 E:\perpus\public\index.php(45): CodeIgniter\CodeIgniter->run()
#10 E:\perpus\vendor\codeigniter4\framework\system\Commands\Server\rewrite.php(34): require_once('E:\\perpus\\publi...')
#11 {main}
CRITICAL - 2021-01-11 17:24:14 --> Cannot delete or update a parent row: a foreign key constraint fails (`db_perpus`.`tb_kembali`, CONSTRAINT `tb_kembali_ibfk_3` FOREIGN KEY (`id_user`) REFERENCES `tb_user` (`id_user`))
#0 E:\perpus\vendor\codeigniter4\framework\system\Database\MySQLi\Connection.php(331): mysqli->query('DELETE FROM `tb...')
#1 E:\perpus\vendor\codeigniter4\framework\system\Database\BaseConnection.php(741): CodeIgniter\Database\MySQLi\Connection->execute('DELETE FROM `tb...')
#2 E:\perpus\vendor\codeigniter4\framework\system\Database\BaseConnection.php(669): CodeIgniter\Database\BaseConnection->simpleQuery('DELETE FROM `tb...')
#3 E:\perpus\vendor\codeigniter4\framework\system\Database\BaseBuilder.php(2853): CodeIgniter\Database\BaseConnection->query('DELETE FROM `tb...', Array, false)
#4 E:\perpus\app\Models\User_model.php(29): CodeIgniter\Database\BaseBuilder->delete(Array)
#5 E:\perpus\app\Controllers\User.php(50): App\Models\User_model->deleteUser('7')
#6 E:\perpus\vendor\codeigniter4\framework\system\CodeIgniter.php(918): App\Controllers\User->delete('7')
#7 E:\perpus\vendor\codeigniter4\framework\system\CodeIgniter.php(404): CodeIgniter\CodeIgniter->runController(Object(App\Controllers\User))
#8 E:\perpus\vendor\codeigniter4\framework\system\CodeIgniter.php(312): CodeIgniter\CodeIgniter->handleRequest(NULL, Object(Config\Cache), false)
#9 E:\perpus\public\index.php(45): CodeIgniter\CodeIgniter->run()
#10 E:\perpus\vendor\codeigniter4\framework\system\Commands\Server\rewrite.php(34): require_once('E:\\perpus\\publi...')
#11 {main}
CRITICAL - 2021-01-11 17:26:38 --> Cannot delete or update a parent row: a foreign key constraint fails (`db_perpus`.`tb_kembali`, CONSTRAINT `tb_kembali_ibfk_3` FOREIGN KEY (`id_user`) REFERENCES `tb_user` (`id_user`))
#0 E:\perpus\vendor\codeigniter4\framework\system\Database\MySQLi\Connection.php(331): mysqli->query('DELETE FROM `tb...')
#1 E:\perpus\vendor\codeigniter4\framework\system\Database\BaseConnection.php(741): CodeIgniter\Database\MySQLi\Connection->execute('DELETE FROM `tb...')
#2 E:\perpus\vendor\codeigniter4\framework\system\Database\BaseConnection.php(669): CodeIgniter\Database\BaseConnection->simpleQuery('DELETE FROM `tb...')
#3 E:\perpus\vendor\codeigniter4\framework\system\Database\BaseBuilder.php(2853): CodeIgniter\Database\BaseConnection->query('DELETE FROM `tb...', Array, false)
#4 E:\perpus\app\Models\User_model.php(29): CodeIgniter\Database\BaseBuilder->delete(Array)
#5 E:\perpus\app\Controllers\User.php(50): App\Models\User_model->deleteUser('7')
#6 E:\perpus\vendor\codeigniter4\framework\system\CodeIgniter.php(918): App\Controllers\User->delete('7')
#7 E:\perpus\vendor\codeigniter4\framework\system\CodeIgniter.php(404): CodeIgniter\CodeIgniter->runController(Object(App\Controllers\User))
#8 E:\perpus\vendor\codeigniter4\framework\system\CodeIgniter.php(312): CodeIgniter\CodeIgniter->handleRequest(NULL, Object(Config\Cache), false)
#9 E:\perpus\public\index.php(45): CodeIgniter\CodeIgniter->run()
#10 E:\perpus\vendor\codeigniter4\framework\system\Commands\Server\rewrite.php(34): require_once('E:\\perpus\\publi...')
#11 {main}
CRITICAL - 2021-01-11 22:31:02 --> syntax error, unexpected 'public' (T_PUBLIC)
#0 E:\perpus\vendor\codeigniter4\framework\system\Router\Router.php(195): CodeIgniter\Router\Router->autoRoute('Anggota/add_new')
#1 E:\perpus\vendor\codeigniter4\framework\system\CodeIgniter.php(793): CodeIgniter\Router\Router->handle('Anggota/add_new')
#2 E:\perpus\vendor\codeigniter4\framework\system\CodeIgniter.php(364): CodeIgniter\CodeIgniter->tryToRouteIt(Object(CodeIgniter\Router\RouteCollection))
#3 E:\perpus\vendor\codeigniter4\framework\system\CodeIgniter.php(312): CodeIgniter\CodeIgniter->handleRequest(NULL, Object(Config\Cache), false)
#4 E:\perpus\public\index.php(45): CodeIgniter\CodeIgniter->run()
#5 E:\perpus\vendor\codeigniter4\framework\system\Commands\Server\rewrite.php(34): require_once('E:\\perpus\\publi...')
#6 {main}
CRITICAL - 2021-01-11 22:31:31 --> Undefined property: App\Controllers\Anggota::$Registerauth_model
#0 E:\perpus\app\Controllers\Anggota.php(33): CodeIgniter\Debug\Exceptions->errorHandler(8, 'Undefined prope...', 'E:\\perpus\\app\\C...', 33, Array)
#1 E:\perpus\vendor\codeigniter4\framework\system\CodeIgniter.php(918): App\Controllers\Anggota->add_new()
#2 E:\perpus\vendor\codeigniter4\framework\system\CodeIgniter.php(404): CodeIgniter\CodeIgniter->runController(Object(App\Controllers\Anggota))
#3 E:\perpus\vendor\codeigniter4\framework\system\CodeIgniter.php(312): CodeIgniter\CodeIgniter->handleRequest(NULL, Object(Config\Cache), false)
#4 E:\perpus\public\index.php(45): CodeIgniter\CodeIgniter->run()
#5 E:\perpus\vendor\codeigniter4\framework\system\Commands\Server\rewrite.php(34): require_once('E:\\perpus\\publi...')
#6 {main}
CRITICAL - 2021-01-11 22:31:53 --> Undefined property: App\Controllers\Anggota::$Registerauth_model
#0 E:\perpus\app\Controllers\Anggota.php(33): CodeIgniter\Debug\Exceptions->errorHandler(8, 'Undefined prope...', 'E:\\perpus\\app\\C...', 33, Array)
#1 E:\perpus\vendor\codeigniter4\framework\system\CodeIgniter.php(918): App\Controllers\Anggota->add_new()
#2 E:\perpus\vendor\codeigniter4\framework\system\CodeIgniter.php(404): CodeIgniter\CodeIgniter->runController(Object(App\Controllers\Anggota))
#3 E:\perpus\vendor\codeigniter4\framework\system\CodeIgniter.php(312): CodeIgniter\CodeIgniter->handleRequest(NULL, Object(Config\Cache), false)
#4 E:\perpus\public\index.php(45): CodeIgniter\CodeIgniter->run()
#5 E:\perpus\vendor\codeigniter4\framework\system\Commands\Server\rewrite.php(34): require_once('E:\\perpus\\publi...')
#6 {main}
CRITICAL - 2021-01-11 22:35:23 --> strpos() expects parameter 1 to be string, array given
#0 [internal function]: CodeIgniter\Debug\Exceptions->errorHandler(2, 'strpos() expect...', 'E:\\perpus\\vendo...', 595, Array)
#1 E:\perpus\vendor\codeigniter4\framework\system\Database\BaseBuilder.php(595): strpos(Array, ',')
#2 E:\perpus\vendor\codeigniter4\framework\system\Database\BaseBuilder.php(288): CodeIgniter\Database\BaseBuilder->from(Object(CodeIgniter\Database\MySQLi\Builder))
#3 E:\perpus\vendor\codeigniter4\framework\system\Database\BaseConnection.php(977): CodeIgniter\Database\BaseBuilder->__construct(Object(CodeIgniter\Database\MySQLi\Builder), Object(CodeIgniter\Database\MySQLi\Connection))
#4 E:\perpus\app\Models\Anggota_model.php(30): CodeIgniter\Database\BaseConnection->table(Object(CodeIgniter\Database\MySQLi\Builder))
#5 E:\perpus\app\Controllers\Anggota.php(56): App\Models\Anggota_model->saveAnggota(Array)
#6 E:\perpus\vendor\codeigniter4\framework\system\CodeIgniter.php(918): App\Controllers\Anggota->save()
#7 E:\perpus\vendor\codeigniter4\framework\system\CodeIgniter.php(404): CodeIgniter\CodeIgniter->runController(Object(App\Controllers\Anggota))
#8 E:\perpus\vendor\codeigniter4\framework\system\CodeIgniter.php(312): CodeIgniter\CodeIgniter->handleRequest(NULL, Object(Config\Cache), false)
#9 E:\perpus\public\index.php(45): CodeIgniter\CodeIgniter->run()
#10 E:\perpus\vendor\codeigniter4\framework\system\Commands\Server\rewrite.php(34): require_once('E:\\perpus\\publi...')
#11 {main}
CRITICAL - 2021-01-11 22:44:13 --> Undefined property: App\Controllers\Anggota::$validate
#0 E:\perpus\app\Controllers\Anggota.php(47): CodeIgniter\Debug\Exceptions->errorHandler(8, 'Undefined prope...', 'E:\\perpus\\app\\C...', 47, Array)
#1 E:\perpus\vendor\codeigniter4\framework\system\CodeIgniter.php(918): App\Controllers\Anggota->save()
#2 E:\perpus\vendor\codeigniter4\framework\system\CodeIgniter.php(404): CodeIgniter\CodeIgniter->runController(Object(App\Controllers\Anggota))
#3 E:\perpus\vendor\codeigniter4\framework\system\CodeIgniter.php(312): CodeIgniter\CodeIgniter->handleRequest(NULL, Object(Config\Cache), false)
#4 E:\perpus\public\index.php(45): CodeIgniter\CodeIgniter->run()
#5 E:\perpus\vendor\codeigniter4\framework\system\Commands\Server\rewrite.php(34): require_once('E:\\perpus\\publi...')
#6 {main}
CRITICAL - 2021-01-11 22:45:01 --> Undefined property: App\Controllers\Anggota::$validate
#0 E:\perpus\app\Controllers\Anggota.php(47): CodeIgniter\Debug\Exceptions->errorHandler(8, 'Undefined prope...', 'E:\\perpus\\app\\C...', 47, Array)
#1 E:\perpus\vendor\codeigniter4\framework\system\CodeIgniter.php(918): App\Controllers\Anggota->save()
#2 E:\perpus\vendor\codeigniter4\framework\system\CodeIgniter.php(404): CodeIgniter\CodeIgniter->runController(Object(App\Controllers\Anggota))
#3 E:\perpus\vendor\codeigniter4\framework\system\CodeIgniter.php(312): CodeIgniter\CodeIgniter->handleRequest(NULL, Object(Config\Cache), false)
#4 E:\perpus\public\index.php(45): CodeIgniter\CodeIgniter->run()
#5 E:\perpus\vendor\codeigniter4\framework\system\Commands\Server\rewrite.php(34): require_once('E:\\perpus\\publi...')
#6 {main}
CRITICAL - 2021-01-11 22:45:23 --> syntax error, unexpected '{', expecting '('
#0 E:\perpus\vendor\codeigniter4\framework\system\Router\Router.php(195): CodeIgniter\Router\Router->autoRoute('Anggota/save')
#1 E:\perpus\vendor\codeigniter4\framework\system\CodeIgniter.php(793): CodeIgniter\Router\Router->handle('Anggota/save')
#2 E:\perpus\vendor\codeigniter4\framework\system\CodeIgniter.php(364): CodeIgniter\CodeIgniter->tryToRouteIt(Object(CodeIgniter\Router\RouteCollection))
#3 E:\perpus\vendor\codeigniter4\framework\system\CodeIgniter.php(312): CodeIgniter\CodeIgniter->handleRequest(NULL, Object(Config\Cache), false)
#4 E:\perpus\public\index.php(45): CodeIgniter\CodeIgniter->run()
#5 E:\perpus\vendor\codeigniter4\framework\system\Commands\Server\rewrite.php(34): require_once('E:\\perpus\\publi...')
#6 {main}
CRITICAL - 2021-01-11 22:46:48 --> Too few arguments to function CodeIgniter\Controller::validate(), 0 passed in E:\perpus\app\Controllers\Anggota.php on line 47 and at least 1 expected
#0 E:\perpus\app\Controllers\Anggota.php(47): CodeIgniter\Controller->validate()
#1 E:\perpus\vendor\codeigniter4\framework\system\CodeIgniter.php(918): App\Controllers\Anggota->save()
#2 E:\perpus\vendor\codeigniter4\framework\system\CodeIgniter.php(404): CodeIgniter\CodeIgniter->runController(Object(App\Controllers\Anggota))
#3 E:\perpus\vendor\codeigniter4\framework\system\CodeIgniter.php(312): CodeIgniter\CodeIgniter->handleRequest(NULL, Object(Config\Cache), false)
#4 E:\perpus\public\index.php(45): CodeIgniter\CodeIgniter->run()
#5 E:\perpus\vendor\codeigniter4\framework\system\Commands\Server\rewrite.php(34): require_once('E:\\perpus\\publi...')
#6 {main}
CRITICAL - 2021-01-11 22:50:45 --> syntax error, unexpected 'public' (T_PUBLIC), expecting end of file
#0 E:\perpus\vendor\codeigniter4\framework\system\Router\Router.php(195): CodeIgniter\Router\Router->autoRoute('anggota/save')
#1 E:\perpus\vendor\codeigniter4\framework\system\CodeIgniter.php(793): CodeIgniter\Router\Router->handle('anggota/save')
#2 E:\perpus\vendor\codeigniter4\framework\system\CodeIgniter.php(364): CodeIgniter\CodeIgniter->tryToRouteIt(Object(CodeIgniter\Router\RouteCollection))
#3 E:\perpus\vendor\codeigniter4\framework\system\CodeIgniter.php(312): CodeIgniter\CodeIgniter->handleRequest(NULL, Object(Config\Cache), false)
#4 E:\perpus\public\index.php(45): CodeIgniter\CodeIgniter->run()
#5 E:\perpus\vendor\codeigniter4\framework\system\Commands\Server\rewrite.php(34): require_once('E:\\perpus\\publi...')
#6 {main}
CRITICAL - 2021-01-11 22:51:02 --> Undefined variable: file_gambar
#0 E:\perpus\app\Controllers\Anggota.php(57): CodeIgniter\Debug\Exceptions->errorHandler(8, 'Undefined varia...', 'E:\\perpus\\app\\C...', 57, Array)
#1 E:\perpus\vendor\codeigniter4\framework\system\CodeIgniter.php(918): App\Controllers\Anggota->save()
#2 E:\perpus\vendor\codeigniter4\framework\system\CodeIgniter.php(404): CodeIgniter\CodeIgniter->runController(Object(App\Controllers\Anggota))
#3 E:\perpus\vendor\codeigniter4\framework\system\CodeIgniter.php(312): CodeIgniter\CodeIgniter->handleRequest(NULL, Object(Config\Cache), false)
#4 E:\perpus\public\index.php(45): CodeIgniter\CodeIgniter->run()
#5 E:\perpus\vendor\codeigniter4\framework\system\Commands\Server\rewrite.php(34): require_once('E:\\perpus\\publi...')
#6 {main}
CRITICAL - 2021-01-11 22:53:59 --> syntax error, unexpected 'public' (T_PUBLIC), expecting end of file
#0 E:\perpus\vendor\codeigniter4\framework\system\Autoloader\Autoloader.php(296): CodeIgniter\Autoloader\Autoloader->requireFile('E:\\perpus\\app\\/...')
#1 E:\perpus\vendor\codeigniter4\framework\system\Autoloader\Autoloader.php(258): CodeIgniter\Autoloader\Autoloader->loadInNamespace('App\\Models\\Angg...')
#2 [internal function]: CodeIgniter\Autoloader\Autoloader->loadClass('App\\Models\\Angg...')
#3 E:\perpus\app\Controllers\Anggota.php(10): spl_autoload_call('App\\Models\\Angg...')
#4 E:\perpus\vendor\codeigniter4\framework\system\CodeIgniter.php(918): App\Controllers\Anggota->index()
#5 E:\perpus\vendor\codeigniter4\framework\system\CodeIgniter.php(404): CodeIgniter\CodeIgniter->runController(Object(App\Controllers\Anggota))
#6 E:\perpus\vendor\codeigniter4\framework\system\CodeIgniter.php(312): CodeIgniter\CodeIgniter->handleRequest(NULL, Object(Config\Cache), false)
#7 E:\perpus\public\index.php(45): CodeIgniter\CodeIgniter->run()
#8 E:\perpus\vendor\codeigniter4\framework\system\Commands\Server\rewrite.php(34): require_once('E:\\perpus\\publi...')
#9 {main}
